<?xml version="1.0" encoding="UTF-8"?>
<coverage generated="1780698097959" clover="3.2.0">
  <project timestamp="1780698097959" name="All files">
    <metrics statements="263" coveredstatements="160" conditionals="172" coveredconditionals="84" methods="50" coveredmethods="27" elements="485" coveredelements="271" complexity="0" loc="263" ncloc="263" packages="1" files="4" classes="4"/>
    <file name="background.js" path="/app/clean_adblock/background.js">
      <metrics statements="145" coveredstatements="44" conditionals="95" coveredconditionals="15" methods="30" coveredmethods="7"/>
      <line num="1" count="2" type="stmt"/>
      <line num="2" count="1" type="cond" truecount="4" falsecount="1"/>
      <line num="3" count="1" type="stmt"/>
      <line num="4" count="1" type="stmt"/>
      <line num="5" count="1" type="cond" truecount="1" falsecount="1"/>
      <line num="6" count="1" type="cond" truecount="1" falsecount="1"/>
      <line num="7" count="0" type="stmt"/>
      <line num="8" count="0" type="stmt"/>
      <line num="10" count="1" type="cond" truecount="1" falsecount="1"/>
      <line num="11" count="1" type="stmt"/>
      <line num="19" count="2" type="stmt"/>
      <line num="20" count="2" type="stmt"/>
      <line num="21" count="0" type="cond" truecount="0" falsecount="2"/>
      <line num="22" count="0" type="stmt"/>
      <line num="24" count="0" type="stmt"/>
      <line num="25" count="0" type="stmt"/>
      <line num="26" count="0" type="cond" truecount="0" falsecount="4"/>
      <line num="27" count="0" type="stmt"/>
      <line num="28" count="0" type="stmt"/>
      <line num="29" count="0" type="stmt"/>
      <line num="31" count="0" type="cond" truecount="0" falsecount="2"/>
      <line num="32" count="0" type="stmt"/>
      <line num="33" count="0" type="stmt"/>
      <line num="34" count="0" type="stmt"/>
      <line num="44" count="0" type="stmt"/>
      <line num="66" count="0" type="stmt"/>
      <line num="68" count="0" type="stmt"/>
      <line num="70" count="0" type="stmt"/>
      <line num="75" count="2" type="stmt"/>
      <line num="95" count="4" type="stmt"/>
      <line num="96" count="4" type="stmt"/>
      <line num="98" count="4" type="stmt"/>
      <line num="100" count="32" type="stmt"/>
      <line num="111" count="2" type="stmt"/>
      <line num="116" count="2" type="stmt"/>
      <line num="120" count="2" type="stmt"/>
      <line num="121" count="2" type="cond" truecount="1" falsecount="1"/>
      <line num="122" count="2" type="stmt"/>
      <line num="123" count="2" type="stmt"/>
      <line num="140" count="0" type="stmt"/>
      <line num="143" count="2" type="stmt"/>
      <line num="146" count="2" type="stmt"/>
      <line num="147" count="0" type="cond" truecount="0" falsecount="2"/>
      <line num="148" count="0" type="stmt"/>
      <line num="149" count="0" type="cond" truecount="0" falsecount="4"/>
      <line num="150" count="0" type="stmt"/>
      <line num="152" count="0" type="cond" truecount="0" falsecount="2"/>
      <line num="153" count="0" type="cond" truecount="0" falsecount="2"/>
      <line num="156" count="0" type="stmt"/>
      <line num="162" count="2" type="stmt"/>
      <line num="163" count="2" type="stmt"/>
      <line num="164" count="1" type="cond" truecount="1" falsecount="1"/>
      <line num="169" count="0" type="stmt"/>
      <line num="171" count="1" type="stmt"/>
      <line num="172" count="1" type="cond" truecount="1" falsecount="1"/>
      <line num="173" count="0" type="stmt"/>
      <line num="176" count="2" type="stmt"/>
      <line num="178" count="0" type="stmt"/>
      <line num="192" count="2" type="stmt"/>
      <line num="193" count="2" type="stmt"/>
      <line num="194" count="2" type="stmt"/>
      <line num="197" count="2" type="stmt"/>
      <line num="212" count="0" type="stmt"/>
      <line num="213" count="0" type="stmt"/>
      <line num="217" count="0" type="stmt"/>
      <line num="219" count="0" type="stmt"/>
      <line num="220" count="0" type="stmt"/>
      <line num="221" count="0" type="stmt"/>
      <line num="222" count="0" type="stmt"/>
      <line num="223" count="0" type="cond" truecount="0" falsecount="2"/>
      <line num="224" count="0" type="stmt"/>
      <line num="226" count="0" type="cond" truecount="0" falsecount="2"/>
      <line num="227" count="0" type="stmt"/>
      <line num="230" count="0" type="stmt"/>
      <line num="231" count="0" type="stmt"/>
      <line num="253" count="0" type="stmt"/>
      <line num="256" count="0" type="stmt"/>
      <line num="262" count="0" type="stmt"/>
      <line num="264" count="0" type="stmt"/>
      <line num="270" count="2" type="stmt"/>
      <line num="271" count="2" type="stmt"/>
      <line num="272" count="0" type="cond" truecount="0" falsecount="2"/>
      <line num="273" count="0" type="cond" truecount="0" falsecount="2"/>
      <line num="274" count="0" type="stmt"/>
      <line num="277" count="0" type="stmt"/>
      <line num="278" count="0" type="stmt"/>
      <line num="279" count="0" type="stmt"/>
      <line num="281" count="2" type="stmt"/>
      <line num="286" count="2" type="stmt"/>
      <line num="287" count="2" type="stmt"/>
      <line num="288" count="0" type="cond" truecount="0" falsecount="2"/>
      <line num="289" count="0" type="stmt"/>
      <line num="294" count="2" type="stmt"/>
      <line num="301" count="2" type="stmt"/>
      <line num="313" count="0" type="cond" truecount="0" falsecount="2"/>
      <line num="314" count="0" type="stmt"/>
      <line num="316" count="0" type="stmt"/>
      <line num="317" count="0" type="stmt"/>
      <line num="318" count="0" type="cond" truecount="0" falsecount="2"/>
      <line num="319" count="0" type="cond" truecount="0" falsecount="4"/>
      <line num="320" count="0" type="stmt"/>
      <line num="324" count="0" type="stmt"/>
      <line num="325" count="0" type="cond" truecount="0" falsecount="2"/>
      <line num="326" count="0" type="stmt"/>
      <line num="331" count="0" type="stmt"/>
      <line num="342" count="2" type="stmt"/>
      <line num="345" count="2" type="stmt"/>
      <line num="346" count="0" type="cond" truecount="0" falsecount="4"/>
      <line num="347" count="0" type="stmt"/>
      <line num="348" count="0" type="stmt"/>
      <line num="353" count="0" type="cond" truecount="0" falsecount="2"/>
      <line num="354" count="0" type="stmt"/>
      <line num="356" count="0" type="stmt"/>
      <line num="360" count="0" type="stmt"/>
      <line num="361" count="0" type="cond" truecount="0" falsecount="2"/>
      <line num="362" count="0" type="stmt"/>
      <line num="363" count="0" type="stmt"/>
      <line num="364" count="0" type="stmt"/>
      <line num="365" count="0" type="stmt"/>
      <line num="368" count="0" type="stmt"/>
      <line num="369" count="0" type="cond" truecount="0" falsecount="2"/>
      <line num="370" count="0" type="stmt"/>
      <line num="372" count="0" type="stmt"/>
      <line num="373" count="0" type="cond" truecount="0" falsecount="2"/>
      <line num="374" count="0" type="stmt"/>
      <line num="375" count="0" type="stmt"/>
      <line num="376" count="0" type="stmt"/>
      <line num="378" count="0" type="stmt"/>
      <line num="379" count="0" type="stmt"/>
      <line num="384" count="2" type="stmt"/>
      <line num="385" count="0" type="cond" truecount="0" falsecount="2"/>
      <line num="387" count="0" type="cond" truecount="0" falsecount="4"/>
      <line num="388" count="0" type="stmt"/>
      <line num="389" count="0" type="stmt"/>
      <line num="392" count="0" type="cond" truecount="0" falsecount="4"/>
      <line num="393" count="0" type="stmt"/>
      <line num="399" count="0" type="stmt"/>
      <line num="403" count="2" type="stmt"/>
      <line num="404" count="0" type="cond" truecount="0" falsecount="2"/>
      <line num="405" count="0" type="cond" truecount="0" falsecount="4"/>
      <line num="406" count="0" type="stmt"/>
      <line num="407" count="0" type="stmt"/>
      <line num="409" count="0" type="cond" truecount="0" falsecount="4"/>
      <line num="410" count="0" type="stmt"/>
      <line num="411" count="0" type="stmt"/>
    </file>
    <file name="cookie-popup-blocker-main.js" path="/app/clean_adblock/cookie-popup-blocker-main.js">
      <metrics statements="14" coveredstatements="14" conditionals="10" coveredconditionals="9" methods="4" coveredmethods="4"/>
      <line num="6" count="3" type="stmt"/>
      <line num="10" count="3" type="stmt"/>
      <line num="24" count="3" type="stmt"/>
      <line num="25" count="26" type="cond" truecount="4" falsecount="0"/>
      <line num="26" count="1" type="stmt"/>
      <line num="29" count="2" type="stmt"/>
      <line num="40" count="2" type="stmt"/>
      <line num="41" count="2" type="stmt"/>
      <line num="42" count="3" type="cond" truecount="3" falsecount="1"/>
      <line num="43" count="3" type="stmt"/>
      <line num="44" count="3" type="cond" truecount="2" falsecount="0"/>
      <line num="46" count="15" type="stmt"/>
      <line num="49" count="2" type="stmt"/>
      <line num="52" count="1" type="stmt"/>
    </file>
    <file name="picker.js" path="/app/clean_adblock/picker.js">
      <metrics statements="65" coveredstatements="63" conditionals="45" coveredconditionals="40" methods="8" coveredmethods="8"/>
      <line num="5" count="18" type="stmt"/>
      <line num="6" count="18" type="cond" truecount="4" falsecount="0"/>
      <line num="7" count="3" type="stmt"/>
      <line num="9" count="15" type="cond" truecount="2" falsecount="0"/>
      <line num="10" count="1" type="stmt"/>
      <line num="12" count="14" type="stmt"/>
      <line num="14" count="14" type="stmt"/>
      <line num="15" count="14" type="stmt"/>
      <line num="23" count="14" type="stmt"/>
      <line num="25" count="14" type="stmt"/>
      <line num="26" count="14" type="stmt"/>
      <line num="34" count="14" type="stmt"/>
      <line num="37" count="6" type="stmt"/>
      <line num="38" count="6" type="cond" truecount="4" falsecount="1"/>
      <line num="39" count="0" type="stmt"/>
      <line num="42" count="6" type="stmt"/>
      <line num="43" count="6" type="stmt"/>
      <line num="44" count="6" type="stmt"/>
      <line num="45" count="6" type="stmt"/>
      <line num="46" count="6" type="stmt"/>
      <line num="50" count="13" type="stmt"/>
      <line num="51" count="13" type="stmt"/>
      <line num="53" count="13" type="stmt"/>
      <line num="54" count="13" type="cond" truecount="4" falsecount="1"/>
      <line num="55" count="0" type="stmt"/>
      <line num="58" count="13" type="stmt"/>
      <line num="59" count="13" type="cond" truecount="1" falsecount="1"/>
      <line num="60" count="13" type="stmt"/>
      <line num="61" count="13" type="stmt"/>
      <line num="63" count="13" type="stmt"/>
      <line num="67" count="1" type="cond" truecount="1" falsecount="1"/>
      <line num="68" count="1" type="stmt"/>
      <line num="73" count="13" type="cond" truecount="2" falsecount="0"/>
      <line num="74" count="5" type="stmt"/>
      <line num="76" count="8" type="cond" truecount="4" falsecount="0"/>
      <line num="77" count="1" type="stmt"/>
      <line num="78" count="1" type="cond" truecount="1" falsecount="1"/>
      <line num="79" count="1" type="stmt"/>
      <line num="82" count="7" type="stmt"/>
      <line num="86" count="13" type="cond" truecount="5" falsecount="0"/>
      <line num="87" count="1" type="stmt"/>
      <line num="89" count="12" type="stmt"/>
      <line num="90" count="12" type="stmt"/>
      <line num="91" count="12" type="stmt"/>
      <line num="92" count="7" type="stmt"/>
      <line num="93" count="7" type="cond" truecount="2" falsecount="0"/>
      <line num="98" count="1" type="stmt"/>
      <line num="100" count="6" type="cond" truecount="2" falsecount="0"/>
      <line num="101" count="6" type="cond" truecount="2" falsecount="0"/>
      <line num="102" count="5" type="stmt"/>
      <line num="104" count="6" type="cond" truecount="2" falsecount="0"/>
      <line num="105" count="5" type="stmt"/>
      <line num="106" count="5" type="stmt"/>
      <line num="109" count="1" type="stmt"/>
      <line num="113" count="1" type="stmt"/>
      <line num="118" count="14" type="stmt"/>
      <line num="119" count="14" type="stmt"/>
      <line num="120" count="14" type="stmt"/>
      <line num="121" count="14" type="stmt"/>
      <line num="122" count="14" type="stmt"/>
      <line num="123" count="14" type="stmt"/>
      <line num="126" count="14" type="stmt"/>
      <line num="127" count="14" type="stmt"/>
      <line num="128" count="14" type="stmt"/>
      <line num="130" count="14" type="stmt"/>
    </file>
    <file name="x-twitter-bird.js" path="/app/clean_adblock/x-twitter-bird.js">
      <metrics statements="39" coveredstatements="39" conditionals="22" coveredconditionals="20" methods="8" coveredmethods="8"/>
      <line num="8" count="6" type="stmt"/>
      <line num="13" count="6" type="stmt"/>
      <line num="16" count="6" type="stmt"/>
      <line num="17" count="6" type="stmt"/>
      <line num="20" count="6" type="stmt"/>
      <line num="25" count="6" type="stmt"/>
      <line num="26" count="6" type="stmt"/>
      <line num="29" count="12" type="stmt"/>
      <line num="47" count="6" type="stmt"/>
      <line num="48" count="6" type="cond" truecount="2" falsecount="0"/>
      <line num="52" count="25" type="cond" truecount="4" falsecount="0"/>
      <line num="53" count="1" type="stmt"/>
      <line num="56" count="24" type="stmt"/>
      <line num="59" count="24" type="stmt"/>
      <line num="61" count="24" type="stmt"/>
      <line num="62" count="29" type="cond" truecount="2" falsecount="0"/>
      <line num="63" count="1" type="stmt"/>
      <line num="64" count="1" type="stmt"/>
      <line num="68" count="24" type="cond" truecount="4" falsecount="0"/>
      <line num="69" count="4" type="cond" truecount="1" falsecount="1"/>
      <line num="70" count="4" type="cond" truecount="1" falsecount="1"/>
      <line num="71" count="4" type="stmt"/>
      <line num="72" count="4" type="stmt"/>
      <line num="73" count="4" type="stmt"/>
      <line num="74" count="4" type="stmt"/>
      <line num="80" count="25" type="cond" truecount="2" falsecount="0"/>
      <line num="81" count="1" type="stmt"/>
      <line num="82" count="24" type="cond" truecount="2" falsecount="0"/>
      <line num="83" count="1" type="stmt"/>
      <line num="88" count="6" type="stmt"/>
      <line num="91" count="6" type="stmt"/>
      <line num="92" count="6" type="stmt"/>
      <line num="95" count="6" type="stmt"/>
      <line num="96" count="19" type="stmt"/>
      <line num="97" count="19" type="stmt"/>
      <line num="100" count="6" type="cond" truecount="2" falsecount="0"/>
      <line num="101" count="5" type="stmt"/>
      <line num="103" count="1" type="stmt"/>
      <line num="104" count="1" type="stmt"/>
    </file>
  </project>
</coverage>
