<?xml version="1.0" encoding="UTF-8"?>
<coverage generated="1780697333993" clover="3.2.0">
  <project timestamp="1780697333993" name="All files">
    <metrics statements="255" coveredstatements="251" conditionals="168" coveredconditionals="143" methods="50" coveredmethods="50" elements="473" coveredelements="444" complexity="0" loc="255" ncloc="255" packages="1" files="4" classes="4"/>
    <file name="background.js" path="/app/clean_adblock/background.js">
      <metrics statements="137" coveredstatements="137" conditionals="91" coveredconditionals="78" methods="30" coveredmethods="30"/>
      <line num="1" count="34" type="stmt"/>
      <line num="2" count="35" type="cond" truecount="4" falsecount="1"/>
      <line num="3" count="35" type="stmt"/>
      <line num="4" count="35" type="stmt"/>
      <line num="5" count="35" type="cond" truecount="2" falsecount="0"/>
      <line num="6" count="35" type="cond" truecount="2" falsecount="0"/>
      <line num="7" count="2" type="stmt"/>
      <line num="8" count="2" type="stmt"/>
      <line num="10" count="33" type="cond" truecount="1" falsecount="1"/>
      <line num="11" count="31" type="stmt"/>
      <line num="19" count="34" type="stmt"/>
      <line num="20" count="34" type="stmt"/>
      <line num="21" count="32" type="cond" truecount="2" falsecount="0"/>
      <line num="22" count="3" type="stmt"/>
      <line num="24" count="29" type="stmt"/>
      <line num="25" count="29" type="stmt"/>
      <line num="26" count="29" type="cond" truecount="3" falsecount="1"/>
      <line num="27" count="29" type="stmt"/>
      <line num="28" count="28" type="stmt"/>
      <line num="29" count="28" type="stmt"/>
      <line num="31" count="28" type="cond" truecount="1" falsecount="1"/>
      <line num="32" count="28" type="stmt"/>
      <line num="33" count="28" type="stmt"/>
      <line num="34" count="28" type="stmt"/>
      <line num="44" count="28" type="stmt"/>
      <line num="66" count="28" type="stmt"/>
      <line num="68" count="2" type="stmt"/>
      <line num="70" count="29" type="stmt"/>
      <line num="75" count="34" type="stmt"/>
      <line num="95" count="35" type="stmt"/>
      <line num="96" count="35" type="stmt"/>
      <line num="98" count="34" type="stmt"/>
      <line num="100" count="544" type="stmt"/>
      <line num="111" count="34" type="stmt"/>
      <line num="116" count="2" type="stmt"/>
      <line num="120" count="34" type="stmt"/>
      <line num="121" count="3" type="cond" truecount="1" falsecount="1"/>
      <line num="122" count="3" type="stmt"/>
      <line num="123" count="3" type="stmt"/>
      <line num="140" count="1" type="stmt"/>
      <line num="143" count="3" type="stmt"/>
      <line num="146" count="34" type="stmt"/>
      <line num="147" count="5" type="cond" truecount="1" falsecount="1"/>
      <line num="148" count="5" type="stmt"/>
      <line num="149" count="5" type="cond" truecount="4" falsecount="0"/>
      <line num="150" count="3" type="stmt"/>
      <line num="152" count="4" type="cond" truecount="2" falsecount="0"/>
      <line num="153" count="3" type="cond" truecount="1" falsecount="1"/>
      <line num="156" count="1" type="stmt"/>
      <line num="162" count="34" type="stmt"/>
      <line num="163" count="34" type="stmt"/>
      <line num="164" count="33" type="cond" truecount="2" falsecount="0"/>
      <line num="169" count="1" type="stmt"/>
      <line num="171" count="32" type="stmt"/>
      <line num="172" count="31" type="cond" truecount="2" falsecount="0"/>
      <line num="173" count="29" type="stmt"/>
      <line num="176" count="32" type="stmt"/>
      <line num="178" count="2" type="stmt"/>
      <line num="192" count="34" type="stmt"/>
      <line num="193" count="34" type="stmt"/>
      <line num="194" count="34" type="stmt"/>
      <line num="197" count="34" type="stmt"/>
      <line num="212" count="101" type="stmt"/>
      <line num="213" count="106" type="stmt"/>
      <line num="217" count="33" type="stmt"/>
      <line num="219" count="33" type="stmt"/>
      <line num="220" count="66" type="stmt"/>
      <line num="221" count="66" type="stmt"/>
      <line num="222" count="66" type="stmt"/>
      <line num="223" count="68" type="cond" truecount="4" falsecount="0"/>
      <line num="224" count="66" type="stmt"/>
      <line num="225" count="66" type="stmt"/>
      <line num="248" count="33" type="stmt"/>
      <line num="251" count="33" type="stmt"/>
      <line num="257" count="32" type="stmt"/>
      <line num="259" count="1" type="stmt"/>
      <line num="265" count="35" type="stmt"/>
      <line num="266" count="35" type="stmt"/>
      <line num="267" count="33" type="cond" truecount="2" falsecount="0"/>
      <line num="268" count="33" type="cond" truecount="1" falsecount="1"/>
      <line num="269" count="33" type="stmt"/>
      <line num="270" count="33" type="stmt"/>
      <line num="271" count="33" type="stmt"/>
      <line num="274" count="2" type="stmt"/>
      <line num="279" count="34" type="stmt"/>
      <line num="280" count="34" type="stmt"/>
      <line num="281" count="1" type="cond" truecount="1" falsecount="1"/>
      <line num="282" count="1" type="stmt"/>
      <line num="287" count="34" type="stmt"/>
      <line num="294" count="34" type="stmt"/>
      <line num="306" count="12" type="stmt"/>
      <line num="307" count="12" type="stmt"/>
      <line num="308" count="11" type="cond" truecount="2" falsecount="0"/>
      <line num="309" count="3" type="cond" truecount="3" falsecount="1"/>
      <line num="310" count="3" type="stmt"/>
      <line num="314" count="8" type="stmt"/>
      <line num="315" count="43" type="cond" truecount="2" falsecount="0"/>
      <line num="316" count="3" type="stmt"/>
      <line num="321" count="6" type="stmt"/>
      <line num="332" count="34" type="stmt"/>
      <line num="335" count="34" type="stmt"/>
      <line num="336" count="1" type="cond" truecount="3" falsecount="1"/>
      <line num="337" count="1" type="stmt"/>
      <line num="338" count="1" type="stmt"/>
      <line num="343" count="6" type="stmt"/>
      <line num="347" count="5" type="stmt"/>
      <line num="348" count="5" type="cond" truecount="2" falsecount="0"/>
      <line num="349" count="1" type="stmt"/>
      <line num="350" count="1" type="stmt"/>
      <line num="351" count="1" type="stmt"/>
      <line num="352" count="1" type="stmt"/>
      <line num="355" count="4" type="stmt"/>
      <line num="356" count="4" type="cond" truecount="2" falsecount="0"/>
      <line num="357" count="1" type="stmt"/>
      <line num="359" count="3" type="stmt"/>
      <line num="360" count="3" type="cond" truecount="2" falsecount="0"/>
      <line num="361" count="2" type="stmt"/>
      <line num="362" count="2" type="stmt"/>
      <line num="363" count="2" type="stmt"/>
      <line num="365" count="1" type="stmt"/>
      <line num="366" count="1" type="stmt"/>
      <line num="371" count="34" type="stmt"/>
      <line num="372" count="10" type="cond" truecount="2" falsecount="0"/>
      <line num="374" count="10" type="cond" truecount="4" falsecount="0"/>
      <line num="375" count="4" type="stmt"/>
      <line num="376" count="4" type="stmt"/>
      <line num="379" count="6" type="cond" truecount="4" falsecount="0"/>
      <line num="380" count="4" type="stmt"/>
      <line num="386" count="4" type="stmt"/>
      <line num="390" count="34" type="stmt"/>
      <line num="391" count="3" type="cond" truecount="2" falsecount="0"/>
      <line num="392" count="3" type="cond" truecount="4" falsecount="0"/>
      <line num="393" count="2" type="stmt"/>
      <line num="394" count="2" type="stmt"/>
      <line num="396" count="1" type="cond" truecount="3" falsecount="1"/>
      <line num="397" count="1" type="stmt"/>
      <line num="398" count="1" type="stmt"/>
    </file>
    <file name="cookie-popup-blocker-main.js" path="/app/clean_adblock/cookie-popup-blocker-main.js">
      <metrics statements="14" coveredstatements="14" conditionals="10" coveredconditionals="10" methods="4" coveredmethods="4"/>
      <line num="6" count="5" type="stmt"/>
      <line num="10" count="5" type="stmt"/>
      <line num="23" count="5" type="stmt"/>
      <line num="24" count="46" type="cond" truecount="4" falsecount="0"/>
      <line num="25" count="1" type="stmt"/>
      <line num="28" count="4" type="stmt"/>
      <line num="39" count="4" type="stmt"/>
      <line num="40" count="4" type="stmt"/>
      <line num="41" count="5" type="cond" truecount="4" falsecount="0"/>
      <line num="42" count="3" type="stmt"/>
      <line num="43" count="3" type="cond" truecount="2" falsecount="0"/>
      <line num="45" count="15" type="stmt"/>
      <line num="48" count="2" type="stmt"/>
      <line num="51" count="3" type="stmt"/>
    </file>
    <file name="picker.js" path="/app/clean_adblock/picker.js">
      <metrics statements="65" coveredstatements="61" conditionals="45" coveredconditionals="34" methods="8" coveredmethods="8"/>
      <line num="5" count="13" type="stmt"/>
      <line num="6" count="13" type="cond" truecount="4" falsecount="0"/>
      <line num="7" count="2" type="stmt"/>
      <line num="9" count="11" type="cond" truecount="2" falsecount="0"/>
      <line num="10" count="1" type="stmt"/>
      <line num="12" count="10" type="stmt"/>
      <line num="14" count="10" type="stmt"/>
      <line num="15" count="10" type="stmt"/>
      <line num="23" count="10" type="stmt"/>
      <line num="25" count="10" type="stmt"/>
      <line num="26" count="10" type="stmt"/>
      <line num="34" count="10" type="stmt"/>
      <line num="37" count="2" type="stmt"/>
      <line num="38" count="2" type="cond" truecount="4" falsecount="1"/>
      <line num="39" count="0" type="stmt"/>
      <line num="42" count="2" type="stmt"/>
      <line num="43" count="2" type="stmt"/>
      <line num="44" count="2" type="stmt"/>
      <line num="45" count="2" type="stmt"/>
      <line num="46" count="2" type="stmt"/>
      <line num="50" count="9" type="stmt"/>
      <line num="51" count="9" type="stmt"/>
      <line num="53" count="9" type="stmt"/>
      <line num="54" count="9" type="cond" truecount="4" falsecount="1"/>
      <line num="55" count="0" type="stmt"/>
      <line num="58" count="9" type="stmt"/>
      <line num="59" count="9" type="cond" truecount="1" falsecount="1"/>
      <line num="60" count="9" type="stmt"/>
      <line num="61" count="9" type="stmt"/>
      <line num="63" count="9" type="stmt"/>
      <line num="67" count="1" type="cond" truecount="1" falsecount="1"/>
      <line num="68" count="1" type="stmt"/>
      <line num="73" count="9" type="cond" truecount="2" falsecount="0"/>
      <line num="74" count="3" type="stmt"/>
      <line num="76" count="6" type="cond" truecount="4" falsecount="0"/>
      <line num="77" count="1" type="stmt"/>
      <line num="78" count="1" type="cond" truecount="1" falsecount="1"/>
      <line num="79" count="1" type="stmt"/>
      <line num="82" count="5" type="stmt"/>
      <line num="86" count="9" type="cond" truecount="4" falsecount="1"/>
      <line num="87" count="0" type="stmt"/>
      <line num="89" count="9" type="stmt"/>
      <line num="90" count="9" type="stmt"/>
      <line num="91" count="9" type="stmt"/>
      <line num="92" count="7" type="stmt"/>
      <line num="93" count="7" type="cond" truecount="1" falsecount="1"/>
      <line num="98" count="0" type="stmt"/>
      <line num="100" count="7" type="cond" truecount="1" falsecount="1"/>
      <line num="101" count="6" type="cond" truecount="1" falsecount="1"/>
      <line num="102" count="6" type="stmt"/>
      <line num="104" count="6" type="cond" truecount="1" falsecount="1"/>
      <line num="105" count="6" type="stmt"/>
      <line num="106" count="6" type="stmt"/>
      <line num="109" count="1" type="stmt"/>
      <line num="113" count="2" type="stmt"/>
      <line num="118" count="10" type="stmt"/>
      <line num="119" count="10" type="stmt"/>
      <line num="120" count="10" type="stmt"/>
      <line num="121" count="10" type="stmt"/>
      <line num="122" count="10" type="stmt"/>
      <line num="123" count="10" type="stmt"/>
      <line num="126" count="10" type="stmt"/>
      <line num="127" count="10" type="stmt"/>
      <line num="128" count="10" type="stmt"/>
      <line num="130" count="10" type="stmt"/>
    </file>
    <file name="x-twitter-bird.js" path="/app/clean_adblock/x-twitter-bird.js">
      <metrics statements="39" coveredstatements="39" conditionals="22" coveredconditionals="21" methods="8" coveredmethods="8"/>
      <line num="8" count="6" type="stmt"/>
      <line num="13" count="6" type="stmt"/>
      <line num="16" count="6" type="stmt"/>
      <line num="17" count="6" type="stmt"/>
      <line num="20" count="6" type="stmt"/>
      <line num="25" count="6" type="stmt"/>
      <line num="26" count="6" type="stmt"/>
      <line num="29" count="12" type="stmt"/>
      <line num="47" count="6" type="stmt"/>
      <line num="48" count="6" type="cond" truecount="2" falsecount="0"/>
      <line num="52" count="36" type="cond" truecount="4" falsecount="0"/>
      <line num="53" count="5" type="stmt"/>
      <line num="56" count="31" type="stmt"/>
      <line num="59" count="31" type="stmt"/>
      <line num="61" count="31" type="stmt"/>
      <line num="62" count="28" type="cond" truecount="2" falsecount="0"/>
      <line num="63" count="1" type="stmt"/>
      <line num="64" count="1" type="stmt"/>
      <line num="68" count="31" type="cond" truecount="4" falsecount="0"/>
      <line num="69" count="7" type="cond" truecount="2" falsecount="0"/>
      <line num="70" count="7" type="cond" truecount="1" falsecount="1"/>
      <line num="71" count="7" type="stmt"/>
      <line num="72" count="7" type="stmt"/>
      <line num="73" count="7" type="stmt"/>
      <line num="74" count="7" type="stmt"/>
      <line num="80" count="36" type="cond" truecount="2" falsecount="0"/>
      <line num="81" count="1" type="stmt"/>
      <line num="82" count="35" type="cond" truecount="2" falsecount="0"/>
      <line num="83" count="1" type="stmt"/>
      <line num="88" count="6" type="stmt"/>
      <line num="91" count="6" type="stmt"/>
      <line num="92" count="6" type="stmt"/>
      <line num="95" count="6" type="stmt"/>
      <line num="96" count="30" type="stmt"/>
      <line num="97" count="30" type="stmt"/>
      <line num="100" count="6" type="cond" truecount="2" falsecount="0"/>
      <line num="101" count="5" type="stmt"/>
      <line num="103" count="1" type="stmt"/>
      <line num="104" count="1" type="stmt"/>
    </file>
  </project>
</coverage>
