{"/app/clean_adblock/background.js": {"path":"/app/clean_adblock/background.js","statementMap":{"0":{"start":{"line":1,"column":20},"end":{"line":17,"column":1}},"1":{"start":{"line":2,"column":2},"end":{"line":16,"column":3}},"2":{"start":{"line":3,"column":4},"end":{"line":15,"column":7}},"3":{"start":{"line":4,"column":24},"end":{"line":4,"column":47}},"4":{"start":{"line":5,"column":19},"end":{"line":5,"column":44}},"5":{"start":{"line":6,"column":6},"end":{"line":14,"column":7}},"6":{"start":{"line":7,"column":8},"end":{"line":7,"column":52}},"7":{"start":{"line":8,"column":8},"end":{"line":8,"column":68}},"8":{"start":{"line":10,"column":8},"end":{"line":10,"column":76}},"9":{"start":{"line":11,"column":8},"end":{"line":13,"column":11}},"10":{"start":{"line":19,"column":22},"end":{"line":19,"column":27}},"11":{"start":{"line":20,"column":28},"end":{"line":72,"column":1}},"12":{"start":{"line":21,"column":2},"end":{"line":23,"column":3}},"13":{"start":{"line":22,"column":4},"end":{"line":22,"column":11}},"14":{"start":{"line":24,"column":2},"end":{"line":24,"column":25}},"15":{"start":{"line":25,"column":2},"end":{"line":71,"column":3}},"16":{"start":{"line":26,"column":24},"end":{"line":26,"column":89}},"17":{"start":{"line":26,"column":75},"end":{"line":26,"column":88}},"18":{"start":{"line":27,"column":26},"end":{"line":27,"column":78}},"19":{"start":{"line":28,"column":26},"end":{"line":28,"column":56}},"20":{"start":{"line":28,"column":51},"end":{"line":28,"column":55}},"21":{"start":{"line":29,"column":21},"end":{"line":29,"column":23}},"22":{"start":{"line":31,"column":4},"end":{"line":64,"column":5}},"23":{"start":{"line":32,"column":6},"end":{"line":63,"column":9}},"24":{"start":{"line":33,"column":23},"end":{"line":33,"column":32}},"25":{"start":{"line":34,"column":8},"end":{"line":43,"column":11}},"26":{"start":{"line":44,"column":8},"end":{"line":62,"column":11}},"27":{"start":{"line":66,"column":4},"end":{"line":66,"column":87}},"28":{"start":{"line":68,"column":4},"end":{"line":68,"column":42}},"29":{"start":{"line":70,"column":4},"end":{"line":70,"column":28}},"30":{"start":{"line":75,"column":27},"end":{"line":92,"column":1}},"31":{"start":{"line":95,"column":2},"end":{"line":117,"column":3}},"32":{"start":{"line":96,"column":26},"end":{"line":96,"column":78}},"33":{"start":{"line":98,"column":22},"end":{"line":98,"column":80}},"34":{"start":{"line":98,"column":50},"end":{"line":98,"column":62}},"35":{"start":{"line":98,"column":75},"end":{"line":98,"column":79}},"36":{"start":{"line":100,"column":21},"end":{"line":109,"column":7}},"37":{"start":{"line":100,"column":60},"end":{"line":109,"column":5}},"38":{"start":{"line":111,"column":4},"end":{"line":114,"column":7}},"39":{"start":{"line":116,"column":4},"end":{"line":116,"column":58}},"40":{"start":{"line":120,"column":0},"end":{"line":144,"column":3}},"41":{"start":{"line":121,"column":2},"end":{"line":142,"column":3}},"42":{"start":{"line":122,"column":4},"end":{"line":141,"column":5}},"43":{"start":{"line":123,"column":6},"end":{"line":138,"column":9}},"44":{"start":{"line":140,"column":6},"end":{"line":140,"column":69}},"45":{"start":{"line":143,"column":2},"end":{"line":143,"column":27}},"46":{"start":{"line":146,"column":0},"end":{"line":159,"column":3}},"47":{"start":{"line":147,"column":2},"end":{"line":158,"column":3}},"48":{"start":{"line":148,"column":4},"end":{"line":157,"column":5}},"49":{"start":{"line":149,"column":6},"end":{"line":151,"column":7}},"50":{"start":{"line":150,"column":8},"end":{"line":150,"column":22}},"51":{"start":{"line":152,"column":6},"end":{"line":154,"column":7}},"52":{"start":{"line":153,"column":8},"end":{"line":153,"column":62}},"53":{"start":{"line":156,"column":6},"end":{"line":156,"column":71}},"54":{"start":{"line":162,"column":0},"end":{"line":179,"column":1}},"55":{"start":{"line":163,"column":2},"end":{"line":175,"column":5}},"56":{"start":{"line":164,"column":4},"end":{"line":170,"column":5}},"57":{"start":{"line":169,"column":6},"end":{"line":169,"column":13}},"58":{"start":{"line":171,"column":4},"end":{"line":171,"column":18}},"59":{"start":{"line":172,"column":4},"end":{"line":174,"column":5}},"60":{"start":{"line":173,"column":6},"end":{"line":173,"column":43}},"61":{"start":{"line":176,"column":2},"end":{"line":176,"column":27}},"62":{"start":{"line":178,"column":2},"end":{"line":178,"column":64}},"63":{"start":{"line":192,"column":29},"end":{"line":192,"column":70}},"64":{"start":{"line":193,"column":35},"end":{"line":193,"column":37}},"65":{"start":{"line":194,"column":27},"end":{"line":194,"column":29}},"66":{"start":{"line":197,"column":29},"end":{"line":209,"column":1}},"67":{"start":{"line":212,"column":16},"end":{"line":212,"column":34}},"68":{"start":{"line":213,"column":2},"end":{"line":213,"column":61}},"69":{"start":{"line":213,"column":42},"end":{"line":213,"column":59}},"70":{"start":{"line":217,"column":21},"end":{"line":217,"column":71}},"71":{"start":{"line":219,"column":2},"end":{"line":249,"column":3}},"72":{"start":{"line":220,"column":4},"end":{"line":248,"column":5}},"73":{"start":{"line":221,"column":22},"end":{"line":221,"column":61}},"74":{"start":{"line":222,"column":6},"end":{"line":245,"column":7}},"75":{"start":{"line":223,"column":8},"end":{"line":225,"column":9}},"76":{"start":{"line":224,"column":10},"end":{"line":224,"column":19}},"77":{"start":{"line":226,"column":8},"end":{"line":228,"column":9}},"78":{"start":{"line":227,"column":10},"end":{"line":227,"column":19}},"79":{"start":{"line":230,"column":8},"end":{"line":244,"column":9}},"80":{"start":{"line":231,"column":10},"end":{"line":241,"column":13}},"81":{"start":{"line":253,"column":2},"end":{"line":265,"column":3}},"82":{"start":{"line":256,"column":17},"end":{"line":261,"column":6}},"83":{"start":{"line":262,"column":4},"end":{"line":262,"column":71}},"84":{"start":{"line":264,"column":4},"end":{"line":264,"column":70}},"85":{"start":{"line":270,"column":2},"end":{"line":282,"column":3}},"86":{"start":{"line":271,"column":20},"end":{"line":271,"column":79}},"87":{"start":{"line":272,"column":20},"end":{"line":272,"column":72}},"88":{"start":{"line":272,"column":40},"end":{"line":272,"column":71}},"89":{"start":{"line":273,"column":4},"end":{"line":275,"column":5}},"90":{"start":{"line":274,"column":6},"end":{"line":274,"column":13}},"91":{"start":{"line":277,"column":4},"end":{"line":277,"column":26}},"92":{"start":{"line":278,"column":4},"end":{"line":278,"column":22}},"93":{"start":{"line":279,"column":4},"end":{"line":279,"column":58}},"94":{"start":{"line":281,"column":4},"end":{"line":281,"column":54}},"95":{"start":{"line":286,"column":0},"end":{"line":286,"column":90}},"96":{"start":{"line":287,"column":0},"end":{"line":291,"column":3}},"97":{"start":{"line":288,"column":2},"end":{"line":290,"column":3}},"98":{"start":{"line":289,"column":4},"end":{"line":289,"column":23}},"99":{"start":{"line":294,"column":0},"end":{"line":294,"column":19}},"100":{"start":{"line":301,"column":36},"end":{"line":310,"column":1}},"101":{"start":{"line":313,"column":2},"end":{"line":315,"column":3}},"102":{"start":{"line":314,"column":4},"end":{"line":314,"column":17}},"103":{"start":{"line":316,"column":2},"end":{"line":330,"column":3}},"104":{"start":{"line":317,"column":19},"end":{"line":317,"column":31}},"105":{"start":{"line":318,"column":4},"end":{"line":322,"column":5}},"106":{"start":{"line":319,"column":6},"end":{"line":321,"column":7}},"107":{"start":{"line":320,"column":8},"end":{"line":320,"column":20}},"108":{"start":{"line":324,"column":22},"end":{"line":324,"column":51}},"109":{"start":{"line":325,"column":4},"end":{"line":327,"column":5}},"110":{"start":{"line":325,"column":48},"end":{"line":325,"column":69}},"111":{"start":{"line":326,"column":6},"end":{"line":326,"column":18}},"112":{"start":{"line":331,"column":2},"end":{"line":331,"column":15}},"113":{"start":{"line":342,"column":29},"end":{"line":342,"column":33}},"114":{"start":{"line":345,"column":0},"end":{"line":350,"column":3}},"115":{"start":{"line":346,"column":2},"end":{"line":349,"column":3}},"116":{"start":{"line":347,"column":4},"end":{"line":347,"column":37}},"117":{"start":{"line":348,"column":4},"end":{"line":348,"column":68}},"118":{"start":{"line":353,"column":2},"end":{"line":355,"column":3}},"119":{"start":{"line":354,"column":4},"end":{"line":354,"column":17}},"120":{"start":{"line":356,"column":2},"end":{"line":356,"column":46}},"121":{"start":{"line":360,"column":15},"end":{"line":360,"column":37}},"122":{"start":{"line":361,"column":2},"end":{"line":366,"column":3}},"123":{"start":{"line":362,"column":4},"end":{"line":362,"column":70}},"124":{"start":{"line":363,"column":4},"end":{"line":363,"column":45}},"125":{"start":{"line":364,"column":4},"end":{"line":364,"column":34}},"126":{"start":{"line":365,"column":4},"end":{"line":365,"column":11}},"127":{"start":{"line":368,"column":2},"end":{"line":381,"column":5}},"128":{"start":{"line":369,"column":4},"end":{"line":371,"column":5}},"129":{"start":{"line":370,"column":6},"end":{"line":370,"column":13}},"130":{"start":{"line":372,"column":16},"end":{"line":372,"column":45}},"131":{"start":{"line":373,"column":4},"end":{"line":380,"column":5}},"132":{"start":{"line":374,"column":6},"end":{"line":374,"column":72}},"133":{"start":{"line":375,"column":6},"end":{"line":375,"column":41}},"134":{"start":{"line":376,"column":6},"end":{"line":376,"column":62}},"135":{"start":{"line":378,"column":6},"end":{"line":378,"column":73}},"136":{"start":{"line":379,"column":6},"end":{"line":379,"column":75}},"137":{"start":{"line":384,"column":0},"end":{"line":401,"column":3}},"138":{"start":{"line":385,"column":14},"end":{"line":385,"column":39}},"139":{"start":{"line":387,"column":2},"end":{"line":390,"column":3}},"140":{"start":{"line":388,"column":4},"end":{"line":388,"column":46}},"141":{"start":{"line":389,"column":4},"end":{"line":389,"column":11}},"142":{"start":{"line":392,"column":2},"end":{"line":400,"column":3}},"143":{"start":{"line":393,"column":4},"end":{"line":398,"column":6}},"144":{"start":{"line":399,"column":4},"end":{"line":399,"column":31}},"145":{"start":{"line":403,"column":0},"end":{"line":413,"column":3}},"146":{"start":{"line":404,"column":14},"end":{"line":404,"column":39}},"147":{"start":{"line":405,"column":2},"end":{"line":408,"column":3}},"148":{"start":{"line":406,"column":4},"end":{"line":406,"column":47}},"149":{"start":{"line":407,"column":4},"end":{"line":407,"column":11}},"150":{"start":{"line":409,"column":2},"end":{"line":412,"column":3}},"151":{"start":{"line":410,"column":4},"end":{"line":410,"column":63}},"152":{"start":{"line":411,"column":4},"end":{"line":411,"column":32}}},"fnMap":{"0":{"name":"(anonymous_0)","decl":{"start":{"line":1,"column":20},"end":{"line":1,"column":21}},"loc":{"start":{"line":1,"column":26},"end":{"line":17,"column":1}},"line":1},"1":{"name":"(anonymous_1)","decl":{"start":{"line":3,"column":66},"end":{"line":3,"column":67}},"loc":{"start":{"line":3,"column":77},"end":{"line":15,"column":5}},"line":3},"2":{"name":"(anonymous_2)","decl":{"start":{"line":20,"column":28},"end":{"line":20,"column":29}},"loc":{"start":{"line":20,"column":49},"end":{"line":72,"column":1}},"line":20},"3":{"name":"(anonymous_3)","decl":{"start":{"line":26,"column":68},"end":{"line":26,"column":69}},"loc":{"start":{"line":26,"column":75},"end":{"line":26,"column":88}},"line":26},"4":{"name":"(anonymous_4)","decl":{"start":{"line":28,"column":44},"end":{"line":28,"column":45}},"loc":{"start":{"line":28,"column":51},"end":{"line":28,"column":55}},"line":28},"5":{"name":"(anonymous_5)","decl":{"start":{"line":32,"column":26},"end":{"line":32,"column":27}},"loc":{"start":{"line":32,"column":39},"end":{"line":63,"column":7}},"line":32},"6":{"name":"setupAdNetworkBlocking","decl":{"start":{"line":94,"column":15},"end":{"line":94,"column":37}},"loc":{"start":{"line":94,"column":40},"end":{"line":118,"column":1}},"line":94},"7":{"name":"(anonymous_7)","decl":{"start":{"line":98,"column":43},"end":{"line":98,"column":44}},"loc":{"start":{"line":98,"column":50},"end":{"line":98,"column":62}},"line":98},"8":{"name":"(anonymous_8)","decl":{"start":{"line":98,"column":68},"end":{"line":98,"column":69}},"loc":{"start":{"line":98,"column":75},"end":{"line":98,"column":79}},"line":98},"9":{"name":"(anonymous_9)","decl":{"start":{"line":100,"column":44},"end":{"line":100,"column":45}},"loc":{"start":{"line":100,"column":60},"end":{"line":109,"column":5}},"line":100},"10":{"name":"(anonymous_10)","decl":{"start":{"line":120,"column":39},"end":{"line":120,"column":40}},"loc":{"start":{"line":120,"column":52},"end":{"line":144,"column":1}},"line":120},"11":{"name":"(anonymous_11)","decl":{"start":{"line":146,"column":37},"end":{"line":146,"column":38}},"loc":{"start":{"line":146,"column":56},"end":{"line":159,"column":1}},"line":146},"12":{"name":"(anonymous_12)","decl":{"start":{"line":163,"column":60},"end":{"line":163,"column":61}},"loc":{"start":{"line":163,"column":71},"end":{"line":175,"column":3}},"line":163},"13":{"name":"isAuthCookie","decl":{"start":{"line":211,"column":9},"end":{"line":211,"column":21}},"loc":{"start":{"line":211,"column":28},"end":{"line":214,"column":1}},"line":211},"14":{"name":"(anonymous_14)","decl":{"start":{"line":213,"column":35},"end":{"line":213,"column":36}},"loc":{"start":{"line":213,"column":42},"end":{"line":213,"column":59}},"line":213},"15":{"name":"extendCookies","decl":{"start":{"line":216,"column":15},"end":{"line":216,"column":28}},"loc":{"start":{"line":216,"column":31},"end":{"line":250,"column":1}},"line":216},"16":{"name":"heartbeat","decl":{"start":{"line":252,"column":15},"end":{"line":252,"column":24}},"loc":{"start":{"line":252,"column":27},"end":{"line":266,"column":1}},"line":252},"17":{"name":"sessionKeepAlive","decl":{"start":{"line":268,"column":15},"end":{"line":268,"column":31}},"loc":{"start":{"line":268,"column":34},"end":{"line":283,"column":1}},"line":268},"18":{"name":"(anonymous_18)","decl":{"start":{"line":272,"column":33},"end":{"line":272,"column":34}},"loc":{"start":{"line":272,"column":40},"end":{"line":272,"column":71}},"line":272},"19":{"name":"(anonymous_19)","decl":{"start":{"line":287,"column":34},"end":{"line":287,"column":35}},"loc":{"start":{"line":287,"column":45},"end":{"line":291,"column":1}},"line":287},"20":{"name":"shouldCloseTab","decl":{"start":{"line":312,"column":9},"end":{"line":312,"column":23}},"loc":{"start":{"line":312,"column":29},"end":{"line":332,"column":1}},"line":312},"21":{"name":"(anonymous_21)","decl":{"start":{"line":325,"column":41},"end":{"line":325,"column":42}},"loc":{"start":{"line":325,"column":48},"end":{"line":325,"column":69}},"line":325},"22":{"name":"(anonymous_22)","decl":{"start":{"line":345,"column":37},"end":{"line":345,"column":38}},"loc":{"start":{"line":345,"column":46},"end":{"line":350,"column":1}},"line":345},"23":{"name":"isLinkedInPremium","decl":{"start":{"line":352,"column":9},"end":{"line":352,"column":26}},"loc":{"start":{"line":352,"column":32},"end":{"line":357,"column":1}},"line":352},"24":{"name":"redirectFromPremium","decl":{"start":{"line":359,"column":9},"end":{"line":359,"column":28}},"loc":{"start":{"line":359,"column":36},"end":{"line":382,"column":1}},"line":359},"25":{"name":"(anonymous_25)","decl":{"start":{"line":368,"column":57},"end":{"line":368,"column":58}},"loc":{"start":{"line":368,"column":69},"end":{"line":381,"column":3}},"line":368},"26":{"name":"(anonymous_26)","decl":{"start":{"line":384,"column":34},"end":{"line":384,"column":35}},"loc":{"start":{"line":384,"column":62},"end":{"line":401,"column":1}},"line":384},"27":{"name":"(anonymous_27)","decl":{"start":{"line":388,"column":36},"end":{"line":388,"column":37}},"loc":{"start":{"line":388,"column":42},"end":{"line":388,"column":44}},"line":388},"28":{"name":"(anonymous_28)","decl":{"start":{"line":403,"column":34},"end":{"line":403,"column":35}},"loc":{"start":{"line":403,"column":43},"end":{"line":413,"column":1}},"line":403},"29":{"name":"(anonymous_29)","decl":{"start":{"line":406,"column":37},"end":{"line":406,"column":38}},"loc":{"start":{"line":406,"column":43},"end":{"line":406,"column":45}},"line":406}},"branchMap":{"0":{"loc":{"start":{"line":2,"column":2},"end":{"line":16,"column":3}},"type":"if","locations":[{"start":{"line":2,"column":2},"end":{"line":16,"column":3}},{"start":{},"end":{}}],"line":2},"1":{"loc":{"start":{"line":2,"column":6},"end":{"line":2,"column":70}},"type":"binary-expr","locations":[{"start":{"line":2,"column":6},"end":{"line":2,"column":35}},{"start":{"line":2,"column":39},"end":{"line":2,"column":52}},{"start":{"line":2,"column":56},"end":{"line":2,"column":70}}],"line":2},"2":{"loc":{"start":{"line":5,"column":19},"end":{"line":5,"column":44}},"type":"binary-expr","locations":[{"start":{"line":5,"column":19},"end":{"line":5,"column":29}},{"start":{"line":5,"column":33},"end":{"line":5,"column":44}}],"line":5},"3":{"loc":{"start":{"line":6,"column":6},"end":{"line":14,"column":7}},"type":"if","locations":[{"start":{"line":6,"column":6},"end":{"line":14,"column":7}},{"start":{"line":9,"column":13},"end":{"line":14,"column":7}}],"line":6},"4":{"loc":{"start":{"line":10,"column":43},"end":{"line":10,"column":72}},"type":"cond-expr","locations":[{"start":{"line":10,"column":60},"end":{"line":10,"column":64}},{"start":{"line":10,"column":67},"end":{"line":10,"column":72}}],"line":10},"5":{"loc":{"start":{"line":12,"column":17},"end":{"line":12,"column":55}},"type":"cond-expr","locations":[{"start":{"line":12,"column":34},"end":{"line":12,"column":43}},{"start":{"line":12,"column":46},"end":{"line":12,"column":55}}],"line":12},"6":{"loc":{"start":{"line":21,"column":2},"end":{"line":23,"column":3}},"type":"if","locations":[{"start":{"line":21,"column":2},"end":{"line":23,"column":3}},{"start":{},"end":{}}],"line":21},"7":{"loc":{"start":{"line":26,"column":43},"end":{"line":26,"column":58}},"type":"binary-expr","locations":[{"start":{"line":26,"column":43},"end":{"line":26,"column":52}},{"start":{"line":26,"column":56},"end":{"line":26,"column":58}}],"line":26},"8":{"loc":{"start":{"line":26,"column":75},"end":{"line":26,"column":88}},"type":"binary-expr","locations":[{"start":{"line":26,"column":75},"end":{"line":26,"column":76}},{"start":{"line":26,"column":80},"end":{"line":26,"column":88}}],"line":26},"9":{"loc":{"start":{"line":31,"column":4},"end":{"line":64,"column":5}},"type":"if","locations":[{"start":{"line":31,"column":4},"end":{"line":64,"column":5}},{"start":{},"end":{}}],"line":31},"10":{"loc":{"start":{"line":121,"column":2},"end":{"line":142,"column":3}},"type":"if","locations":[{"start":{"line":121,"column":2},"end":{"line":142,"column":3}},{"start":{},"end":{}}],"line":121},"11":{"loc":{"start":{"line":147,"column":2},"end":{"line":158,"column":3}},"type":"if","locations":[{"start":{"line":147,"column":2},"end":{"line":158,"column":3}},{"start":{},"end":{}}],"line":147},"12":{"loc":{"start":{"line":149,"column":6},"end":{"line":151,"column":7}},"type":"if","locations":[{"start":{"line":149,"column":6},"end":{"line":151,"column":7}},{"start":{},"end":{}}],"line":149},"13":{"loc":{"start":{"line":149,"column":10},"end":{"line":149,"column":41}},"type":"binary-expr","locations":[{"start":{"line":149,"column":10},"end":{"line":149,"column":25}},{"start":{"line":149,"column":29},"end":{"line":149,"column":41}}],"line":149},"14":{"loc":{"start":{"line":152,"column":6},"end":{"line":154,"column":7}},"type":"if","locations":[{"start":{"line":152,"column":6},"end":{"line":154,"column":7}},{"start":{},"end":{}}],"line":152},"15":{"loc":{"start":{"line":153,"column":28},"end":{"line":153,"column":60}},"type":"binary-expr","locations":[{"start":{"line":153,"column":28},"end":{"line":153,"column":54}},{"start":{"line":153,"column":58},"end":{"line":153,"column":60}}],"line":153},"16":{"loc":{"start":{"line":164,"column":4},"end":{"line":170,"column":5}},"type":"if","locations":[{"start":{"line":164,"column":4},"end":{"line":170,"column":5}},{"start":{},"end":{}}],"line":164},"17":{"loc":{"start":{"line":165,"column":6},"end":{"line":167,"column":50}},"type":"binary-expr","locations":[{"start":{"line":165,"column":6},"end":{"line":165,"column":35}},{"start":{"line":166,"column":6},"end":{"line":166,"column":21}},{"start":{"line":167,"column":7},"end":{"line":167,"column":21}},{"start":{"line":167,"column":25},"end":{"line":167,"column":49}}],"line":165},"18":{"loc":{"start":{"line":172,"column":4},"end":{"line":174,"column":5}},"type":"if","locations":[{"start":{"line":172,"column":4},"end":{"line":174,"column":5}},{"start":{},"end":{}}],"line":172},"19":{"loc":{"start":{"line":223,"column":8},"end":{"line":225,"column":9}},"type":"if","locations":[{"start":{"line":223,"column":8},"end":{"line":225,"column":9}},{"start":{},"end":{}}],"line":223},"20":{"loc":{"start":{"line":226,"column":8},"end":{"line":228,"column":9}},"type":"if","locations":[{"start":{"line":226,"column":8},"end":{"line":228,"column":9}},{"start":{},"end":{}}],"line":226},"21":{"loc":{"start":{"line":239,"column":22},"end":{"line":239,"column":54}},"type":"binary-expr","locations":[{"start":{"line":239,"column":22},"end":{"line":239,"column":37}},{"start":{"line":239,"column":41},"end":{"line":239,"column":54}}],"line":239},"22":{"loc":{"start":{"line":272,"column":40},"end":{"line":272,"column":71}},"type":"binary-expr","locations":[{"start":{"line":272,"column":40},"end":{"line":272,"column":60}},{"start":{"line":272,"column":64},"end":{"line":272,"column":71}}],"line":272},"23":{"loc":{"start":{"line":273,"column":4},"end":{"line":275,"column":5}},"type":"if","locations":[{"start":{"line":273,"column":4},"end":{"line":275,"column":5}},{"start":{},"end":{}}],"line":273},"24":{"loc":{"start":{"line":288,"column":2},"end":{"line":290,"column":3}},"type":"if","locations":[{"start":{"line":288,"column":2},"end":{"line":290,"column":3}},{"start":{},"end":{}}],"line":288},"25":{"loc":{"start":{"line":313,"column":2},"end":{"line":315,"column":3}},"type":"if","locations":[{"start":{"line":313,"column":2},"end":{"line":315,"column":3}},{"start":{},"end":{}}],"line":313},"26":{"loc":{"start":{"line":318,"column":4},"end":{"line":322,"column":5}},"type":"if","locations":[{"start":{"line":318,"column":4},"end":{"line":322,"column":5}},{"start":{},"end":{}}],"line":318},"27":{"loc":{"start":{"line":319,"column":6},"end":{"line":321,"column":7}},"type":"if","locations":[{"start":{"line":319,"column":6},"end":{"line":321,"column":7}},{"start":{},"end":{}}],"line":319},"28":{"loc":{"start":{"line":319,"column":10},"end":{"line":319,"column":89}},"type":"binary-expr","locations":[{"start":{"line":319,"column":10},"end":{"line":319,"column":46}},{"start":{"line":319,"column":50},"end":{"line":319,"column":89}}],"line":319},"29":{"loc":{"start":{"line":325,"column":4},"end":{"line":327,"column":5}},"type":"if","locations":[{"start":{"line":325,"column":4},"end":{"line":327,"column":5}},{"start":{},"end":{}}],"line":325},"30":{"loc":{"start":{"line":346,"column":2},"end":{"line":349,"column":3}},"type":"if","locations":[{"start":{"line":346,"column":2},"end":{"line":349,"column":3}},{"start":{},"end":{}}],"line":346},"31":{"loc":{"start":{"line":346,"column":6},"end":{"line":346,"column":54}},"type":"binary-expr","locations":[{"start":{"line":346,"column":6},"end":{"line":346,"column":43}},{"start":{"line":346,"column":47},"end":{"line":346,"column":54}}],"line":346},"32":{"loc":{"start":{"line":353,"column":2},"end":{"line":355,"column":3}},"type":"if","locations":[{"start":{"line":353,"column":2},"end":{"line":355,"column":3}},{"start":{},"end":{}}],"line":353},"33":{"loc":{"start":{"line":361,"column":2},"end":{"line":366,"column":3}},"type":"if","locations":[{"start":{"line":361,"column":2},"end":{"line":366,"column":3}},{"start":{},"end":{}}],"line":361},"34":{"loc":{"start":{"line":369,"column":4},"end":{"line":371,"column":5}},"type":"if","locations":[{"start":{"line":369,"column":4},"end":{"line":371,"column":5}},{"start":{},"end":{}}],"line":369},"35":{"loc":{"start":{"line":373,"column":4},"end":{"line":380,"column":5}},"type":"if","locations":[{"start":{"line":373,"column":4},"end":{"line":380,"column":5}},{"start":{"line":377,"column":11},"end":{"line":380,"column":5}}],"line":373},"36":{"loc":{"start":{"line":385,"column":14},"end":{"line":385,"column":39}},"type":"binary-expr","locations":[{"start":{"line":385,"column":14},"end":{"line":385,"column":28}},{"start":{"line":385,"column":32},"end":{"line":385,"column":39}}],"line":385},"37":{"loc":{"start":{"line":387,"column":2},"end":{"line":390,"column":3}},"type":"if","locations":[{"start":{"line":387,"column":2},"end":{"line":390,"column":3}},{"start":{},"end":{}}],"line":387},"38":{"loc":{"start":{"line":387,"column":6},"end":{"line":387,"column":32}},"type":"binary-expr","locations":[{"start":{"line":387,"column":6},"end":{"line":387,"column":9}},{"start":{"line":387,"column":13},"end":{"line":387,"column":32}}],"line":387},"39":{"loc":{"start":{"line":392,"column":2},"end":{"line":400,"column":3}},"type":"if","locations":[{"start":{"line":392,"column":2},"end":{"line":400,"column":3}},{"start":{},"end":{}}],"line":392},"40":{"loc":{"start":{"line":392,"column":6},"end":{"line":392,"column":57}},"type":"binary-expr","locations":[{"start":{"line":392,"column":6},"end":{"line":392,"column":20}},{"start":{"line":392,"column":24},"end":{"line":392,"column":57}}],"line":392},"41":{"loc":{"start":{"line":404,"column":14},"end":{"line":404,"column":39}},"type":"binary-expr","locations":[{"start":{"line":404,"column":14},"end":{"line":404,"column":28}},{"start":{"line":404,"column":32},"end":{"line":404,"column":39}}],"line":404},"42":{"loc":{"start":{"line":405,"column":2},"end":{"line":408,"column":3}},"type":"if","locations":[{"start":{"line":405,"column":2},"end":{"line":408,"column":3}},{"start":{},"end":{}}],"line":405},"43":{"loc":{"start":{"line":405,"column":6},"end":{"line":405,"column":32}},"type":"binary-expr","locations":[{"start":{"line":405,"column":6},"end":{"line":405,"column":9}},{"start":{"line":405,"column":13},"end":{"line":405,"column":32}}],"line":405},"44":{"loc":{"start":{"line":409,"column":2},"end":{"line":412,"column":3}},"type":"if","locations":[{"start":{"line":409,"column":2},"end":{"line":412,"column":3}},{"start":{},"end":{}}],"line":409},"45":{"loc":{"start":{"line":409,"column":6},"end":{"line":409,"column":35}},"type":"binary-expr","locations":[{"start":{"line":409,"column":6},"end":{"line":409,"column":9}},{"start":{"line":409,"column":13},"end":{"line":409,"column":35}}],"line":409}},"s":{"0":2,"1":1,"2":1,"3":1,"4":1,"5":1,"6":0,"7":0,"8":1,"9":1,"10":2,"11":2,"12":0,"13":0,"14":0,"15":0,"16":0,"17":0,"18":0,"19":0,"20":0,"21":0,"22":0,"23":0,"24":0,"25":0,"26":0,"27":0,"28":0,"29":0,"30":2,"31":4,"32":4,"33":4,"34":0,"35":0,"36":2,"37":32,"38":2,"39":2,"40":2,"41":2,"42":2,"43":2,"44":0,"45":2,"46":2,"47":0,"48":0,"49":0,"50":0,"51":0,"52":0,"53":0,"54":2,"55":2,"56":1,"57":0,"58":1,"59":1,"60":0,"61":2,"62":0,"63":2,"64":2,"65":2,"66":2,"67":0,"68":0,"69":0,"70":0,"71":0,"72":0,"73":0,"74":0,"75":0,"76":0,"77":0,"78":0,"79":0,"80":0,"81":0,"82":0,"83":0,"84":0,"85":2,"86":2,"87":0,"88":0,"89":0,"90":0,"91":0,"92":0,"93":0,"94":2,"95":2,"96":2,"97":0,"98":0,"99":2,"100":2,"101":0,"102":0,"103":0,"104":0,"105":0,"106":0,"107":0,"108":0,"109":0,"110":0,"111":0,"112":0,"113":2,"114":2,"115":0,"116":0,"117":0,"118":0,"119":0,"120":0,"121":0,"122":0,"123":0,"124":0,"125":0,"126":0,"127":0,"128":0,"129":0,"130":0,"131":0,"132":0,"133":0,"134":0,"135":0,"136":0,"137":2,"138":0,"139":0,"140":0,"141":0,"142":0,"143":0,"144":0,"145":2,"146":0,"147":0,"148":0,"149":0,"150":0,"151":0,"152":0},"f":{"0":1,"1":1,"2":0,"3":0,"4":0,"5":0,"6":4,"7":0,"8":0,"9":32,"10":2,"11":0,"12":1,"13":0,"14":0,"15":0,"16":0,"17":2,"18":0,"19":0,"20":0,"21":0,"22":0,"23":0,"24":0,"25":0,"26":0,"27":0,"28":0,"29":0},"b":{"0":[1,0],"1":[1,1,1],"2":[1,0],"3":[0,1],"4":[0,1],"5":[0,1],"6":[0,0],"7":[0,0],"8":[0,0],"9":[0,0],"10":[2,0],"11":[0,0],"12":[0,0],"13":[0,0],"14":[0,0],"15":[0,0],"16":[0,1],"17":[1,1,1,1],"18":[0,1],"19":[0,0],"20":[0,0],"21":[0,0],"22":[0,0],"23":[0,0],"24":[0,0],"25":[0,0],"26":[0,0],"27":[0,0],"28":[0,0],"29":[0,0],"30":[0,0],"31":[0,0],"32":[0,0],"33":[0,0],"34":[0,0],"35":[0,0],"36":[0,0],"37":[0,0],"38":[0,0],"39":[0,0],"40":[0,0],"41":[0,0],"42":[0,0],"43":[0,0],"44":[0,0],"45":[0,0]},"_coverageSchema":"1a1c01bbd47fc00a2c39e90264f33305004495a9","hash":"3f544e8c04e20c9f79b21377bde524fa18ff5fd6"}
,"/app/clean_adblock/cookie-popup-blocker-main.js": {"path":"/app/clean_adblock/cookie-popup-blocker-main.js","statementMap":{"0":{"start":{"line":6,"column":0},"end":{"line":54,"column":5}},"1":{"start":{"line":10,"column":21},"end":{"line":23,"column":3}},"2":{"start":{"line":24,"column":15},"end":{"line":24,"column":39}},"3":{"start":{"line":25,"column":2},"end":{"line":27,"column":3}},"4":{"start":{"line":25,"column":29},"end":{"line":25,"column":65}},"5":{"start":{"line":26,"column":4},"end":{"line":26,"column":11}},"6":{"start":{"line":29,"column":32},"end":{"line":38,"column":3}},"7":{"start":{"line":40,"column":16},"end":{"line":40,"column":27}},"8":{"start":{"line":41,"column":2},"end":{"line":53,"column":4}},"9":{"start":{"line":42,"column":4},"end":{"line":51,"column":5}},"10":{"start":{"line":43,"column":20},"end":{"line":43,"column":37}},"11":{"start":{"line":44,"column":6},"end":{"line":50,"column":7}},"12":{"start":{"line":46,"column":10},"end":{"line":46,"column":35}},"13":{"start":{"line":49,"column":8},"end":{"line":49,"column":20}},"14":{"start":{"line":52,"column":4},"end":{"line":52,"column":40}}},"fnMap":{"0":{"name":"(anonymous_0)","decl":{"start":{"line":6,"column":1},"end":{"line":6,"column":2}},"loc":{"start":{"line":6,"column":13},"end":{"line":54,"column":1}},"line":6},"1":{"name":"(anonymous_1)","decl":{"start":{"line":25,"column":22},"end":{"line":25,"column":23}},"loc":{"start":{"line":25,"column":29},"end":{"line":25,"column":65}},"line":25},"2":{"name":"(anonymous_2)","decl":{"start":{"line":41,"column":16},"end":{"line":41,"column":17}},"loc":{"start":{"line":41,"column":31},"end":{"line":53,"column":3}},"line":41},"3":{"name":"(anonymous_3)","decl":{"start":{"line":45,"column":35},"end":{"line":45,"column":36}},"loc":{"start":{"line":45,"column":48},"end":{"line":47,"column":9}},"line":45}},"branchMap":{"0":{"loc":{"start":{"line":25,"column":2},"end":{"line":27,"column":3}},"type":"if","locations":[{"start":{"line":25,"column":2},"end":{"line":27,"column":3}},{"start":{},"end":{}}],"line":25},"1":{"loc":{"start":{"line":25,"column":29},"end":{"line":25,"column":65}},"type":"binary-expr","locations":[{"start":{"line":25,"column":29},"end":{"line":25,"column":39}},{"start":{"line":25,"column":43},"end":{"line":25,"column":65}}],"line":25},"2":{"loc":{"start":{"line":42,"column":4},"end":{"line":51,"column":5}},"type":"if","locations":[{"start":{"line":42,"column":4},"end":{"line":51,"column":5}},{"start":{},"end":{}}],"line":42},"3":{"loc":{"start":{"line":42,"column":8},"end":{"line":42,"column":38}},"type":"binary-expr","locations":[{"start":{"line":42,"column":8},"end":{"line":42,"column":11}},{"start":{"line":42,"column":15},"end":{"line":42,"column":38}}],"line":42},"4":{"loc":{"start":{"line":44,"column":6},"end":{"line":50,"column":7}},"type":"if","locations":[{"start":{"line":44,"column":6},"end":{"line":50,"column":7}},{"start":{},"end":{}}],"line":44}},"s":{"0":3,"1":3,"2":3,"3":3,"4":26,"5":1,"6":2,"7":2,"8":2,"9":3,"10":3,"11":3,"12":15,"13":2,"14":1},"f":{"0":3,"1":26,"2":3,"3":15},"b":{"0":[1,2],"1":[26,25],"2":[3,0],"3":[3,3],"4":[2,1]},"_coverageSchema":"1a1c01bbd47fc00a2c39e90264f33305004495a9","hash":"d504a8a05eda04f37f9e7fb8169a8b7b76353df7"}
,"/app/clean_adblock/picker.js": {"path":"/app/clean_adblock/picker.js","statementMap":{"0":{"start":{"line":5,"column":0},"end":{"line":131,"column":5}},"1":{"start":{"line":6,"column":2},"end":{"line":8,"column":3}},"2":{"start":{"line":7,"column":4},"end":{"line":7,"column":11}},"3":{"start":{"line":9,"column":2},"end":{"line":11,"column":3}},"4":{"start":{"line":10,"column":4},"end":{"line":10,"column":11}},"5":{"start":{"line":12,"column":2},"end":{"line":12,"column":37}},"6":{"start":{"line":14,"column":18},"end":{"line":14,"column":47}},"7":{"start":{"line":15,"column":2},"end":{"line":22,"column":4}},"8":{"start":{"line":23,"column":2},"end":{"line":23,"column":48}},"9":{"start":{"line":25,"column":20},"end":{"line":25,"column":49}},"10":{"start":{"line":26,"column":2},"end":{"line":33,"column":4}},"11":{"start":{"line":34,"column":2},"end":{"line":34,"column":50}},"12":{"start":{"line":37,"column":15},"end":{"line":37,"column":62}},"13":{"start":{"line":38,"column":4},"end":{"line":40,"column":5}},"14":{"start":{"line":39,"column":6},"end":{"line":39,"column":13}},"15":{"start":{"line":42,"column":17},"end":{"line":42,"column":43}},"16":{"start":{"line":43,"column":4},"end":{"line":43,"column":59}},"17":{"start":{"line":44,"column":4},"end":{"line":44,"column":61}},"18":{"start":{"line":45,"column":4},"end":{"line":45,"column":46}},"19":{"start":{"line":46,"column":4},"end":{"line":46,"column":48}},"20":{"start":{"line":50,"column":4},"end":{"line":50,"column":23}},"21":{"start":{"line":51,"column":4},"end":{"line":51,"column":24}},"22":{"start":{"line":53,"column":15},"end":{"line":53,"column":62}},"23":{"start":{"line":54,"column":4},"end":{"line":56,"column":5}},"24":{"start":{"line":55,"column":6},"end":{"line":55,"column":13}},"25":{"start":{"line":58,"column":21},"end":{"line":58,"column":41}},"26":{"start":{"line":59,"column":4},"end":{"line":62,"column":5}},"27":{"start":{"line":60,"column":6},"end":{"line":60,"column":35}},"28":{"start":{"line":61,"column":6},"end":{"line":61,"column":32}},"29":{"start":{"line":63,"column":4},"end":{"line":63,"column":14}},"30":{"start":{"line":67,"column":4},"end":{"line":69,"column":5}},"31":{"start":{"line":68,"column":6},"end":{"line":68,"column":16}},"32":{"start":{"line":73,"column":4},"end":{"line":75,"column":5}},"33":{"start":{"line":74,"column":6},"end":{"line":74,"column":37}},"34":{"start":{"line":76,"column":4},"end":{"line":81,"column":5}},"35":{"start":{"line":77,"column":18},"end":{"line":77,"column":46}},"36":{"start":{"line":78,"column":6},"end":{"line":80,"column":7}},"37":{"start":{"line":79,"column":8},"end":{"line":79,"column":37}},"38":{"start":{"line":82,"column":4},"end":{"line":82,"column":36}},"39":{"start":{"line":86,"column":4},"end":{"line":88,"column":5}},"40":{"start":{"line":87,"column":6},"end":{"line":87,"column":13}},"41":{"start":{"line":89,"column":17},"end":{"line":89,"column":41}},"42":{"start":{"line":90,"column":4},"end":{"line":114,"column":5}},"43":{"start":{"line":91,"column":6},"end":{"line":111,"column":9}},"44":{"start":{"line":92,"column":8},"end":{"line":110,"column":9}},"45":{"start":{"line":93,"column":10},"end":{"line":99,"column":11}},"46":{"start":{"line":98,"column":12},"end":{"line":98,"column":19}},"47":{"start":{"line":100,"column":28},"end":{"line":100,"column":56}},"48":{"start":{"line":101,"column":10},"end":{"line":103,"column":11}},"49":{"start":{"line":102,"column":12},"end":{"line":102,"column":33}},"50":{"start":{"line":104,"column":10},"end":{"line":107,"column":11}},"51":{"start":{"line":105,"column":12},"end":{"line":105,"column":43}},"52":{"start":{"line":106,"column":12},"end":{"line":106,"column":69}},"53":{"start":{"line":109,"column":10},"end":{"line":109,"column":68}},"54":{"start":{"line":113,"column":6},"end":{"line":113,"column":62}},"55":{"start":{"line":118,"column":4},"end":{"line":118,"column":40}},"56":{"start":{"line":119,"column":4},"end":{"line":119,"column":21}},"57":{"start":{"line":120,"column":4},"end":{"line":120,"column":23}},"58":{"start":{"line":121,"column":4},"end":{"line":121,"column":63}},"59":{"start":{"line":122,"column":4},"end":{"line":122,"column":61}},"60":{"start":{"line":123,"column":4},"end":{"line":123,"column":59}},"61":{"start":{"line":126,"column":2},"end":{"line":126,"column":58}},"62":{"start":{"line":127,"column":2},"end":{"line":127,"column":56}},"63":{"start":{"line":128,"column":2},"end":{"line":128,"column":54}},"64":{"start":{"line":130,"column":2},"end":{"line":130,"column":87}}},"fnMap":{"0":{"name":"(anonymous_0)","decl":{"start":{"line":5,"column":1},"end":{"line":5,"column":2}},"loc":{"start":{"line":5,"column":13},"end":{"line":131,"column":1}},"line":5},"1":{"name":"handleMouseMove","decl":{"start":{"line":36,"column":11},"end":{"line":36,"column":26}},"loc":{"start":{"line":36,"column":30},"end":{"line":47,"column":3}},"line":36},"2":{"name":"handleClick","decl":{"start":{"line":49,"column":11},"end":{"line":49,"column":22}},"loc":{"start":{"line":49,"column":26},"end":{"line":64,"column":3}},"line":49},"3":{"name":"handleKeydown","decl":{"start":{"line":66,"column":11},"end":{"line":66,"column":24}},"loc":{"start":{"line":66,"column":28},"end":{"line":70,"column":3}},"line":66},"4":{"name":"generateSelector","decl":{"start":{"line":72,"column":11},"end":{"line":72,"column":27}},"loc":{"start":{"line":72,"column":32},"end":{"line":83,"column":3}},"line":72},"5":{"name":"saveCustomSelector","decl":{"start":{"line":85,"column":11},"end":{"line":85,"column":29}},"loc":{"start":{"line":85,"column":40},"end":{"line":115,"column":3}},"line":85},"6":{"name":"(anonymous_6)","decl":{"start":{"line":91,"column":52},"end":{"line":91,"column":53}},"loc":{"start":{"line":91,"column":64},"end":{"line":111,"column":7}},"line":91},"7":{"name":"cleanup","decl":{"start":{"line":117,"column":11},"end":{"line":117,"column":18}},"loc":{"start":{"line":117,"column":21},"end":{"line":124,"column":3}},"line":117}},"branchMap":{"0":{"loc":{"start":{"line":6,"column":2},"end":{"line":8,"column":3}},"type":"if","locations":[{"start":{"line":6,"column":2},"end":{"line":8,"column":3}},{"start":{},"end":{}}],"line":6},"1":{"loc":{"start":{"line":6,"column":6},"end":{"line":6,"column":54}},"type":"binary-expr","locations":[{"start":{"line":6,"column":6},"end":{"line":6,"column":35}},{"start":{"line":6,"column":39},"end":{"line":6,"column":54}}],"line":6},"2":{"loc":{"start":{"line":9,"column":2},"end":{"line":11,"column":3}},"type":"if","locations":[{"start":{"line":9,"column":2},"end":{"line":11,"column":3}},{"start":{},"end":{}}],"line":9},"3":{"loc":{"start":{"line":38,"column":4},"end":{"line":40,"column":5}},"type":"if","locations":[{"start":{"line":38,"column":4},"end":{"line":40,"column":5}},{"start":{},"end":{}}],"line":38},"4":{"loc":{"start":{"line":38,"column":8},"end":{"line":38,"column":49}},"type":"binary-expr","locations":[{"start":{"line":38,"column":8},"end":{"line":38,"column":11}},{"start":{"line":38,"column":15},"end":{"line":38,"column":29}},{"start":{"line":38,"column":33},"end":{"line":38,"column":49}}],"line":38},"5":{"loc":{"start":{"line":54,"column":4},"end":{"line":56,"column":5}},"type":"if","locations":[{"start":{"line":54,"column":4},"end":{"line":56,"column":5}},{"start":{},"end":{}}],"line":54},"6":{"loc":{"start":{"line":54,"column":8},"end":{"line":54,"column":49}},"type":"binary-expr","locations":[{"start":{"line":54,"column":8},"end":{"line":54,"column":11}},{"start":{"line":54,"column":15},"end":{"line":54,"column":29}},{"start":{"line":54,"column":33},"end":{"line":54,"column":49}}],"line":54},"7":{"loc":{"start":{"line":59,"column":4},"end":{"line":62,"column":5}},"type":"if","locations":[{"start":{"line":59,"column":4},"end":{"line":62,"column":5}},{"start":{},"end":{}}],"line":59},"8":{"loc":{"start":{"line":67,"column":4},"end":{"line":69,"column":5}},"type":"if","locations":[{"start":{"line":67,"column":4},"end":{"line":69,"column":5}},{"start":{},"end":{}}],"line":67},"9":{"loc":{"start":{"line":73,"column":4},"end":{"line":75,"column":5}},"type":"if","locations":[{"start":{"line":73,"column":4},"end":{"line":75,"column":5}},{"start":{},"end":{}}],"line":73},"10":{"loc":{"start":{"line":76,"column":4},"end":{"line":81,"column":5}},"type":"if","locations":[{"start":{"line":76,"column":4},"end":{"line":81,"column":5}},{"start":{},"end":{}}],"line":76},"11":{"loc":{"start":{"line":76,"column":8},"end":{"line":76,"column":56}},"type":"binary-expr","locations":[{"start":{"line":76,"column":8},"end":{"line":76,"column":20}},{"start":{"line":76,"column":24},"end":{"line":76,"column":56}}],"line":76},"12":{"loc":{"start":{"line":78,"column":6},"end":{"line":80,"column":7}},"type":"if","locations":[{"start":{"line":78,"column":6},"end":{"line":80,"column":7}},{"start":{},"end":{}}],"line":78},"13":{"loc":{"start":{"line":86,"column":4},"end":{"line":88,"column":5}},"type":"if","locations":[{"start":{"line":86,"column":4},"end":{"line":88,"column":5}},{"start":{},"end":{}}],"line":86},"14":{"loc":{"start":{"line":86,"column":8},"end":{"line":86,"column":81}},"type":"binary-expr","locations":[{"start":{"line":86,"column":8},"end":{"line":86,"column":37}},{"start":{"line":86,"column":41},"end":{"line":86,"column":56}},{"start":{"line":86,"column":60},"end":{"line":86,"column":81}}],"line":86},"15":{"loc":{"start":{"line":93,"column":10},"end":{"line":99,"column":11}},"type":"if","locations":[{"start":{"line":93,"column":10},"end":{"line":99,"column":11}},{"start":{},"end":{}}],"line":93},"16":{"loc":{"start":{"line":94,"column":12},"end":{"line":96,"column":56}},"type":"binary-expr","locations":[{"start":{"line":94,"column":12},"end":{"line":94,"column":41}},{"start":{"line":95,"column":12},"end":{"line":95,"column":27}},{"start":{"line":96,"column":13},"end":{"line":96,"column":27}},{"start":{"line":96,"column":31},"end":{"line":96,"column":55}}],"line":94},"17":{"loc":{"start":{"line":100,"column":28},"end":{"line":100,"column":56}},"type":"binary-expr","locations":[{"start":{"line":100,"column":28},"end":{"line":100,"column":50}},{"start":{"line":100,"column":54},"end":{"line":100,"column":56}}],"line":100},"18":{"loc":{"start":{"line":101,"column":10},"end":{"line":103,"column":11}},"type":"if","locations":[{"start":{"line":101,"column":10},"end":{"line":103,"column":11}},{"start":{},"end":{}}],"line":101},"19":{"loc":{"start":{"line":104,"column":10},"end":{"line":107,"column":11}},"type":"if","locations":[{"start":{"line":104,"column":10},"end":{"line":107,"column":11}},{"start":{},"end":{}}],"line":104}},"s":{"0":18,"1":18,"2":3,"3":15,"4":1,"5":14,"6":14,"7":14,"8":14,"9":14,"10":14,"11":14,"12":6,"13":6,"14":0,"15":6,"16":6,"17":6,"18":6,"19":6,"20":13,"21":13,"22":13,"23":13,"24":0,"25":13,"26":13,"27":13,"28":13,"29":13,"30":1,"31":1,"32":13,"33":5,"34":8,"35":1,"36":1,"37":1,"38":7,"39":13,"40":1,"41":12,"42":12,"43":12,"44":7,"45":7,"46":1,"47":6,"48":6,"49":5,"50":6,"51":5,"52":5,"53":1,"54":1,"55":14,"56":14,"57":14,"58":14,"59":14,"60":14,"61":14,"62":14,"63":14,"64":14},"f":{"0":18,"1":6,"2":13,"3":1,"4":13,"5":13,"6":7,"7":14},"b":{"0":[3,15],"1":[18,16],"2":[1,14],"3":[0,6],"4":[6,6,6],"5":[0,13],"6":[13,13,13],"7":[13,0],"8":[1,0],"9":[5,8],"10":[1,7],"11":[8,1],"12":[1,0],"13":[1,12],"14":[13,13,13],"15":[1,6],"16":[7,7,7,7],"17":[6,5],"18":[5,1],"19":[5,1]},"_coverageSchema":"1a1c01bbd47fc00a2c39e90264f33305004495a9","hash":"2280dff3b0711a914cababbb93629c68729817ed"}
,"/app/clean_adblock/x-twitter-bird.js": {"path":"/app/clean_adblock/x-twitter-bird.js","statementMap":{"0":{"start":{"line":8,"column":0},"end":{"line":107,"column":5}},"1":{"start":{"line":13,"column":4},"end":{"line":13,"column":712}},"2":{"start":{"line":16,"column":18},"end":{"line":16,"column":49}},"3":{"start":{"line":17,"column":4},"end":{"line":17,"column":36}},"4":{"start":{"line":20,"column":19},"end":{"line":23,"column":5}},"5":{"start":{"line":25,"column":14},"end":{"line":25,"column":16}},"6":{"start":{"line":26,"column":4},"end":{"line":45,"column":7}},"7":{"start":{"line":29,"column":6},"end":{"line":44,"column":8}},"8":{"start":{"line":47,"column":4},"end":{"line":47,"column":28}},"9":{"start":{"line":48,"column":4},"end":{"line":48,"column":67}},"10":{"start":{"line":52,"column":4},"end":{"line":54,"column":5}},"11":{"start":{"line":53,"column":6},"end":{"line":53,"column":13}},"12":{"start":{"line":56,"column":22},"end":{"line":58,"column":5}},"13":{"start":{"line":59,"column":19},"end":{"line":59,"column":24}},"14":{"start":{"line":61,"column":4},"end":{"line":66,"column":7}},"15":{"start":{"line":62,"column":6},"end":{"line":65,"column":7}},"16":{"start":{"line":63,"column":8},"end":{"line":63,"column":64}},"17":{"start":{"line":64,"column":8},"end":{"line":64,"column":24}},"18":{"start":{"line":68,"column":4},"end":{"line":76,"column":5}},"19":{"start":{"line":69,"column":21},"end":{"line":69,"column":62}},"20":{"start":{"line":70,"column":6},"end":{"line":75,"column":7}},"21":{"start":{"line":71,"column":21},"end":{"line":71,"column":51}},"22":{"start":{"line":72,"column":8},"end":{"line":72,"column":35}},"23":{"start":{"line":73,"column":8},"end":{"line":73,"column":64}},"24":{"start":{"line":74,"column":8},"end":{"line":74,"column":33}},"25":{"start":{"line":80,"column":4},"end":{"line":84,"column":5}},"26":{"start":{"line":81,"column":6},"end":{"line":81,"column":33}},"27":{"start":{"line":82,"column":11},"end":{"line":84,"column":5}},"28":{"start":{"line":83,"column":6},"end":{"line":83,"column":70}},"29":{"start":{"line":88,"column":2},"end":{"line":88,"column":14}},"30":{"start":{"line":91,"column":2},"end":{"line":91,"column":19}},"31":{"start":{"line":92,"column":2},"end":{"line":92,"column":16}},"32":{"start":{"line":95,"column":23},"end":{"line":98,"column":4}},"33":{"start":{"line":96,"column":4},"end":{"line":96,"column":18}},"34":{"start":{"line":97,"column":4},"end":{"line":97,"column":21}},"35":{"start":{"line":100,"column":2},"end":{"line":106,"column":3}},"36":{"start":{"line":101,"column":4},"end":{"line":101,"column":97}},"37":{"start":{"line":103,"column":4},"end":{"line":105,"column":7}},"38":{"start":{"line":104,"column":6},"end":{"line":104,"column":99}}},"fnMap":{"0":{"name":"(anonymous_0)","decl":{"start":{"line":8,"column":1},"end":{"line":8,"column":2}},"loc":{"start":{"line":8,"column":13},"end":{"line":107,"column":1}},"line":8},"1":{"name":"injectCSS","decl":{"start":{"line":15,"column":11},"end":{"line":15,"column":20}},"loc":{"start":{"line":15,"column":23},"end":{"line":49,"column":3}},"line":15},"2":{"name":"(anonymous_2)","decl":{"start":{"line":26,"column":19},"end":{"line":26,"column":20}},"loc":{"start":{"line":26,"column":30},"end":{"line":45,"column":5}},"line":26},"3":{"name":"replaceFavicon","decl":{"start":{"line":51,"column":11},"end":{"line":51,"column":25}},"loc":{"start":{"line":51,"column":28},"end":{"line":77,"column":3}},"line":51},"4":{"name":"(anonymous_4)","decl":{"start":{"line":61,"column":22},"end":{"line":61,"column":23}},"loc":{"start":{"line":61,"column":32},"end":{"line":66,"column":5}},"line":61},"5":{"name":"updateTitle","decl":{"start":{"line":79,"column":11},"end":{"line":79,"column":22}},"loc":{"start":{"line":79,"column":25},"end":{"line":85,"column":3}},"line":79},"6":{"name":"(anonymous_6)","decl":{"start":{"line":95,"column":44},"end":{"line":95,"column":45}},"loc":{"start":{"line":95,"column":50},"end":{"line":98,"column":3}},"line":95},"7":{"name":"(anonymous_7)","decl":{"start":{"line":103,"column":50},"end":{"line":103,"column":51}},"loc":{"start":{"line":103,"column":56},"end":{"line":105,"column":5}},"line":103}},"branchMap":{"0":{"loc":{"start":{"line":48,"column":5},"end":{"line":48,"column":46}},"type":"binary-expr","locations":[{"start":{"line":48,"column":5},"end":{"line":48,"column":18}},{"start":{"line":48,"column":22},"end":{"line":48,"column":46}}],"line":48},"1":{"loc":{"start":{"line":52,"column":4},"end":{"line":54,"column":5}},"type":"if","locations":[{"start":{"line":52,"column":4},"end":{"line":54,"column":5}},{"start":{},"end":{}}],"line":52},"2":{"loc":{"start":{"line":52,"column":8},"end":{"line":52,"column":56}},"type":"binary-expr","locations":[{"start":{"line":52,"column":8},"end":{"line":52,"column":37}},{"start":{"line":52,"column":41},"end":{"line":52,"column":56}}],"line":52},"3":{"loc":{"start":{"line":62,"column":6},"end":{"line":65,"column":7}},"type":"if","locations":[{"start":{"line":62,"column":6},"end":{"line":65,"column":7}},{"start":{},"end":{}}],"line":62},"4":{"loc":{"start":{"line":68,"column":4},"end":{"line":76,"column":5}},"type":"if","locations":[{"start":{"line":68,"column":4},"end":{"line":76,"column":5}},{"start":{},"end":{}}],"line":68},"5":{"loc":{"start":{"line":68,"column":8},"end":{"line":68,"column":43}},"type":"binary-expr","locations":[{"start":{"line":68,"column":8},"end":{"line":68,"column":17}},{"start":{"line":68,"column":21},"end":{"line":68,"column":43}}],"line":68},"6":{"loc":{"start":{"line":69,"column":21},"end":{"line":69,"column":62}},"type":"binary-expr","locations":[{"start":{"line":69,"column":21},"end":{"line":69,"column":34}},{"start":{"line":69,"column":38},"end":{"line":69,"column":62}}],"line":69},"7":{"loc":{"start":{"line":70,"column":6},"end":{"line":75,"column":7}},"type":"if","locations":[{"start":{"line":70,"column":6},"end":{"line":75,"column":7}},{"start":{},"end":{}}],"line":70},"8":{"loc":{"start":{"line":80,"column":4},"end":{"line":84,"column":5}},"type":"if","locations":[{"start":{"line":80,"column":4},"end":{"line":84,"column":5}},{"start":{"line":82,"column":11},"end":{"line":84,"column":5}}],"line":80},"9":{"loc":{"start":{"line":82,"column":11},"end":{"line":84,"column":5}},"type":"if","locations":[{"start":{"line":82,"column":11},"end":{"line":84,"column":5}},{"start":{},"end":{}}],"line":82},"10":{"loc":{"start":{"line":100,"column":2},"end":{"line":106,"column":3}},"type":"if","locations":[{"start":{"line":100,"column":2},"end":{"line":106,"column":3}},{"start":{"line":102,"column":9},"end":{"line":106,"column":3}}],"line":100}},"s":{"0":6,"1":6,"2":6,"3":6,"4":6,"5":6,"6":6,"7":12,"8":6,"9":6,"10":25,"11":1,"12":24,"13":24,"14":24,"15":29,"16":1,"17":1,"18":24,"19":4,"20":4,"21":4,"22":4,"23":4,"24":4,"25":25,"26":1,"27":24,"28":1,"29":6,"30":6,"31":6,"32":6,"33":19,"34":19,"35":6,"36":5,"37":1,"38":1},"f":{"0":6,"1":6,"2":12,"3":25,"4":29,"5":25,"6":19,"7":1},"b":{"0":[6,1],"1":[1,24],"2":[25,24],"3":[1,28],"4":[4,20],"5":[24,23],"6":[4,0],"7":[4,0],"8":[1,24],"9":[1,23],"10":[5,1]},"_coverageSchema":"1a1c01bbd47fc00a2c39e90264f33305004495a9","hash":"4a1577c3ef2fee2682a6dc4760041ae175c96efa"}
}
