{"/app/clean_adblock/background.js": {"path":"/app/clean_adblock/background.js","statementMap":{"0":{"start":{"line":1,"column":20},"end":{"line":17,"column":1}},"1":{"start":{"line":2,"column":2},"end":{"line":16,"column":3}},"2":{"start":{"line":3,"column":4},"end":{"line":15,"column":7}},"3":{"start":{"line":4,"column":24},"end":{"line":4,"column":47}},"4":{"start":{"line":5,"column":19},"end":{"line":5,"column":44}},"5":{"start":{"line":6,"column":6},"end":{"line":14,"column":7}},"6":{"start":{"line":7,"column":8},"end":{"line":7,"column":52}},"7":{"start":{"line":8,"column":8},"end":{"line":8,"column":68}},"8":{"start":{"line":10,"column":8},"end":{"line":10,"column":76}},"9":{"start":{"line":11,"column":8},"end":{"line":13,"column":11}},"10":{"start":{"line":19,"column":22},"end":{"line":19,"column":27}},"11":{"start":{"line":20,"column":28},"end":{"line":72,"column":1}},"12":{"start":{"line":21,"column":2},"end":{"line":23,"column":3}},"13":{"start":{"line":22,"column":4},"end":{"line":22,"column":11}},"14":{"start":{"line":24,"column":2},"end":{"line":24,"column":25}},"15":{"start":{"line":25,"column":2},"end":{"line":71,"column":3}},"16":{"start":{"line":26,"column":24},"end":{"line":26,"column":89}},"17":{"start":{"line":26,"column":75},"end":{"line":26,"column":88}},"18":{"start":{"line":27,"column":26},"end":{"line":27,"column":78}},"19":{"start":{"line":28,"column":26},"end":{"line":28,"column":56}},"20":{"start":{"line":28,"column":51},"end":{"line":28,"column":55}},"21":{"start":{"line":29,"column":21},"end":{"line":29,"column":23}},"22":{"start":{"line":31,"column":4},"end":{"line":64,"column":5}},"23":{"start":{"line":32,"column":6},"end":{"line":63,"column":9}},"24":{"start":{"line":33,"column":23},"end":{"line":33,"column":32}},"25":{"start":{"line":34,"column":8},"end":{"line":43,"column":11}},"26":{"start":{"line":44,"column":8},"end":{"line":62,"column":11}},"27":{"start":{"line":66,"column":4},"end":{"line":66,"column":87}},"28":{"start":{"line":68,"column":4},"end":{"line":68,"column":42}},"29":{"start":{"line":70,"column":4},"end":{"line":70,"column":28}},"30":{"start":{"line":75,"column":27},"end":{"line":92,"column":1}},"31":{"start":{"line":95,"column":2},"end":{"line":117,"column":3}},"32":{"start":{"line":96,"column":26},"end":{"line":96,"column":78}},"33":{"start":{"line":98,"column":22},"end":{"line":98,"column":80}},"34":{"start":{"line":98,"column":50},"end":{"line":98,"column":62}},"35":{"start":{"line":98,"column":75},"end":{"line":98,"column":79}},"36":{"start":{"line":100,"column":21},"end":{"line":109,"column":7}},"37":{"start":{"line":100,"column":60},"end":{"line":109,"column":5}},"38":{"start":{"line":111,"column":4},"end":{"line":114,"column":7}},"39":{"start":{"line":116,"column":4},"end":{"line":116,"column":58}},"40":{"start":{"line":120,"column":0},"end":{"line":144,"column":3}},"41":{"start":{"line":121,"column":2},"end":{"line":142,"column":3}},"42":{"start":{"line":122,"column":4},"end":{"line":141,"column":5}},"43":{"start":{"line":123,"column":6},"end":{"line":138,"column":9}},"44":{"start":{"line":140,"column":6},"end":{"line":140,"column":69}},"45":{"start":{"line":143,"column":2},"end":{"line":143,"column":27}},"46":{"start":{"line":146,"column":0},"end":{"line":159,"column":3}},"47":{"start":{"line":147,"column":2},"end":{"line":158,"column":3}},"48":{"start":{"line":148,"column":4},"end":{"line":157,"column":5}},"49":{"start":{"line":149,"column":6},"end":{"line":151,"column":7}},"50":{"start":{"line":150,"column":8},"end":{"line":150,"column":22}},"51":{"start":{"line":152,"column":6},"end":{"line":154,"column":7}},"52":{"start":{"line":153,"column":8},"end":{"line":153,"column":62}},"53":{"start":{"line":156,"column":6},"end":{"line":156,"column":71}},"54":{"start":{"line":162,"column":0},"end":{"line":179,"column":1}},"55":{"start":{"line":163,"column":2},"end":{"line":175,"column":5}},"56":{"start":{"line":164,"column":4},"end":{"line":170,"column":5}},"57":{"start":{"line":169,"column":6},"end":{"line":169,"column":13}},"58":{"start":{"line":171,"column":4},"end":{"line":171,"column":18}},"59":{"start":{"line":172,"column":4},"end":{"line":174,"column":5}},"60":{"start":{"line":173,"column":6},"end":{"line":173,"column":43}},"61":{"start":{"line":176,"column":2},"end":{"line":176,"column":27}},"62":{"start":{"line":178,"column":2},"end":{"line":178,"column":64}},"63":{"start":{"line":192,"column":29},"end":{"line":192,"column":70}},"64":{"start":{"line":193,"column":35},"end":{"line":193,"column":37}},"65":{"start":{"line":194,"column":27},"end":{"line":194,"column":29}},"66":{"start":{"line":197,"column":29},"end":{"line":209,"column":1}},"67":{"start":{"line":212,"column":16},"end":{"line":212,"column":34}},"68":{"start":{"line":213,"column":2},"end":{"line":213,"column":61}},"69":{"start":{"line":213,"column":42},"end":{"line":213,"column":59}},"70":{"start":{"line":217,"column":21},"end":{"line":217,"column":71}},"71":{"start":{"line":219,"column":2},"end":{"line":244,"column":3}},"72":{"start":{"line":220,"column":4},"end":{"line":243,"column":5}},"73":{"start":{"line":221,"column":22},"end":{"line":221,"column":61}},"74":{"start":{"line":222,"column":6},"end":{"line":240,"column":7}},"75":{"start":{"line":223,"column":8},"end":{"line":239,"column":9}},"76":{"start":{"line":224,"column":10},"end":{"line":238,"column":11}},"77":{"start":{"line":225,"column":12},"end":{"line":235,"column":15}},"78":{"start":{"line":248,"column":2},"end":{"line":260,"column":3}},"79":{"start":{"line":251,"column":17},"end":{"line":256,"column":6}},"80":{"start":{"line":257,"column":4},"end":{"line":257,"column":71}},"81":{"start":{"line":259,"column":4},"end":{"line":259,"column":70}},"82":{"start":{"line":265,"column":2},"end":{"line":275,"column":3}},"83":{"start":{"line":266,"column":20},"end":{"line":266,"column":79}},"84":{"start":{"line":267,"column":20},"end":{"line":267,"column":72}},"85":{"start":{"line":267,"column":40},"end":{"line":267,"column":71}},"86":{"start":{"line":268,"column":4},"end":{"line":272,"column":5}},"87":{"start":{"line":269,"column":6},"end":{"line":269,"column":28}},"88":{"start":{"line":270,"column":6},"end":{"line":270,"column":24}},"89":{"start":{"line":271,"column":6},"end":{"line":271,"column":60}},"90":{"start":{"line":274,"column":4},"end":{"line":274,"column":54}},"91":{"start":{"line":279,"column":0},"end":{"line":279,"column":90}},"92":{"start":{"line":280,"column":0},"end":{"line":284,"column":3}},"93":{"start":{"line":281,"column":2},"end":{"line":283,"column":3}},"94":{"start":{"line":282,"column":4},"end":{"line":282,"column":23}},"95":{"start":{"line":287,"column":0},"end":{"line":287,"column":19}},"96":{"start":{"line":294,"column":36},"end":{"line":303,"column":1}},"97":{"start":{"line":306,"column":2},"end":{"line":320,"column":3}},"98":{"start":{"line":307,"column":19},"end":{"line":307,"column":31}},"99":{"start":{"line":308,"column":4},"end":{"line":312,"column":5}},"100":{"start":{"line":309,"column":6},"end":{"line":311,"column":7}},"101":{"start":{"line":310,"column":8},"end":{"line":310,"column":20}},"102":{"start":{"line":314,"column":22},"end":{"line":314,"column":51}},"103":{"start":{"line":315,"column":4},"end":{"line":317,"column":5}},"104":{"start":{"line":315,"column":48},"end":{"line":315,"column":69}},"105":{"start":{"line":316,"column":6},"end":{"line":316,"column":18}},"106":{"start":{"line":321,"column":2},"end":{"line":321,"column":15}},"107":{"start":{"line":332,"column":29},"end":{"line":332,"column":33}},"108":{"start":{"line":335,"column":0},"end":{"line":340,"column":3}},"109":{"start":{"line":336,"column":2},"end":{"line":339,"column":3}},"110":{"start":{"line":337,"column":4},"end":{"line":337,"column":37}},"111":{"start":{"line":338,"column":4},"end":{"line":338,"column":68}},"112":{"start":{"line":343,"column":2},"end":{"line":343,"column":46}},"113":{"start":{"line":347,"column":15},"end":{"line":347,"column":37}},"114":{"start":{"line":348,"column":2},"end":{"line":353,"column":3}},"115":{"start":{"line":349,"column":4},"end":{"line":349,"column":70}},"116":{"start":{"line":350,"column":4},"end":{"line":350,"column":45}},"117":{"start":{"line":351,"column":4},"end":{"line":351,"column":34}},"118":{"start":{"line":352,"column":4},"end":{"line":352,"column":11}},"119":{"start":{"line":355,"column":2},"end":{"line":368,"column":5}},"120":{"start":{"line":356,"column":4},"end":{"line":358,"column":5}},"121":{"start":{"line":357,"column":6},"end":{"line":357,"column":13}},"122":{"start":{"line":359,"column":16},"end":{"line":359,"column":45}},"123":{"start":{"line":360,"column":4},"end":{"line":367,"column":5}},"124":{"start":{"line":361,"column":6},"end":{"line":361,"column":72}},"125":{"start":{"line":362,"column":6},"end":{"line":362,"column":41}},"126":{"start":{"line":363,"column":6},"end":{"line":363,"column":62}},"127":{"start":{"line":365,"column":6},"end":{"line":365,"column":73}},"128":{"start":{"line":366,"column":6},"end":{"line":366,"column":75}},"129":{"start":{"line":371,"column":0},"end":{"line":388,"column":3}},"130":{"start":{"line":372,"column":14},"end":{"line":372,"column":39}},"131":{"start":{"line":374,"column":2},"end":{"line":377,"column":3}},"132":{"start":{"line":375,"column":4},"end":{"line":375,"column":46}},"133":{"start":{"line":376,"column":4},"end":{"line":376,"column":11}},"134":{"start":{"line":379,"column":2},"end":{"line":387,"column":3}},"135":{"start":{"line":380,"column":4},"end":{"line":385,"column":6}},"136":{"start":{"line":386,"column":4},"end":{"line":386,"column":31}},"137":{"start":{"line":390,"column":0},"end":{"line":400,"column":3}},"138":{"start":{"line":391,"column":14},"end":{"line":391,"column":39}},"139":{"start":{"line":392,"column":2},"end":{"line":395,"column":3}},"140":{"start":{"line":393,"column":4},"end":{"line":393,"column":47}},"141":{"start":{"line":394,"column":4},"end":{"line":394,"column":11}},"142":{"start":{"line":396,"column":2},"end":{"line":399,"column":3}},"143":{"start":{"line":397,"column":4},"end":{"line":397,"column":63}},"144":{"start":{"line":398,"column":4},"end":{"line":398,"column":32}}},"fnMap":{"0":{"name":"(anonymous_0)","decl":{"start":{"line":1,"column":20},"end":{"line":1,"column":21}},"loc":{"start":{"line":1,"column":26},"end":{"line":17,"column":1}},"line":1},"1":{"name":"(anonymous_1)","decl":{"start":{"line":3,"column":66},"end":{"line":3,"column":67}},"loc":{"start":{"line":3,"column":77},"end":{"line":15,"column":5}},"line":3},"2":{"name":"(anonymous_2)","decl":{"start":{"line":20,"column":28},"end":{"line":20,"column":29}},"loc":{"start":{"line":20,"column":49},"end":{"line":72,"column":1}},"line":20},"3":{"name":"(anonymous_3)","decl":{"start":{"line":26,"column":68},"end":{"line":26,"column":69}},"loc":{"start":{"line":26,"column":75},"end":{"line":26,"column":88}},"line":26},"4":{"name":"(anonymous_4)","decl":{"start":{"line":28,"column":44},"end":{"line":28,"column":45}},"loc":{"start":{"line":28,"column":51},"end":{"line":28,"column":55}},"line":28},"5":{"name":"(anonymous_5)","decl":{"start":{"line":32,"column":26},"end":{"line":32,"column":27}},"loc":{"start":{"line":32,"column":39},"end":{"line":63,"column":7}},"line":32},"6":{"name":"setupAdNetworkBlocking","decl":{"start":{"line":94,"column":15},"end":{"line":94,"column":37}},"loc":{"start":{"line":94,"column":40},"end":{"line":118,"column":1}},"line":94},"7":{"name":"(anonymous_7)","decl":{"start":{"line":98,"column":43},"end":{"line":98,"column":44}},"loc":{"start":{"line":98,"column":50},"end":{"line":98,"column":62}},"line":98},"8":{"name":"(anonymous_8)","decl":{"start":{"line":98,"column":68},"end":{"line":98,"column":69}},"loc":{"start":{"line":98,"column":75},"end":{"line":98,"column":79}},"line":98},"9":{"name":"(anonymous_9)","decl":{"start":{"line":100,"column":44},"end":{"line":100,"column":45}},"loc":{"start":{"line":100,"column":60},"end":{"line":109,"column":5}},"line":100},"10":{"name":"(anonymous_10)","decl":{"start":{"line":120,"column":39},"end":{"line":120,"column":40}},"loc":{"start":{"line":120,"column":52},"end":{"line":144,"column":1}},"line":120},"11":{"name":"(anonymous_11)","decl":{"start":{"line":146,"column":37},"end":{"line":146,"column":38}},"loc":{"start":{"line":146,"column":56},"end":{"line":159,"column":1}},"line":146},"12":{"name":"(anonymous_12)","decl":{"start":{"line":163,"column":60},"end":{"line":163,"column":61}},"loc":{"start":{"line":163,"column":71},"end":{"line":175,"column":3}},"line":163},"13":{"name":"isAuthCookie","decl":{"start":{"line":211,"column":9},"end":{"line":211,"column":21}},"loc":{"start":{"line":211,"column":28},"end":{"line":214,"column":1}},"line":211},"14":{"name":"(anonymous_14)","decl":{"start":{"line":213,"column":35},"end":{"line":213,"column":36}},"loc":{"start":{"line":213,"column":42},"end":{"line":213,"column":59}},"line":213},"15":{"name":"extendCookies","decl":{"start":{"line":216,"column":15},"end":{"line":216,"column":28}},"loc":{"start":{"line":216,"column":31},"end":{"line":245,"column":1}},"line":216},"16":{"name":"heartbeat","decl":{"start":{"line":247,"column":15},"end":{"line":247,"column":24}},"loc":{"start":{"line":247,"column":27},"end":{"line":261,"column":1}},"line":247},"17":{"name":"sessionKeepAlive","decl":{"start":{"line":263,"column":15},"end":{"line":263,"column":31}},"loc":{"start":{"line":263,"column":34},"end":{"line":276,"column":1}},"line":263},"18":{"name":"(anonymous_18)","decl":{"start":{"line":267,"column":33},"end":{"line":267,"column":34}},"loc":{"start":{"line":267,"column":40},"end":{"line":267,"column":71}},"line":267},"19":{"name":"(anonymous_19)","decl":{"start":{"line":280,"column":34},"end":{"line":280,"column":35}},"loc":{"start":{"line":280,"column":45},"end":{"line":284,"column":1}},"line":280},"20":{"name":"shouldCloseTab","decl":{"start":{"line":305,"column":9},"end":{"line":305,"column":23}},"loc":{"start":{"line":305,"column":29},"end":{"line":322,"column":1}},"line":305},"21":{"name":"(anonymous_21)","decl":{"start":{"line":315,"column":41},"end":{"line":315,"column":42}},"loc":{"start":{"line":315,"column":48},"end":{"line":315,"column":69}},"line":315},"22":{"name":"(anonymous_22)","decl":{"start":{"line":335,"column":37},"end":{"line":335,"column":38}},"loc":{"start":{"line":335,"column":46},"end":{"line":340,"column":1}},"line":335},"23":{"name":"isLinkedInPremium","decl":{"start":{"line":342,"column":9},"end":{"line":342,"column":26}},"loc":{"start":{"line":342,"column":32},"end":{"line":344,"column":1}},"line":342},"24":{"name":"redirectFromPremium","decl":{"start":{"line":346,"column":9},"end":{"line":346,"column":28}},"loc":{"start":{"line":346,"column":36},"end":{"line":369,"column":1}},"line":346},"25":{"name":"(anonymous_25)","decl":{"start":{"line":355,"column":57},"end":{"line":355,"column":58}},"loc":{"start":{"line":355,"column":69},"end":{"line":368,"column":3}},"line":355},"26":{"name":"(anonymous_26)","decl":{"start":{"line":371,"column":34},"end":{"line":371,"column":35}},"loc":{"start":{"line":371,"column":62},"end":{"line":388,"column":1}},"line":371},"27":{"name":"(anonymous_27)","decl":{"start":{"line":375,"column":36},"end":{"line":375,"column":37}},"loc":{"start":{"line":375,"column":42},"end":{"line":375,"column":44}},"line":375},"28":{"name":"(anonymous_28)","decl":{"start":{"line":390,"column":34},"end":{"line":390,"column":35}},"loc":{"start":{"line":390,"column":43},"end":{"line":400,"column":1}},"line":390},"29":{"name":"(anonymous_29)","decl":{"start":{"line":393,"column":37},"end":{"line":393,"column":38}},"loc":{"start":{"line":393,"column":43},"end":{"line":393,"column":45}},"line":393}},"branchMap":{"0":{"loc":{"start":{"line":2,"column":2},"end":{"line":16,"column":3}},"type":"if","locations":[{"start":{"line":2,"column":2},"end":{"line":16,"column":3}},{"start":{},"end":{}}],"line":2},"1":{"loc":{"start":{"line":2,"column":6},"end":{"line":2,"column":70}},"type":"binary-expr","locations":[{"start":{"line":2,"column":6},"end":{"line":2,"column":35}},{"start":{"line":2,"column":39},"end":{"line":2,"column":52}},{"start":{"line":2,"column":56},"end":{"line":2,"column":70}}],"line":2},"2":{"loc":{"start":{"line":5,"column":19},"end":{"line":5,"column":44}},"type":"binary-expr","locations":[{"start":{"line":5,"column":19},"end":{"line":5,"column":29}},{"start":{"line":5,"column":33},"end":{"line":5,"column":44}}],"line":5},"3":{"loc":{"start":{"line":6,"column":6},"end":{"line":14,"column":7}},"type":"if","locations":[{"start":{"line":6,"column":6},"end":{"line":14,"column":7}},{"start":{"line":9,"column":13},"end":{"line":14,"column":7}}],"line":6},"4":{"loc":{"start":{"line":10,"column":43},"end":{"line":10,"column":72}},"type":"cond-expr","locations":[{"start":{"line":10,"column":60},"end":{"line":10,"column":64}},{"start":{"line":10,"column":67},"end":{"line":10,"column":72}}],"line":10},"5":{"loc":{"start":{"line":12,"column":17},"end":{"line":12,"column":55}},"type":"cond-expr","locations":[{"start":{"line":12,"column":34},"end":{"line":12,"column":43}},{"start":{"line":12,"column":46},"end":{"line":12,"column":55}}],"line":12},"6":{"loc":{"start":{"line":21,"column":2},"end":{"line":23,"column":3}},"type":"if","locations":[{"start":{"line":21,"column":2},"end":{"line":23,"column":3}},{"start":{},"end":{}}],"line":21},"7":{"loc":{"start":{"line":26,"column":43},"end":{"line":26,"column":58}},"type":"binary-expr","locations":[{"start":{"line":26,"column":43},"end":{"line":26,"column":52}},{"start":{"line":26,"column":56},"end":{"line":26,"column":58}}],"line":26},"8":{"loc":{"start":{"line":26,"column":75},"end":{"line":26,"column":88}},"type":"binary-expr","locations":[{"start":{"line":26,"column":75},"end":{"line":26,"column":76}},{"start":{"line":26,"column":80},"end":{"line":26,"column":88}}],"line":26},"9":{"loc":{"start":{"line":31,"column":4},"end":{"line":64,"column":5}},"type":"if","locations":[{"start":{"line":31,"column":4},"end":{"line":64,"column":5}},{"start":{},"end":{}}],"line":31},"10":{"loc":{"start":{"line":121,"column":2},"end":{"line":142,"column":3}},"type":"if","locations":[{"start":{"line":121,"column":2},"end":{"line":142,"column":3}},{"start":{},"end":{}}],"line":121},"11":{"loc":{"start":{"line":147,"column":2},"end":{"line":158,"column":3}},"type":"if","locations":[{"start":{"line":147,"column":2},"end":{"line":158,"column":3}},{"start":{},"end":{}}],"line":147},"12":{"loc":{"start":{"line":149,"column":6},"end":{"line":151,"column":7}},"type":"if","locations":[{"start":{"line":149,"column":6},"end":{"line":151,"column":7}},{"start":{},"end":{}}],"line":149},"13":{"loc":{"start":{"line":149,"column":10},"end":{"line":149,"column":41}},"type":"binary-expr","locations":[{"start":{"line":149,"column":10},"end":{"line":149,"column":25}},{"start":{"line":149,"column":29},"end":{"line":149,"column":41}}],"line":149},"14":{"loc":{"start":{"line":152,"column":6},"end":{"line":154,"column":7}},"type":"if","locations":[{"start":{"line":152,"column":6},"end":{"line":154,"column":7}},{"start":{},"end":{}}],"line":152},"15":{"loc":{"start":{"line":153,"column":28},"end":{"line":153,"column":60}},"type":"binary-expr","locations":[{"start":{"line":153,"column":28},"end":{"line":153,"column":54}},{"start":{"line":153,"column":58},"end":{"line":153,"column":60}}],"line":153},"16":{"loc":{"start":{"line":164,"column":4},"end":{"line":170,"column":5}},"type":"if","locations":[{"start":{"line":164,"column":4},"end":{"line":170,"column":5}},{"start":{},"end":{}}],"line":164},"17":{"loc":{"start":{"line":165,"column":6},"end":{"line":167,"column":50}},"type":"binary-expr","locations":[{"start":{"line":165,"column":6},"end":{"line":165,"column":35}},{"start":{"line":166,"column":6},"end":{"line":166,"column":21}},{"start":{"line":167,"column":7},"end":{"line":167,"column":21}},{"start":{"line":167,"column":25},"end":{"line":167,"column":49}}],"line":165},"18":{"loc":{"start":{"line":172,"column":4},"end":{"line":174,"column":5}},"type":"if","locations":[{"start":{"line":172,"column":4},"end":{"line":174,"column":5}},{"start":{},"end":{}}],"line":172},"19":{"loc":{"start":{"line":223,"column":8},"end":{"line":239,"column":9}},"type":"if","locations":[{"start":{"line":223,"column":8},"end":{"line":239,"column":9}},{"start":{},"end":{}}],"line":223},"20":{"loc":{"start":{"line":223,"column":12},"end":{"line":223,"column":56}},"type":"binary-expr","locations":[{"start":{"line":223,"column":12},"end":{"line":223,"column":37}},{"start":{"line":223,"column":41},"end":{"line":223,"column":56}}],"line":223},"21":{"loc":{"start":{"line":233,"column":24},"end":{"line":233,"column":56}},"type":"binary-expr","locations":[{"start":{"line":233,"column":24},"end":{"line":233,"column":39}},{"start":{"line":233,"column":43},"end":{"line":233,"column":56}}],"line":233},"22":{"loc":{"start":{"line":267,"column":40},"end":{"line":267,"column":71}},"type":"binary-expr","locations":[{"start":{"line":267,"column":40},"end":{"line":267,"column":60}},{"start":{"line":267,"column":64},"end":{"line":267,"column":71}}],"line":267},"23":{"loc":{"start":{"line":268,"column":4},"end":{"line":272,"column":5}},"type":"if","locations":[{"start":{"line":268,"column":4},"end":{"line":272,"column":5}},{"start":{},"end":{}}],"line":268},"24":{"loc":{"start":{"line":281,"column":2},"end":{"line":283,"column":3}},"type":"if","locations":[{"start":{"line":281,"column":2},"end":{"line":283,"column":3}},{"start":{},"end":{}}],"line":281},"25":{"loc":{"start":{"line":308,"column":4},"end":{"line":312,"column":5}},"type":"if","locations":[{"start":{"line":308,"column":4},"end":{"line":312,"column":5}},{"start":{},"end":{}}],"line":308},"26":{"loc":{"start":{"line":309,"column":6},"end":{"line":311,"column":7}},"type":"if","locations":[{"start":{"line":309,"column":6},"end":{"line":311,"column":7}},{"start":{},"end":{}}],"line":309},"27":{"loc":{"start":{"line":309,"column":10},"end":{"line":309,"column":89}},"type":"binary-expr","locations":[{"start":{"line":309,"column":10},"end":{"line":309,"column":46}},{"start":{"line":309,"column":50},"end":{"line":309,"column":89}}],"line":309},"28":{"loc":{"start":{"line":315,"column":4},"end":{"line":317,"column":5}},"type":"if","locations":[{"start":{"line":315,"column":4},"end":{"line":317,"column":5}},{"start":{},"end":{}}],"line":315},"29":{"loc":{"start":{"line":336,"column":2},"end":{"line":339,"column":3}},"type":"if","locations":[{"start":{"line":336,"column":2},"end":{"line":339,"column":3}},{"start":{},"end":{}}],"line":336},"30":{"loc":{"start":{"line":336,"column":6},"end":{"line":336,"column":54}},"type":"binary-expr","locations":[{"start":{"line":336,"column":6},"end":{"line":336,"column":43}},{"start":{"line":336,"column":47},"end":{"line":336,"column":54}}],"line":336},"31":{"loc":{"start":{"line":348,"column":2},"end":{"line":353,"column":3}},"type":"if","locations":[{"start":{"line":348,"column":2},"end":{"line":353,"column":3}},{"start":{},"end":{}}],"line":348},"32":{"loc":{"start":{"line":356,"column":4},"end":{"line":358,"column":5}},"type":"if","locations":[{"start":{"line":356,"column":4},"end":{"line":358,"column":5}},{"start":{},"end":{}}],"line":356},"33":{"loc":{"start":{"line":360,"column":4},"end":{"line":367,"column":5}},"type":"if","locations":[{"start":{"line":360,"column":4},"end":{"line":367,"column":5}},{"start":{"line":364,"column":11},"end":{"line":367,"column":5}}],"line":360},"34":{"loc":{"start":{"line":372,"column":14},"end":{"line":372,"column":39}},"type":"binary-expr","locations":[{"start":{"line":372,"column":14},"end":{"line":372,"column":28}},{"start":{"line":372,"column":32},"end":{"line":372,"column":39}}],"line":372},"35":{"loc":{"start":{"line":374,"column":2},"end":{"line":377,"column":3}},"type":"if","locations":[{"start":{"line":374,"column":2},"end":{"line":377,"column":3}},{"start":{},"end":{}}],"line":374},"36":{"loc":{"start":{"line":374,"column":6},"end":{"line":374,"column":32}},"type":"binary-expr","locations":[{"start":{"line":374,"column":6},"end":{"line":374,"column":9}},{"start":{"line":374,"column":13},"end":{"line":374,"column":32}}],"line":374},"37":{"loc":{"start":{"line":379,"column":2},"end":{"line":387,"column":3}},"type":"if","locations":[{"start":{"line":379,"column":2},"end":{"line":387,"column":3}},{"start":{},"end":{}}],"line":379},"38":{"loc":{"start":{"line":379,"column":6},"end":{"line":379,"column":57}},"type":"binary-expr","locations":[{"start":{"line":379,"column":6},"end":{"line":379,"column":20}},{"start":{"line":379,"column":24},"end":{"line":379,"column":57}}],"line":379},"39":{"loc":{"start":{"line":391,"column":14},"end":{"line":391,"column":39}},"type":"binary-expr","locations":[{"start":{"line":391,"column":14},"end":{"line":391,"column":28}},{"start":{"line":391,"column":32},"end":{"line":391,"column":39}}],"line":391},"40":{"loc":{"start":{"line":392,"column":2},"end":{"line":395,"column":3}},"type":"if","locations":[{"start":{"line":392,"column":2},"end":{"line":395,"column":3}},{"start":{},"end":{}}],"line":392},"41":{"loc":{"start":{"line":392,"column":6},"end":{"line":392,"column":32}},"type":"binary-expr","locations":[{"start":{"line":392,"column":6},"end":{"line":392,"column":9}},{"start":{"line":392,"column":13},"end":{"line":392,"column":32}}],"line":392},"42":{"loc":{"start":{"line":396,"column":2},"end":{"line":399,"column":3}},"type":"if","locations":[{"start":{"line":396,"column":2},"end":{"line":399,"column":3}},{"start":{},"end":{}}],"line":396},"43":{"loc":{"start":{"line":396,"column":6},"end":{"line":396,"column":35}},"type":"binary-expr","locations":[{"start":{"line":396,"column":6},"end":{"line":396,"column":9}},{"start":{"line":396,"column":13},"end":{"line":396,"column":35}}],"line":396}},"s":{"0":34,"1":35,"2":35,"3":35,"4":35,"5":35,"6":2,"7":2,"8":33,"9":31,"10":34,"11":34,"12":32,"13":3,"14":29,"15":29,"16":29,"17":29,"18":29,"19":28,"20":28,"21":28,"22":28,"23":28,"24":28,"25":28,"26":28,"27":28,"28":2,"29":29,"30":34,"31":35,"32":35,"33":34,"34":32,"35":32,"36":34,"37":544,"38":34,"39":2,"40":34,"41":3,"42":3,"43":3,"44":1,"45":3,"46":34,"47":5,"48":5,"49":5,"50":3,"51":4,"52":3,"53":1,"54":34,"55":34,"56":33,"57":1,"58":32,"59":31,"60":29,"61":32,"62":2,"63":34,"64":34,"65":34,"66":34,"67":101,"68":101,"69":106,"70":33,"71":33,"72":66,"73":66,"74":66,"75":68,"76":66,"77":66,"78":33,"79":33,"80":32,"81":1,"82":35,"83":35,"84":33,"85":33,"86":33,"87":33,"88":33,"89":33,"90":2,"91":34,"92":34,"93":1,"94":1,"95":34,"96":34,"97":12,"98":12,"99":11,"100":3,"101":3,"102":8,"103":8,"104":43,"105":3,"106":6,"107":34,"108":34,"109":1,"110":1,"111":1,"112":6,"113":5,"114":5,"115":1,"116":1,"117":1,"118":1,"119":4,"120":4,"121":1,"122":3,"123":3,"124":2,"125":2,"126":2,"127":1,"128":1,"129":34,"130":10,"131":10,"132":4,"133":4,"134":6,"135":4,"136":4,"137":34,"138":3,"139":3,"140":2,"141":2,"142":1,"143":1,"144":1},"f":{"0":35,"1":35,"2":32,"3":29,"4":28,"5":28,"6":35,"7":32,"8":32,"9":544,"10":3,"11":5,"12":33,"13":101,"14":106,"15":33,"16":33,"17":35,"18":33,"19":1,"20":12,"21":43,"22":1,"23":6,"24":5,"25":4,"26":10,"27":1,"28":3,"29":1},"b":{"0":[35,0],"1":[35,35,35],"2":[35,2],"3":[2,33],"4":[0,33],"5":[0,31],"6":[3,29],"7":[29,0],"8":[29,29],"9":[28,0],"10":[3,0],"11":[5,0],"12":[3,2],"13":[5,2],"14":[3,1],"15":[3,0],"16":[1,32],"17":[33,33,33,33],"18":[29,2],"19":[66,2],"20":[68,68],"21":[66,66],"22":[33,33],"23":[33,0],"24":[1,0],"25":[3,8],"26":[3,0],"27":[3,2],"28":[3,5],"29":[1,0],"30":[1,1],"31":[1,4],"32":[1,3],"33":[2,1],"34":[10,1],"35":[4,6],"36":[10,9],"37":[4,2],"38":[6,5],"39":[3,2],"40":[2,1],"41":[3,3],"42":[1,0],"43":[1,1]},"_coverageSchema":"1a1c01bbd47fc00a2c39e90264f33305004495a9","hash":"d3ff76fa7bfa02fbfc34f288c2ab695a7ef25a06"}
,"/app/clean_adblock/cookie-popup-blocker-main.js": {"path":"/app/clean_adblock/cookie-popup-blocker-main.js","statementMap":{"0":{"start":{"line":6,"column":0},"end":{"line":53,"column":5}},"1":{"start":{"line":10,"column":21},"end":{"line":22,"column":3}},"2":{"start":{"line":23,"column":15},"end":{"line":23,"column":39}},"3":{"start":{"line":24,"column":2},"end":{"line":26,"column":3}},"4":{"start":{"line":24,"column":29},"end":{"line":24,"column":65}},"5":{"start":{"line":25,"column":4},"end":{"line":25,"column":11}},"6":{"start":{"line":28,"column":32},"end":{"line":37,"column":3}},"7":{"start":{"line":39,"column":16},"end":{"line":39,"column":27}},"8":{"start":{"line":40,"column":2},"end":{"line":52,"column":4}},"9":{"start":{"line":41,"column":4},"end":{"line":50,"column":5}},"10":{"start":{"line":42,"column":20},"end":{"line":42,"column":37}},"11":{"start":{"line":43,"column":6},"end":{"line":49,"column":7}},"12":{"start":{"line":45,"column":10},"end":{"line":45,"column":35}},"13":{"start":{"line":48,"column":8},"end":{"line":48,"column":20}},"14":{"start":{"line":51,"column":4},"end":{"line":51,"column":40}}},"fnMap":{"0":{"name":"(anonymous_0)","decl":{"start":{"line":6,"column":1},"end":{"line":6,"column":2}},"loc":{"start":{"line":6,"column":13},"end":{"line":53,"column":1}},"line":6},"1":{"name":"(anonymous_1)","decl":{"start":{"line":24,"column":22},"end":{"line":24,"column":23}},"loc":{"start":{"line":24,"column":29},"end":{"line":24,"column":65}},"line":24},"2":{"name":"(anonymous_2)","decl":{"start":{"line":40,"column":16},"end":{"line":40,"column":17}},"loc":{"start":{"line":40,"column":31},"end":{"line":52,"column":3}},"line":40},"3":{"name":"(anonymous_3)","decl":{"start":{"line":44,"column":35},"end":{"line":44,"column":36}},"loc":{"start":{"line":44,"column":48},"end":{"line":46,"column":9}},"line":44}},"branchMap":{"0":{"loc":{"start":{"line":24,"column":2},"end":{"line":26,"column":3}},"type":"if","locations":[{"start":{"line":24,"column":2},"end":{"line":26,"column":3}},{"start":{},"end":{}}],"line":24},"1":{"loc":{"start":{"line":24,"column":29},"end":{"line":24,"column":65}},"type":"binary-expr","locations":[{"start":{"line":24,"column":29},"end":{"line":24,"column":39}},{"start":{"line":24,"column":43},"end":{"line":24,"column":65}}],"line":24},"2":{"loc":{"start":{"line":41,"column":4},"end":{"line":50,"column":5}},"type":"if","locations":[{"start":{"line":41,"column":4},"end":{"line":50,"column":5}},{"start":{},"end":{}}],"line":41},"3":{"loc":{"start":{"line":41,"column":8},"end":{"line":41,"column":38}},"type":"binary-expr","locations":[{"start":{"line":41,"column":8},"end":{"line":41,"column":11}},{"start":{"line":41,"column":15},"end":{"line":41,"column":38}}],"line":41},"4":{"loc":{"start":{"line":43,"column":6},"end":{"line":49,"column":7}},"type":"if","locations":[{"start":{"line":43,"column":6},"end":{"line":49,"column":7}},{"start":{},"end":{}}],"line":43}},"s":{"0":5,"1":5,"2":5,"3":5,"4":46,"5":1,"6":4,"7":4,"8":4,"9":5,"10":3,"11":3,"12":15,"13":2,"14":3},"f":{"0":5,"1":46,"2":5,"3":15},"b":{"0":[1,4],"1":[46,45],"2":[3,2],"3":[5,4],"4":[2,1]},"_coverageSchema":"1a1c01bbd47fc00a2c39e90264f33305004495a9","hash":"922a3245ce04fcf18ee2dd7ab3d2e2f93bb8f48e"}
,"/app/clean_adblock/picker.js": {"path":"/app/clean_adblock/picker.js","statementMap":{"0":{"start":{"line":5,"column":0},"end":{"line":131,"column":5}},"1":{"start":{"line":6,"column":2},"end":{"line":8,"column":3}},"2":{"start":{"line":7,"column":4},"end":{"line":7,"column":11}},"3":{"start":{"line":9,"column":2},"end":{"line":11,"column":3}},"4":{"start":{"line":10,"column":4},"end":{"line":10,"column":11}},"5":{"start":{"line":12,"column":2},"end":{"line":12,"column":37}},"6":{"start":{"line":14,"column":18},"end":{"line":14,"column":47}},"7":{"start":{"line":15,"column":2},"end":{"line":22,"column":4}},"8":{"start":{"line":23,"column":2},"end":{"line":23,"column":48}},"9":{"start":{"line":25,"column":20},"end":{"line":25,"column":49}},"10":{"start":{"line":26,"column":2},"end":{"line":33,"column":4}},"11":{"start":{"line":34,"column":2},"end":{"line":34,"column":50}},"12":{"start":{"line":37,"column":15},"end":{"line":37,"column":62}},"13":{"start":{"line":38,"column":4},"end":{"line":40,"column":5}},"14":{"start":{"line":39,"column":6},"end":{"line":39,"column":13}},"15":{"start":{"line":42,"column":17},"end":{"line":42,"column":43}},"16":{"start":{"line":43,"column":4},"end":{"line":43,"column":59}},"17":{"start":{"line":44,"column":4},"end":{"line":44,"column":61}},"18":{"start":{"line":45,"column":4},"end":{"line":45,"column":46}},"19":{"start":{"line":46,"column":4},"end":{"line":46,"column":48}},"20":{"start":{"line":50,"column":4},"end":{"line":50,"column":23}},"21":{"start":{"line":51,"column":4},"end":{"line":51,"column":24}},"22":{"start":{"line":53,"column":15},"end":{"line":53,"column":62}},"23":{"start":{"line":54,"column":4},"end":{"line":56,"column":5}},"24":{"start":{"line":55,"column":6},"end":{"line":55,"column":13}},"25":{"start":{"line":58,"column":21},"end":{"line":58,"column":41}},"26":{"start":{"line":59,"column":4},"end":{"line":62,"column":5}},"27":{"start":{"line":60,"column":6},"end":{"line":60,"column":35}},"28":{"start":{"line":61,"column":6},"end":{"line":61,"column":32}},"29":{"start":{"line":63,"column":4},"end":{"line":63,"column":14}},"30":{"start":{"line":67,"column":4},"end":{"line":69,"column":5}},"31":{"start":{"line":68,"column":6},"end":{"line":68,"column":16}},"32":{"start":{"line":73,"column":4},"end":{"line":75,"column":5}},"33":{"start":{"line":74,"column":6},"end":{"line":74,"column":37}},"34":{"start":{"line":76,"column":4},"end":{"line":81,"column":5}},"35":{"start":{"line":77,"column":18},"end":{"line":77,"column":46}},"36":{"start":{"line":78,"column":6},"end":{"line":80,"column":7}},"37":{"start":{"line":79,"column":8},"end":{"line":79,"column":37}},"38":{"start":{"line":82,"column":4},"end":{"line":82,"column":36}},"39":{"start":{"line":86,"column":4},"end":{"line":88,"column":5}},"40":{"start":{"line":87,"column":6},"end":{"line":87,"column":13}},"41":{"start":{"line":89,"column":17},"end":{"line":89,"column":41}},"42":{"start":{"line":90,"column":4},"end":{"line":114,"column":5}},"43":{"start":{"line":91,"column":6},"end":{"line":111,"column":9}},"44":{"start":{"line":92,"column":8},"end":{"line":110,"column":9}},"45":{"start":{"line":93,"column":10},"end":{"line":99,"column":11}},"46":{"start":{"line":98,"column":12},"end":{"line":98,"column":19}},"47":{"start":{"line":100,"column":28},"end":{"line":100,"column":56}},"48":{"start":{"line":101,"column":10},"end":{"line":103,"column":11}},"49":{"start":{"line":102,"column":12},"end":{"line":102,"column":33}},"50":{"start":{"line":104,"column":10},"end":{"line":107,"column":11}},"51":{"start":{"line":105,"column":12},"end":{"line":105,"column":43}},"52":{"start":{"line":106,"column":12},"end":{"line":106,"column":69}},"53":{"start":{"line":109,"column":10},"end":{"line":109,"column":68}},"54":{"start":{"line":113,"column":6},"end":{"line":113,"column":62}},"55":{"start":{"line":118,"column":4},"end":{"line":118,"column":40}},"56":{"start":{"line":119,"column":4},"end":{"line":119,"column":21}},"57":{"start":{"line":120,"column":4},"end":{"line":120,"column":23}},"58":{"start":{"line":121,"column":4},"end":{"line":121,"column":63}},"59":{"start":{"line":122,"column":4},"end":{"line":122,"column":61}},"60":{"start":{"line":123,"column":4},"end":{"line":123,"column":59}},"61":{"start":{"line":126,"column":2},"end":{"line":126,"column":58}},"62":{"start":{"line":127,"column":2},"end":{"line":127,"column":56}},"63":{"start":{"line":128,"column":2},"end":{"line":128,"column":54}},"64":{"start":{"line":130,"column":2},"end":{"line":130,"column":87}}},"fnMap":{"0":{"name":"(anonymous_0)","decl":{"start":{"line":5,"column":1},"end":{"line":5,"column":2}},"loc":{"start":{"line":5,"column":13},"end":{"line":131,"column":1}},"line":5},"1":{"name":"handleMouseMove","decl":{"start":{"line":36,"column":11},"end":{"line":36,"column":26}},"loc":{"start":{"line":36,"column":30},"end":{"line":47,"column":3}},"line":36},"2":{"name":"handleClick","decl":{"start":{"line":49,"column":11},"end":{"line":49,"column":22}},"loc":{"start":{"line":49,"column":26},"end":{"line":64,"column":3}},"line":49},"3":{"name":"handleKeydown","decl":{"start":{"line":66,"column":11},"end":{"line":66,"column":24}},"loc":{"start":{"line":66,"column":28},"end":{"line":70,"column":3}},"line":66},"4":{"name":"generateSelector","decl":{"start":{"line":72,"column":11},"end":{"line":72,"column":27}},"loc":{"start":{"line":72,"column":32},"end":{"line":83,"column":3}},"line":72},"5":{"name":"saveCustomSelector","decl":{"start":{"line":85,"column":11},"end":{"line":85,"column":29}},"loc":{"start":{"line":85,"column":40},"end":{"line":115,"column":3}},"line":85},"6":{"name":"(anonymous_6)","decl":{"start":{"line":91,"column":52},"end":{"line":91,"column":53}},"loc":{"start":{"line":91,"column":64},"end":{"line":111,"column":7}},"line":91},"7":{"name":"cleanup","decl":{"start":{"line":117,"column":11},"end":{"line":117,"column":18}},"loc":{"start":{"line":117,"column":21},"end":{"line":124,"column":3}},"line":117}},"branchMap":{"0":{"loc":{"start":{"line":6,"column":2},"end":{"line":8,"column":3}},"type":"if","locations":[{"start":{"line":6,"column":2},"end":{"line":8,"column":3}},{"start":{},"end":{}}],"line":6},"1":{"loc":{"start":{"line":6,"column":6},"end":{"line":6,"column":54}},"type":"binary-expr","locations":[{"start":{"line":6,"column":6},"end":{"line":6,"column":35}},{"start":{"line":6,"column":39},"end":{"line":6,"column":54}}],"line":6},"2":{"loc":{"start":{"line":9,"column":2},"end":{"line":11,"column":3}},"type":"if","locations":[{"start":{"line":9,"column":2},"end":{"line":11,"column":3}},{"start":{},"end":{}}],"line":9},"3":{"loc":{"start":{"line":38,"column":4},"end":{"line":40,"column":5}},"type":"if","locations":[{"start":{"line":38,"column":4},"end":{"line":40,"column":5}},{"start":{},"end":{}}],"line":38},"4":{"loc":{"start":{"line":38,"column":8},"end":{"line":38,"column":49}},"type":"binary-expr","locations":[{"start":{"line":38,"column":8},"end":{"line":38,"column":11}},{"start":{"line":38,"column":15},"end":{"line":38,"column":29}},{"start":{"line":38,"column":33},"end":{"line":38,"column":49}}],"line":38},"5":{"loc":{"start":{"line":54,"column":4},"end":{"line":56,"column":5}},"type":"if","locations":[{"start":{"line":54,"column":4},"end":{"line":56,"column":5}},{"start":{},"end":{}}],"line":54},"6":{"loc":{"start":{"line":54,"column":8},"end":{"line":54,"column":49}},"type":"binary-expr","locations":[{"start":{"line":54,"column":8},"end":{"line":54,"column":11}},{"start":{"line":54,"column":15},"end":{"line":54,"column":29}},{"start":{"line":54,"column":33},"end":{"line":54,"column":49}}],"line":54},"7":{"loc":{"start":{"line":59,"column":4},"end":{"line":62,"column":5}},"type":"if","locations":[{"start":{"line":59,"column":4},"end":{"line":62,"column":5}},{"start":{},"end":{}}],"line":59},"8":{"loc":{"start":{"line":67,"column":4},"end":{"line":69,"column":5}},"type":"if","locations":[{"start":{"line":67,"column":4},"end":{"line":69,"column":5}},{"start":{},"end":{}}],"line":67},"9":{"loc":{"start":{"line":73,"column":4},"end":{"line":75,"column":5}},"type":"if","locations":[{"start":{"line":73,"column":4},"end":{"line":75,"column":5}},{"start":{},"end":{}}],"line":73},"10":{"loc":{"start":{"line":76,"column":4},"end":{"line":81,"column":5}},"type":"if","locations":[{"start":{"line":76,"column":4},"end":{"line":81,"column":5}},{"start":{},"end":{}}],"line":76},"11":{"loc":{"start":{"line":76,"column":8},"end":{"line":76,"column":56}},"type":"binary-expr","locations":[{"start":{"line":76,"column":8},"end":{"line":76,"column":20}},{"start":{"line":76,"column":24},"end":{"line":76,"column":56}}],"line":76},"12":{"loc":{"start":{"line":78,"column":6},"end":{"line":80,"column":7}},"type":"if","locations":[{"start":{"line":78,"column":6},"end":{"line":80,"column":7}},{"start":{},"end":{}}],"line":78},"13":{"loc":{"start":{"line":86,"column":4},"end":{"line":88,"column":5}},"type":"if","locations":[{"start":{"line":86,"column":4},"end":{"line":88,"column":5}},{"start":{},"end":{}}],"line":86},"14":{"loc":{"start":{"line":86,"column":8},"end":{"line":86,"column":81}},"type":"binary-expr","locations":[{"start":{"line":86,"column":8},"end":{"line":86,"column":37}},{"start":{"line":86,"column":41},"end":{"line":86,"column":56}},{"start":{"line":86,"column":60},"end":{"line":86,"column":81}}],"line":86},"15":{"loc":{"start":{"line":93,"column":10},"end":{"line":99,"column":11}},"type":"if","locations":[{"start":{"line":93,"column":10},"end":{"line":99,"column":11}},{"start":{},"end":{}}],"line":93},"16":{"loc":{"start":{"line":94,"column":12},"end":{"line":96,"column":56}},"type":"binary-expr","locations":[{"start":{"line":94,"column":12},"end":{"line":94,"column":41}},{"start":{"line":95,"column":12},"end":{"line":95,"column":27}},{"start":{"line":96,"column":13},"end":{"line":96,"column":27}},{"start":{"line":96,"column":31},"end":{"line":96,"column":55}}],"line":94},"17":{"loc":{"start":{"line":100,"column":28},"end":{"line":100,"column":56}},"type":"binary-expr","locations":[{"start":{"line":100,"column":28},"end":{"line":100,"column":50}},{"start":{"line":100,"column":54},"end":{"line":100,"column":56}}],"line":100},"18":{"loc":{"start":{"line":101,"column":10},"end":{"line":103,"column":11}},"type":"if","locations":[{"start":{"line":101,"column":10},"end":{"line":103,"column":11}},{"start":{},"end":{}}],"line":101},"19":{"loc":{"start":{"line":104,"column":10},"end":{"line":107,"column":11}},"type":"if","locations":[{"start":{"line":104,"column":10},"end":{"line":107,"column":11}},{"start":{},"end":{}}],"line":104}},"s":{"0":13,"1":13,"2":2,"3":11,"4":1,"5":10,"6":10,"7":10,"8":10,"9":10,"10":10,"11":10,"12":2,"13":2,"14":0,"15":2,"16":2,"17":2,"18":2,"19":2,"20":9,"21":9,"22":9,"23":9,"24":0,"25":9,"26":9,"27":9,"28":9,"29":9,"30":1,"31":1,"32":9,"33":3,"34":6,"35":1,"36":1,"37":1,"38":5,"39":9,"40":0,"41":9,"42":9,"43":9,"44":7,"45":7,"46":0,"47":7,"48":6,"49":6,"50":6,"51":6,"52":6,"53":1,"54":2,"55":10,"56":10,"57":10,"58":10,"59":10,"60":10,"61":10,"62":10,"63":10,"64":10},"f":{"0":13,"1":2,"2":9,"3":1,"4":9,"5":9,"6":7,"7":10},"b":{"0":[2,11],"1":[13,11],"2":[1,10],"3":[0,2],"4":[2,2,2],"5":[0,9],"6":[9,9,9],"7":[9,0],"8":[1,0],"9":[3,6],"10":[1,5],"11":[6,1],"12":[1,0],"13":[0,9],"14":[9,9,9],"15":[0,7],"16":[7,7,7,0],"17":[7,0],"18":[6,0],"19":[6,0]},"_coverageSchema":"1a1c01bbd47fc00a2c39e90264f33305004495a9","hash":"2280dff3b0711a914cababbb93629c68729817ed"}
,"/app/clean_adblock/x-twitter-bird.js": {"path":"/app/clean_adblock/x-twitter-bird.js","statementMap":{"0":{"start":{"line":8,"column":0},"end":{"line":107,"column":5}},"1":{"start":{"line":13,"column":4},"end":{"line":13,"column":712}},"2":{"start":{"line":16,"column":18},"end":{"line":16,"column":49}},"3":{"start":{"line":17,"column":4},"end":{"line":17,"column":36}},"4":{"start":{"line":20,"column":19},"end":{"line":23,"column":5}},"5":{"start":{"line":25,"column":14},"end":{"line":25,"column":16}},"6":{"start":{"line":26,"column":4},"end":{"line":45,"column":7}},"7":{"start":{"line":29,"column":6},"end":{"line":44,"column":8}},"8":{"start":{"line":47,"column":4},"end":{"line":47,"column":28}},"9":{"start":{"line":48,"column":4},"end":{"line":48,"column":67}},"10":{"start":{"line":52,"column":4},"end":{"line":54,"column":5}},"11":{"start":{"line":53,"column":6},"end":{"line":53,"column":13}},"12":{"start":{"line":56,"column":22},"end":{"line":58,"column":5}},"13":{"start":{"line":59,"column":19},"end":{"line":59,"column":24}},"14":{"start":{"line":61,"column":4},"end":{"line":66,"column":7}},"15":{"start":{"line":62,"column":6},"end":{"line":65,"column":7}},"16":{"start":{"line":63,"column":8},"end":{"line":63,"column":64}},"17":{"start":{"line":64,"column":8},"end":{"line":64,"column":24}},"18":{"start":{"line":68,"column":4},"end":{"line":76,"column":5}},"19":{"start":{"line":69,"column":21},"end":{"line":69,"column":62}},"20":{"start":{"line":70,"column":6},"end":{"line":75,"column":7}},"21":{"start":{"line":71,"column":21},"end":{"line":71,"column":51}},"22":{"start":{"line":72,"column":8},"end":{"line":72,"column":35}},"23":{"start":{"line":73,"column":8},"end":{"line":73,"column":64}},"24":{"start":{"line":74,"column":8},"end":{"line":74,"column":33}},"25":{"start":{"line":80,"column":4},"end":{"line":84,"column":5}},"26":{"start":{"line":81,"column":6},"end":{"line":81,"column":33}},"27":{"start":{"line":82,"column":11},"end":{"line":84,"column":5}},"28":{"start":{"line":83,"column":6},"end":{"line":83,"column":70}},"29":{"start":{"line":88,"column":2},"end":{"line":88,"column":14}},"30":{"start":{"line":91,"column":2},"end":{"line":91,"column":19}},"31":{"start":{"line":92,"column":2},"end":{"line":92,"column":16}},"32":{"start":{"line":95,"column":23},"end":{"line":98,"column":4}},"33":{"start":{"line":96,"column":4},"end":{"line":96,"column":18}},"34":{"start":{"line":97,"column":4},"end":{"line":97,"column":21}},"35":{"start":{"line":100,"column":2},"end":{"line":106,"column":3}},"36":{"start":{"line":101,"column":4},"end":{"line":101,"column":97}},"37":{"start":{"line":103,"column":4},"end":{"line":105,"column":7}},"38":{"start":{"line":104,"column":6},"end":{"line":104,"column":99}}},"fnMap":{"0":{"name":"(anonymous_0)","decl":{"start":{"line":8,"column":1},"end":{"line":8,"column":2}},"loc":{"start":{"line":8,"column":13},"end":{"line":107,"column":1}},"line":8},"1":{"name":"injectCSS","decl":{"start":{"line":15,"column":11},"end":{"line":15,"column":20}},"loc":{"start":{"line":15,"column":23},"end":{"line":49,"column":3}},"line":15},"2":{"name":"(anonymous_2)","decl":{"start":{"line":26,"column":19},"end":{"line":26,"column":20}},"loc":{"start":{"line":26,"column":30},"end":{"line":45,"column":5}},"line":26},"3":{"name":"replaceFavicon","decl":{"start":{"line":51,"column":11},"end":{"line":51,"column":25}},"loc":{"start":{"line":51,"column":28},"end":{"line":77,"column":3}},"line":51},"4":{"name":"(anonymous_4)","decl":{"start":{"line":61,"column":22},"end":{"line":61,"column":23}},"loc":{"start":{"line":61,"column":32},"end":{"line":66,"column":5}},"line":61},"5":{"name":"updateTitle","decl":{"start":{"line":79,"column":11},"end":{"line":79,"column":22}},"loc":{"start":{"line":79,"column":25},"end":{"line":85,"column":3}},"line":79},"6":{"name":"(anonymous_6)","decl":{"start":{"line":95,"column":44},"end":{"line":95,"column":45}},"loc":{"start":{"line":95,"column":50},"end":{"line":98,"column":3}},"line":95},"7":{"name":"(anonymous_7)","decl":{"start":{"line":103,"column":50},"end":{"line":103,"column":51}},"loc":{"start":{"line":103,"column":56},"end":{"line":105,"column":5}},"line":103}},"branchMap":{"0":{"loc":{"start":{"line":48,"column":5},"end":{"line":48,"column":46}},"type":"binary-expr","locations":[{"start":{"line":48,"column":5},"end":{"line":48,"column":18}},{"start":{"line":48,"column":22},"end":{"line":48,"column":46}}],"line":48},"1":{"loc":{"start":{"line":52,"column":4},"end":{"line":54,"column":5}},"type":"if","locations":[{"start":{"line":52,"column":4},"end":{"line":54,"column":5}},{"start":{},"end":{}}],"line":52},"2":{"loc":{"start":{"line":52,"column":8},"end":{"line":52,"column":56}},"type":"binary-expr","locations":[{"start":{"line":52,"column":8},"end":{"line":52,"column":37}},{"start":{"line":52,"column":41},"end":{"line":52,"column":56}}],"line":52},"3":{"loc":{"start":{"line":62,"column":6},"end":{"line":65,"column":7}},"type":"if","locations":[{"start":{"line":62,"column":6},"end":{"line":65,"column":7}},{"start":{},"end":{}}],"line":62},"4":{"loc":{"start":{"line":68,"column":4},"end":{"line":76,"column":5}},"type":"if","locations":[{"start":{"line":68,"column":4},"end":{"line":76,"column":5}},{"start":{},"end":{}}],"line":68},"5":{"loc":{"start":{"line":68,"column":8},"end":{"line":68,"column":43}},"type":"binary-expr","locations":[{"start":{"line":68,"column":8},"end":{"line":68,"column":17}},{"start":{"line":68,"column":21},"end":{"line":68,"column":43}}],"line":68},"6":{"loc":{"start":{"line":69,"column":21},"end":{"line":69,"column":62}},"type":"binary-expr","locations":[{"start":{"line":69,"column":21},"end":{"line":69,"column":34}},{"start":{"line":69,"column":38},"end":{"line":69,"column":62}}],"line":69},"7":{"loc":{"start":{"line":70,"column":6},"end":{"line":75,"column":7}},"type":"if","locations":[{"start":{"line":70,"column":6},"end":{"line":75,"column":7}},{"start":{},"end":{}}],"line":70},"8":{"loc":{"start":{"line":80,"column":4},"end":{"line":84,"column":5}},"type":"if","locations":[{"start":{"line":80,"column":4},"end":{"line":84,"column":5}},{"start":{"line":82,"column":11},"end":{"line":84,"column":5}}],"line":80},"9":{"loc":{"start":{"line":82,"column":11},"end":{"line":84,"column":5}},"type":"if","locations":[{"start":{"line":82,"column":11},"end":{"line":84,"column":5}},{"start":{},"end":{}}],"line":82},"10":{"loc":{"start":{"line":100,"column":2},"end":{"line":106,"column":3}},"type":"if","locations":[{"start":{"line":100,"column":2},"end":{"line":106,"column":3}},{"start":{"line":102,"column":9},"end":{"line":106,"column":3}}],"line":100}},"s":{"0":6,"1":6,"2":6,"3":6,"4":6,"5":6,"6":6,"7":12,"8":6,"9":6,"10":36,"11":5,"12":31,"13":31,"14":31,"15":28,"16":1,"17":1,"18":31,"19":7,"20":7,"21":7,"22":7,"23":7,"24":7,"25":36,"26":1,"27":35,"28":1,"29":6,"30":6,"31":6,"32":6,"33":30,"34":30,"35":6,"36":5,"37":1,"38":1},"f":{"0":6,"1":6,"2":12,"3":36,"4":28,"5":36,"6":30,"7":1},"b":{"0":[6,1],"1":[5,31],"2":[36,31],"3":[1,27],"4":[7,24],"5":[31,30],"6":[7,1],"7":[7,0],"8":[1,35],"9":[1,34],"10":[5,1]},"_coverageSchema":"1a1c01bbd47fc00a2c39e90264f33305004495a9","hash":"4a1577c3ef2fee2682a6dc4760041ae175c96efa"}
}
