TN:
SF:clean_adblock/background.js
FN:1,(anonymous_0)
FN:3,(anonymous_1)
FN:20,(anonymous_2)
FN:26,(anonymous_3)
FN:28,(anonymous_4)
FN:32,(anonymous_5)
FN:94,setupAdNetworkBlocking
FN:98,(anonymous_7)
FN:98,(anonymous_8)
FN:100,(anonymous_9)
FN:120,(anonymous_10)
FN:146,(anonymous_11)
FN:163,(anonymous_12)
FN:211,isAuthCookie
FN:213,(anonymous_14)
FN:216,extendCookies
FN:252,heartbeat
FN:268,sessionKeepAlive
FN:272,(anonymous_18)
FN:287,(anonymous_19)
FN:312,shouldCloseTab
FN:325,(anonymous_21)
FN:345,(anonymous_22)
FN:352,isLinkedInPremium
FN:359,redirectFromPremium
FN:368,(anonymous_25)
FN:384,(anonymous_26)
FN:388,(anonymous_27)
FN:403,(anonymous_28)
FN:406,(anonymous_29)
FNF:30
FNH:28
FNDA:63,(anonymous_0)
FNDA:61,(anonymous_1)
FNDA:22,(anonymous_2)
FNDA:21,(anonymous_3)
FNDA:14,(anonymous_4)
FNDA:6,(anonymous_5)
FNDA:49,setupAdNetworkBlocking
FNDA:0,(anonymous_7)
FNDA:0,(anonymous_8)
FNDA:32,(anonymous_9)
FNDA:5,(anonymous_10)
FNDA:21,(anonymous_11)
FNDA:58,(anonymous_12)
FNDA:296,isAuthCookie
FNDA:1333,(anonymous_14)
FNDA:66,extendCookies
FNDA:66,heartbeat
FNDA:105,sessionKeepAlive
FNDA:99,(anonymous_18)
FNDA:15,(anonymous_19)
FNDA:26,shouldCloseTab
FNDA:125,(anonymous_21)
FNDA:7,(anonymous_22)
FNDA:14,isLinkedInPremium
FNDA:7,redirectFromPremium
FNDA:4,(anonymous_25)
FNDA:22,(anonymous_26)
FNDA:3,(anonymous_27)
FNDA:10,(anonymous_28)
FNDA:3,(anonymous_29)
DA:1,90
DA:2,63
DA:3,63
DA:4,61
DA:5,61
DA:6,61
DA:7,16
DA:8,0
DA:10,45
DA:11,18
DA:19,90
DA:20,90
DA:21,22
DA:22,0
DA:24,22
DA:25,22
DA:26,22
DA:27,22
DA:28,20
DA:29,5
DA:31,5
DA:32,4
DA:33,6
DA:34,6
DA:44,6
DA:66,5
DA:68,18
DA:70,22
DA:75,90
DA:95,49
DA:96,49
DA:98,49
DA:100,32
DA:111,2
DA:116,47
DA:120,90
DA:121,5
DA:122,4
DA:123,4
DA:140,1
DA:143,5
DA:146,90
DA:147,21
DA:148,20
DA:149,20
DA:150,10
DA:152,12
DA:153,10
DA:156,8
DA:162,90
DA:163,90
DA:164,58
DA:169,5
DA:171,53
DA:172,17
DA:173,12
DA:176,44
DA:178,46
DA:192,90
DA:193,90
DA:194,90
DA:197,90
DA:212,296
DA:213,1333
DA:217,66
DA:219,66
DA:220,132
DA:221,132
DA:222,131
DA:223,197
DA:224,68
DA:226,129
DA:227,0
DA:230,129
DA:231,129
DA:253,66
DA:256,66
DA:262,39
DA:264,27
DA:270,105
DA:271,105
DA:272,103
DA:273,78
DA:274,12
DA:277,66
DA:278,66
DA:279,66
DA:281,27
DA:286,90
DA:287,90
DA:288,15
DA:289,15
DA:294,90
DA:301,90
DA:313,26
DA:314,0
DA:316,26
DA:317,26
DA:318,26
DA:319,6
DA:320,6
DA:324,20
DA:325,125
DA:326,5
DA:331,15
DA:342,90
DA:345,90
DA:346,7
DA:347,5
DA:348,5
DA:353,14
DA:354,0
DA:356,14
DA:360,7
DA:361,7
DA:362,3
DA:363,3
DA:364,3
DA:365,3
DA:368,4
DA:369,4
DA:370,2
DA:372,2
DA:373,2
DA:374,1
DA:375,1
DA:376,1
DA:378,1
DA:379,1
DA:384,90
DA:385,22
DA:387,22
DA:388,6
DA:389,6
DA:392,16
DA:393,5
DA:399,5
DA:403,90
DA:404,10
DA:405,10
DA:406,5
DA:407,5
DA:409,5
DA:410,2
DA:411,2
LF:145
LH:140
BRDA:2,0,0,63
BRDA:2,0,1,0
BRDA:2,1,0,63
BRDA:2,1,1,63
BRDA:2,1,2,63
BRDA:5,2,0,61
BRDA:5,2,1,43
BRDA:6,3,0,16
BRDA:6,3,1,45
BRDA:10,4,0,0
BRDA:10,4,1,45
BRDA:12,5,0,0
BRDA:12,5,1,18
BRDA:21,6,0,0
BRDA:21,6,1,22
BRDA:26,7,0,22
BRDA:26,7,1,0
BRDA:26,8,0,21
BRDA:26,8,1,21
BRDA:31,9,0,4
BRDA:31,9,1,1
BRDA:121,10,0,4
BRDA:121,10,1,1
BRDA:147,11,0,20
BRDA:147,11,1,1
BRDA:149,12,0,10
BRDA:149,12,1,10
BRDA:149,13,0,20
BRDA:149,13,1,13
BRDA:152,14,0,10
BRDA:152,14,1,2
BRDA:153,15,0,10
BRDA:153,15,1,4
BRDA:164,16,0,5
BRDA:164,16,1,53
BRDA:165,17,0,58
BRDA:165,17,1,58
BRDA:165,17,2,58
BRDA:165,17,3,58
BRDA:172,18,0,12
BRDA:172,18,1,5
BRDA:223,19,0,68
BRDA:223,19,1,129
BRDA:226,20,0,0
BRDA:226,20,1,129
BRDA:239,21,0,129
BRDA:239,21,1,129
BRDA:272,22,0,99
BRDA:272,22,1,66
BRDA:273,23,0,12
BRDA:273,23,1,66
BRDA:288,24,0,15
BRDA:288,24,1,0
BRDA:313,25,0,0
BRDA:313,25,1,26
BRDA:318,26,0,6
BRDA:318,26,1,20
BRDA:319,27,0,6
BRDA:319,27,1,0
BRDA:319,28,0,6
BRDA:319,28,1,1
BRDA:325,29,0,5
BRDA:325,29,1,15
BRDA:346,30,0,5
BRDA:346,30,1,2
BRDA:346,31,0,7
BRDA:346,31,1,5
BRDA:353,32,0,0
BRDA:353,32,1,14
BRDA:361,33,0,3
BRDA:361,33,1,4
BRDA:369,34,0,2
BRDA:369,34,1,2
BRDA:373,35,0,1
BRDA:373,35,1,1
BRDA:385,36,0,22
BRDA:385,36,1,5
BRDA:387,37,0,6
BRDA:387,37,1,16
BRDA:387,38,0,22
BRDA:387,38,1,18
BRDA:392,39,0,5
BRDA:392,39,1,11
BRDA:392,40,0,16
BRDA:392,40,1,11
BRDA:404,41,0,10
BRDA:404,41,1,9
BRDA:405,42,0,5
BRDA:405,42,1,5
BRDA:405,43,0,10
BRDA:405,43,1,8
BRDA:409,44,0,2
BRDA:409,44,1,3
BRDA:409,45,0,5
BRDA:409,45,1,3
BRF:95
BRH:85
end_of_record
TN:
SF:clean_adblock/content.js
FN:6,(anonymous_0)
FN:28,(anonymous_1)
FN:89,scanDOM
FN:105,scoreElement
FN:113,(anonymous_4)
FN:166,hideDetector
FN:191,restoreScrolling
FN:192,(anonymous_7)
FN:210,restoreInteractions
FN:223,(anonymous_9)
FN:240,(anonymous_10)
FN:248,(anonymous_11)
FN:257,(anonymous_12)
FN:265,(anonymous_13)
FN:278,(anonymous_14)
FN:328,isContextValid
FN:362,(anonymous_16)
FN:365,dismissAdmiral
FN:415,run
FN:429,(anonymous_19)
FN:441,(anonymous_20)
FN:459,(anonymous_21)
FN:465,(anonymous_22)
FN:473,(anonymous_23)
FN:500,(anonymous_24)
FN:515,(anonymous_25)
FN:528,(anonymous_26)
FN:535,(anonymous_27)
FN:537,(anonymous_28)
FN:565,(anonymous_29)
FN:571,(anonymous_30)
FN:581,(anonymous_31)
FN:596,(anonymous_32)
FNF:33
FNH:5
FNDA:3,(anonymous_0)
FNDA:0,(anonymous_1)
FNDA:0,scanDOM
FNDA:0,scoreElement
FNDA:0,(anonymous_4)
FNDA:0,hideDetector
FNDA:0,restoreScrolling
FNDA:0,(anonymous_7)
FNDA:0,restoreInteractions
FNDA:0,(anonymous_9)
FNDA:0,(anonymous_10)
FNDA:0,(anonymous_11)
FNDA:0,(anonymous_12)
FNDA:0,(anonymous_13)
FNDA:0,(anonymous_14)
FNDA:8,isContextValid
FNDA:24,(anonymous_16)
FNDA:0,dismissAdmiral
FNDA:3,run
FNDA:0,(anonymous_19)
FNDA:0,(anonymous_20)
FNDA:0,(anonymous_21)
FNDA:0,(anonymous_22)
FNDA:0,(anonymous_23)
FNDA:0,(anonymous_24)
FNDA:0,(anonymous_25)
FNDA:0,(anonymous_26)
FNDA:0,(anonymous_27)
FNDA:0,(anonymous_28)
FNDA:2,(anonymous_29)
FNDA:0,(anonymous_30)
FNDA:0,(anonymous_31)
FNDA:0,(anonymous_32)
DA:6,3
DA:10,3
DA:11,3
DA:24,0
DA:27,3
DA:28,3
DA:31,3
DA:90,0
DA:92,0
DA:93,0
DA:94,0
DA:95,0
DA:106,0
DA:107,0
DA:108,0
DA:111,0
DA:112,0
DA:113,0
DA:114,0
DA:115,0
DA:117,0
DA:129,0
DA:134,0
DA:135,0
DA:139,0
DA:140,0
DA:141,0
DA:145,0
DA:146,0
DA:147,0
DA:149,0
DA:150,0
DA:154,0
DA:155,0
DA:156,0
DA:159,0
DA:167,0
DA:170,0
DA:171,0
DA:173,0
DA:174,0
DA:175,0
DA:176,0
DA:178,0
DA:181,0
DA:182,0
DA:183,0
DA:184,0
DA:192,0
DA:193,0
DA:194,0
DA:195,0
DA:196,0
DA:197,0
DA:201,0
DA:202,0
DA:212,0
DA:215,0
DA:216,0
DA:217,0
DA:218,0
DA:219,0
DA:223,0
DA:224,0
DA:225,0
DA:227,0
DA:228,0
DA:229,0
DA:230,0
DA:231,0
DA:232,0
DA:233,0
DA:235,0
DA:236,0
DA:237,0
DA:240,0
DA:241,0
DA:242,0
DA:243,0
DA:245,0
DA:248,0
DA:249,0
DA:256,3
DA:258,0
DA:260,0
DA:261,0
DA:262,0
DA:266,0
DA:268,0
DA:269,0
DA:270,0
DA:271,0
DA:275,0
DA:279,0
DA:280,0
DA:281,0
DA:282,0
DA:283,0
DA:319,0
DA:329,8
DA:331,8
DA:339,0
DA:350,3
DA:360,3
DA:361,3
DA:362,24
DA:366,0
DA:367,0
DA:371,0
DA:372,0
DA:373,0
DA:374,0
DA:375,0
DA:377,0
DA:381,0
DA:387,0
DA:390,0
DA:393,0
DA:394,0
DA:395,0
DA:396,0
DA:397,0
DA:398,0
DA:400,0
DA:403,0
DA:404,0
DA:405,0
DA:406,0
DA:407,0
DA:416,3
DA:417,3
DA:419,0
DA:420,0
DA:422,0
DA:424,0
DA:425,0
DA:426,0
DA:429,0
DA:430,0
DA:431,0
DA:432,0
DA:434,0
DA:435,0
DA:438,0
DA:441,0
DA:442,0
DA:443,0
DA:447,0
DA:459,0
DA:460,0
DA:464,0
DA:465,0
DA:466,0
DA:467,0
DA:468,0
DA:473,0
DA:474,0
DA:475,0
DA:480,0
DA:498,0
DA:499,0
DA:500,0
DA:501,0
DA:502,0
DA:503,0
DA:512,0
DA:515,0
DA:516,0
DA:517,0
DA:522,0
DA:523,0
DA:524,0
DA:525,0
DA:528,0
DA:529,0
DA:530,0
DA:531,0
DA:533,0
DA:534,0
DA:535,0
DA:536,0
DA:537,0
DA:538,0
DA:541,0
DA:546,0
DA:550,0
DA:553,0
DA:557,0
DA:562,3
DA:565,3
DA:566,2
DA:567,2
DA:568,2
DA:570,0
DA:571,0
DA:572,0
DA:573,0
DA:576,0
DA:577,0
DA:579,0
DA:580,0
DA:581,0
DA:582,0
DA:583,0
DA:589,3
DA:595,3
DA:596,0
DA:597,0
DA:598,0
DA:600,0
DA:601,0
DA:602,0
DA:603,0
DA:605,0
LF:214
LH:22
BRDA:11,0,0,0
BRDA:11,0,1,3
BRDA:12,1,0,3
BRDA:12,1,1,3
BRDA:12,1,2,3
BRDA:12,1,3,3
BRDA:12,1,4,3
BRDA:12,1,5,3
BRDA:12,1,6,3
BRDA:12,1,7,3
BRDA:12,1,8,3
BRDA:12,1,9,3
BRDA:12,1,10,3
BRDA:28,2,0,0
BRDA:28,2,1,0
BRDA:94,3,0,0
BRDA:94,3,1,0
BRDA:106,4,0,0
BRDA:106,4,1,0
BRDA:107,5,0,0
BRDA:107,5,1,0
BRDA:107,6,0,0
BRDA:107,6,1,0
BRDA:114,7,0,0
BRDA:114,7,1,0
BRDA:117,8,0,0
BRDA:117,8,1,0
BRDA:118,9,0,0
BRDA:118,9,1,0
BRDA:118,9,2,0
BRDA:118,9,3,0
BRDA:118,9,4,0
BRDA:118,9,5,0
BRDA:118,9,6,0
BRDA:118,9,7,0
BRDA:118,9,8,0
BRDA:118,9,9,0
BRDA:134,10,0,0
BRDA:134,10,1,0
BRDA:140,11,0,0
BRDA:140,11,1,0
BRDA:140,12,0,0
BRDA:140,12,1,0
BRDA:146,13,0,0
BRDA:146,13,1,0
BRDA:146,14,0,0
BRDA:146,14,1,0
BRDA:149,15,0,0
BRDA:149,15,1,0
BRDA:155,16,0,0
BRDA:155,16,1,0
BRDA:155,17,0,0
BRDA:155,17,1,0
BRDA:173,18,0,0
BRDA:173,18,1,0
BRDA:173,18,2,0
BRDA:175,19,0,0
BRDA:175,19,1,0
BRDA:175,20,0,0
BRDA:175,20,1,0
BRDA:181,21,0,0
BRDA:181,21,1,0
BRDA:194,22,0,0
BRDA:194,22,1,0
BRDA:194,23,0,0
BRDA:194,23,1,0
BRDA:201,24,0,0
BRDA:201,24,1,0
BRDA:201,25,0,0
BRDA:201,25,1,0
BRDA:201,25,2,0
BRDA:215,26,0,0
BRDA:215,26,1,0
BRDA:224,27,0,0
BRDA:224,27,1,0
BRDA:242,28,0,0
BRDA:242,28,1,0
BRDA:261,29,0,0
BRDA:261,29,1,0
BRDA:268,30,0,0
BRDA:268,30,1,0
BRDA:280,31,0,0
BRDA:280,31,1,0
BRDA:332,32,0,8
BRDA:332,32,1,8
BRDA:332,32,2,0
BRDA:332,32,3,0
BRDA:332,32,4,0
BRDA:362,33,0,24
BRDA:362,33,1,24
BRDA:366,34,0,0
BRDA:366,34,1,0
BRDA:375,35,0,0
BRDA:375,35,1,0
BRDA:381,36,0,0
BRDA:381,36,1,0
BRDA:382,37,0,0
BRDA:382,37,1,0
BRDA:382,37,2,0
BRDA:382,37,3,0
BRDA:395,38,0,0
BRDA:395,38,1,0
BRDA:397,39,0,0
BRDA:397,39,1,0
BRDA:397,40,0,0
BRDA:397,40,1,0
BRDA:403,41,0,0
BRDA:403,41,1,0
BRDA:416,42,0,3
BRDA:416,42,1,0
BRDA:419,43,0,0
BRDA:419,43,1,0
BRDA:424,44,0,0
BRDA:424,44,1,0
BRDA:425,45,0,0
BRDA:425,45,1,0
BRDA:431,46,0,0
BRDA:431,46,1,0
BRDA:431,47,0,0
BRDA:431,47,1,0
BRDA:434,48,0,0
BRDA:434,48,1,0
BRDA:441,49,0,0
BRDA:441,49,1,0
BRDA:441,50,0,0
BRDA:441,50,1,0
BRDA:459,51,0,0
BRDA:459,51,1,0
BRDA:459,52,0,0
BRDA:459,52,1,0
BRDA:464,53,0,0
BRDA:464,53,1,0
BRDA:465,54,0,0
BRDA:465,54,1,0
BRDA:466,55,0,0
BRDA:466,55,1,0
BRDA:474,56,0,0
BRDA:474,56,1,0
BRDA:501,57,0,0
BRDA:501,57,1,0
BRDA:501,58,0,0
BRDA:501,58,1,0
BRDA:516,59,0,0
BRDA:516,59,1,0
BRDA:524,60,0,0
BRDA:524,60,1,0
BRDA:530,61,0,0
BRDA:530,61,1,0
BRDA:530,62,0,0
BRDA:530,62,1,0
BRDA:533,63,0,0
BRDA:533,63,1,0
BRDA:534,64,0,0
BRDA:534,64,1,0
BRDA:534,65,0,0
BRDA:534,65,1,0
BRDA:566,66,0,2
BRDA:566,66,1,0
BRDA:572,67,0,0
BRDA:572,67,1,0
BRDA:576,68,0,0
BRDA:576,68,1,0
BRDA:579,69,0,0
BRDA:579,69,1,0
BRDA:595,70,0,0
BRDA:595,70,1,3
BRDA:597,71,0,0
BRDA:597,71,1,0
BRDA:600,72,0,0
BRDA:600,72,1,0
BRF:170
BRH:19
end_of_record
TN:
SF:clean_adblock/gurufocus-unlocked.js
FN:5,(anonymous_0)
FN:14,injectAntiBlur
FN:26,removePaywall
FN:36,(anonymous_3)
FN:43,unblur
FN:59,(anonymous_5)
FN:111,injectForecast
FN:241,fmt
FN:280,fillOriginalForecastTables
FN:478,buildTable
FN:499,(anonymous_10)
FN:510,(anonymous_11)
FN:522,injectFinancials
FN:591,(anonymous_13)
FN:636,run
FN:650,(anonymous_15)
FN:659,(anonymous_16)
FNF:17
FNH:9
FNDA:1,(anonymous_0)
FNDA:25,injectAntiBlur
FNDA:25,removePaywall
FNDA:0,(anonymous_3)
FNDA:0,unblur
FNDA:1,(anonymous_5)
FNDA:20,injectForecast
FNDA:0,fmt
FNDA:25,fillOriginalForecastTables
FNDA:0,buildTable
FNDA:0,(anonymous_10)
FNDA:0,(anonymous_11)
FNDA:20,injectFinancials
FNDA:0,(anonymous_13)
FNDA:20,run
FNDA:0,(anonymous_15)
FNDA:5,(anonymous_16)
DA:5,1
DA:8,1
DA:9,0
DA:13,1
DA:15,25
DA:16,24
DA:18,1
DA:19,1
DA:21,1
DA:22,1
DA:27,25
DA:28,25
DA:29,25
DA:32,25
DA:33,0
DA:36,25
DA:37,0
DA:40,25
DA:44,0
DA:45,0
DA:47,0
DA:48,0
DA:50,0
DA:51,0
DA:53,0
DA:54,0
DA:59,1
DA:60,1
DA:61,26
DA:62,26
DA:63,25
DA:64,25
DA:65,0
DA:67,25
DA:68,0
DA:71,26
DA:72,1
DA:73,1
DA:74,1
DA:75,0
DA:78,1
DA:79,0
DA:80,0
DA:82,1
DA:86,0
DA:88,1
DA:91,1
DA:92,0
DA:95,1
DA:96,1
DA:97,0
DA:103,1
DA:112,20
DA:113,0
DA:115,20
DA:116,0
DA:119,20
DA:120,20
DA:121,20
DA:123,0
DA:124,0
DA:125,0
DA:128,0
DA:129,0
DA:130,0
DA:131,0
DA:135,0
DA:136,0
DA:139,0
DA:142,0
DA:186,0
DA:187,0
DA:188,0
DA:189,0
DA:190,0
DA:191,0
DA:192,0
DA:193,0
DA:194,0
DA:195,0
DA:198,0
DA:199,0
DA:200,0
DA:201,0
DA:202,0
DA:203,0
DA:204,0
DA:207,0
DA:212,1
DA:226,1
DA:242,0
DA:243,0
DA:245,0
DA:246,0
DA:247,0
DA:249,0
DA:250,0
DA:252,0
DA:253,0
DA:255,0
DA:256,0
DA:258,0
DA:259,0
DA:261,0
DA:264,1
DA:282,25
DA:283,25
DA:284,25
DA:286,0
DA:287,0
DA:288,0
DA:290,0
DA:291,0
DA:294,0
DA:295,0
DA:296,0
DA:297,0
DA:299,0
DA:300,0
DA:301,0
DA:302,0
DA:305,0
DA:307,0
DA:312,0
DA:313,0
DA:314,0
DA:315,0
DA:316,0
DA:317,0
DA:318,0
DA:319,0
DA:320,0
DA:321,0
DA:322,0
DA:323,0
DA:324,0
DA:327,0
DA:332,0
DA:333,0
DA:334,0
DA:335,0
DA:338,0
DA:341,0
DA:342,0
DA:343,0
DA:344,0
DA:345,0
DA:346,0
DA:347,0
DA:350,0
DA:351,0
DA:352,0
DA:353,0
DA:354,0
DA:357,0
DA:358,0
DA:361,0
DA:362,0
DA:363,0
DA:364,0
DA:365,0
DA:366,0
DA:370,0
DA:371,0
DA:372,0
DA:373,0
DA:374,0
DA:377,0
DA:378,0
DA:380,0
DA:381,0
DA:383,0
DA:384,0
DA:385,0
DA:386,0
DA:387,0
DA:388,0
DA:389,0
DA:390,0
DA:391,0
DA:392,0
DA:393,0
DA:394,0
DA:395,0
DA:396,0
DA:397,0
DA:398,0
DA:399,0
DA:400,0
DA:401,0
DA:402,0
DA:403,0
DA:404,0
DA:405,0
DA:406,0
DA:407,0
DA:408,0
DA:409,0
DA:410,0
DA:411,0
DA:412,0
DA:413,0
DA:414,0
DA:415,0
DA:416,0
DA:417,0
DA:418,0
DA:419,0
DA:420,0
DA:422,0
DA:423,0
DA:425,0
DA:427,0
DA:430,0
DA:431,0
DA:432,0
DA:433,0
DA:434,0
DA:435,0
DA:436,0
DA:437,0
DA:438,0
DA:439,0
DA:440,0
DA:446,0
DA:447,0
DA:453,0
DA:456,0
DA:457,0
DA:458,0
DA:460,0
DA:462,0
DA:463,0
DA:464,0
DA:466,0
DA:475,0
DA:479,0
DA:480,0
DA:482,0
DA:483,0
DA:484,0
DA:485,0
DA:488,0
DA:489,0
DA:490,0
DA:491,0
DA:494,0
DA:495,0
DA:497,0
DA:500,0
DA:504,0
DA:505,0
DA:506,0
DA:508,0
DA:509,0
DA:510,0
DA:511,0
DA:513,0
DA:514,0
DA:515,0
DA:517,0
DA:519,0
DA:523,20
DA:524,0
DA:527,20
DA:528,20
DA:529,20
DA:531,0
DA:532,0
DA:533,0
DA:536,0
DA:537,0
DA:538,0
DA:539,0
DA:540,0
DA:543,0
DA:544,0
DA:545,0
DA:546,0
DA:547,0
DA:549,0
DA:550,0
DA:551,0
DA:553,0
DA:554,0
DA:555,0
DA:558,0
DA:559,0
DA:560,0
DA:569,0
DA:571,0
DA:572,0
DA:573,0
DA:583,0
DA:584,0
DA:585,0
DA:591,0
DA:592,0
DA:593,0
DA:594,0
DA:596,0
DA:597,0
DA:598,0
DA:599,0
DA:600,0
DA:602,0
DA:603,0
DA:605,0
DA:606,0
DA:607,0
DA:608,0
DA:613,0
DA:614,0
DA:615,0
DA:616,0
DA:619,0
DA:620,0
DA:621,0
DA:622,0
DA:625,0
DA:626,0
DA:627,0
DA:628,0
DA:631,0
DA:635,1
DA:637,20
DA:638,20
DA:639,20
DA:640,20
DA:641,20
DA:642,0
DA:644,20
DA:645,20
DA:649,1
DA:650,0
DA:651,0
DA:654,1
DA:658,1
DA:659,1
DA:660,5
DA:661,5
DA:662,0
DA:663,0
DA:664,0
DA:665,0
DA:667,0
DA:668,0
DA:669,0
DA:671,0
DA:672,0
DA:675,5
LF:351
LH:63
BRDA:8,0,0,0
BRDA:8,0,1,1
BRDA:15,1,0,24
BRDA:15,1,1,1
BRDA:21,2,0,1
BRDA:21,2,1,0
BRDA:44,3,0,0
BRDA:44,3,1,0
BRDA:47,4,0,0
BRDA:47,4,1,0
BRDA:47,5,0,0
BRDA:47,5,1,0
BRDA:50,6,0,0
BRDA:50,6,1,0
BRDA:53,7,0,0
BRDA:53,7,1,0
BRDA:62,8,0,25
BRDA:62,8,1,1
BRDA:64,9,0,0
BRDA:64,9,1,25
BRDA:64,10,0,25
BRDA:64,10,1,25
BRDA:67,11,0,0
BRDA:67,11,1,25
BRDA:67,12,0,25
BRDA:67,12,1,25
BRDA:67,12,2,0
BRDA:71,13,0,1
BRDA:71,13,1,25
BRDA:74,14,0,0
BRDA:74,14,1,1
BRDA:78,15,0,0
BRDA:78,15,1,1
BRDA:78,16,0,1
BRDA:78,16,1,0
BRDA:78,16,2,0
BRDA:82,17,0,0
BRDA:82,17,1,1
BRDA:83,18,0,1
BRDA:83,18,1,1
BRDA:83,18,2,1
BRDA:83,18,3,0
BRDA:88,19,0,1
BRDA:88,19,1,0
BRDA:95,20,0,1
BRDA:95,20,1,0
BRDA:112,21,0,0
BRDA:112,21,1,20
BRDA:115,22,0,0
BRDA:115,22,1,20
BRDA:120,23,0,20
BRDA:120,23,1,0
BRDA:120,24,0,20
BRDA:120,24,1,0
BRDA:124,25,0,0
BRDA:124,25,1,0
BRDA:124,26,0,0
BRDA:124,26,1,0
BRDA:130,27,0,0
BRDA:130,27,1,0
BRDA:135,28,0,0
BRDA:135,28,1,0
BRDA:135,29,0,0
BRDA:135,29,1,0
BRDA:136,30,0,0
BRDA:136,30,1,0
BRDA:139,31,0,0
BRDA:139,31,1,0
BRDA:152,32,0,0
BRDA:152,32,1,0
BRDA:156,33,0,0
BRDA:156,33,1,0
BRDA:176,34,0,0
BRDA:176,34,1,0
BRDA:180,35,0,0
BRDA:180,35,1,0
BRDA:190,36,0,0
BRDA:190,36,1,0
BRDA:190,37,0,0
BRDA:190,37,1,0
BRDA:190,37,2,0
BRDA:198,38,0,0
BRDA:198,38,1,0
BRDA:200,39,0,0
BRDA:200,39,1,0
BRDA:242,40,0,0
BRDA:242,40,1,0
BRDA:242,41,0,0
BRDA:242,41,1,0
BRDA:242,41,2,0
BRDA:246,42,0,0
BRDA:246,42,1,0
BRDA:249,43,0,0
BRDA:249,43,1,0
BRDA:252,44,0,0
BRDA:252,44,1,0
BRDA:255,45,0,0
BRDA:255,45,1,0
BRDA:255,46,0,0
BRDA:255,46,1,0
BRDA:258,47,0,0
BRDA:258,47,1,0
BRDA:258,48,0,0
BRDA:258,48,1,0
BRDA:283,49,0,25
BRDA:283,49,1,0
BRDA:283,50,0,25
BRDA:283,50,1,0
BRDA:287,51,0,0
BRDA:287,51,1,0
BRDA:287,52,0,0
BRDA:287,52,1,0
BRDA:290,53,0,0
BRDA:290,53,1,0
BRDA:301,54,0,0
BRDA:301,54,1,0
BRDA:307,55,0,0
BRDA:307,55,1,0
BRDA:308,56,0,0
BRDA:308,56,1,0
BRDA:308,56,2,0
BRDA:317,57,0,0
BRDA:317,57,1,0
BRDA:319,58,0,0
BRDA:319,58,1,0
BRDA:321,59,0,0
BRDA:321,59,1,0
BRDA:323,60,0,0
BRDA:323,60,1,0
BRDA:327,61,0,0
BRDA:327,61,1,0
BRDA:328,62,0,0
BRDA:328,62,1,0
BRDA:328,62,2,0
BRDA:328,62,3,0
BRDA:342,63,0,0
BRDA:342,63,1,0
BRDA:343,64,0,0
BRDA:343,64,1,0
BRDA:344,65,0,0
BRDA:344,65,1,0
BRDA:345,66,0,0
BRDA:345,66,1,0
BRDA:346,67,0,0
BRDA:346,67,1,0
BRDA:347,68,0,0
BRDA:347,68,1,0
BRDA:353,69,0,0
BRDA:353,69,1,0
BRDA:357,70,0,0
BRDA:357,70,1,0
BRDA:365,71,0,0
BRDA:365,71,1,0
BRDA:373,72,0,0
BRDA:373,72,1,0
BRDA:377,73,0,0
BRDA:377,73,1,0
BRDA:383,74,0,0
BRDA:383,74,1,0
BRDA:386,75,0,0
BRDA:386,75,1,0
BRDA:387,76,0,0
BRDA:387,76,1,0
BRDA:389,77,0,0
BRDA:389,77,1,0
BRDA:391,78,0,0
BRDA:391,78,1,0
BRDA:393,79,0,0
BRDA:393,79,1,0
BRDA:395,80,0,0
BRDA:395,80,1,0
BRDA:397,81,0,0
BRDA:397,81,1,0
BRDA:399,82,0,0
BRDA:399,82,1,0
BRDA:401,83,0,0
BRDA:401,83,1,0
BRDA:403,84,0,0
BRDA:403,84,1,0
BRDA:405,85,0,0
BRDA:405,85,1,0
BRDA:407,86,0,0
BRDA:407,86,1,0
BRDA:409,87,0,0
BRDA:409,87,1,0
BRDA:411,88,0,0
BRDA:411,88,1,0
BRDA:413,89,0,0
BRDA:413,89,1,0
BRDA:415,90,0,0
BRDA:415,90,1,0
BRDA:417,91,0,0
BRDA:417,91,1,0
BRDA:419,92,0,0
BRDA:419,92,1,0
BRDA:433,93,0,0
BRDA:433,93,1,0
BRDA:433,94,0,0
BRDA:433,94,1,0
BRDA:436,95,0,0
BRDA:436,95,1,0
BRDA:436,96,0,0
BRDA:436,96,1,0
BRDA:440,97,0,0
BRDA:440,97,1,0
BRDA:441,98,0,0
BRDA:441,98,1,0
BRDA:441,98,2,0
BRDA:441,98,3,0
BRDA:447,99,0,0
BRDA:447,99,1,0
BRDA:448,100,0,0
BRDA:448,100,1,0
BRDA:448,100,2,0
BRDA:448,100,3,0
BRDA:456,101,0,0
BRDA:456,101,1,0
BRDA:457,102,0,0
BRDA:457,102,1,0
BRDA:457,103,0,0
BRDA:457,103,1,0
BRDA:457,103,2,0
BRDA:460,104,0,0
BRDA:460,104,1,0
BRDA:463,105,0,0
BRDA:463,105,1,0
BRDA:475,106,0,0
BRDA:475,106,1,0
BRDA:479,107,0,0
BRDA:479,107,1,0
BRDA:479,108,0,0
BRDA:479,108,1,0
BRDA:484,109,0,0
BRDA:484,109,1,0
BRDA:490,110,0,0
BRDA:490,110,1,0
BRDA:490,111,0,0
BRDA:490,111,1,0
BRDA:490,111,2,0
BRDA:494,112,0,0
BRDA:494,112,1,0
BRDA:500,113,0,0
BRDA:500,113,1,0
BRDA:500,114,0,0
BRDA:500,114,1,0
BRDA:506,115,0,0
BRDA:506,115,1,0
BRDA:523,116,0,0
BRDA:523,116,1,20
BRDA:528,117,0,20
BRDA:528,117,1,0
BRDA:528,118,0,20
BRDA:528,118,1,0
BRDA:528,118,2,0
BRDA:532,119,0,0
BRDA:532,119,1,0
BRDA:536,120,0,0
BRDA:536,120,1,0
BRDA:537,121,0,0
BRDA:537,121,1,0
BRDA:538,122,0,0
BRDA:538,122,1,0
BRDA:539,123,0,0
BRDA:539,123,1,0
BRDA:539,124,0,0
BRDA:539,124,1,0
BRDA:539,124,2,0
BRDA:545,125,0,0
BRDA:545,125,1,0
BRDA:549,126,0,0
BRDA:549,126,1,0
BRDA:553,127,0,0
BRDA:553,127,1,0
BRDA:562,128,0,0
BRDA:562,128,1,0
BRDA:577,129,0,0
BRDA:577,129,1,0
BRDA:593,130,0,0
BRDA:593,130,1,0
BRDA:607,131,0,0
BRDA:607,131,1,0
BRDA:614,132,0,0
BRDA:614,132,1,0
BRDA:620,133,0,0
BRDA:620,133,1,0
BRDA:620,134,0,0
BRDA:620,134,1,0
BRDA:626,135,0,0
BRDA:626,135,1,0
BRDA:641,136,0,0
BRDA:641,136,1,20
BRDA:641,137,0,20
BRDA:641,137,1,0
BRDA:641,137,2,0
BRDA:644,138,0,20
BRDA:644,138,1,0
BRDA:649,139,0,0
BRDA:649,139,1,1
BRDA:661,140,0,0
BRDA:661,140,1,5
BRDA:664,141,0,0
BRDA:664,141,1,0
BRDA:668,142,0,0
BRDA:668,142,1,0
BRF:304
BRH:37
end_of_record
TN:
SF:clean_adblock/linkedin-hide-promoted.js
FN:8,(anonymous_0)
FN:11,hidePromoted
FN:19,(anonymous_2)
FN:20,(anonymous_3)
FN:42,(anonymous_4)
FNF:5
FNH:3
FNDA:1,(anonymous_0)
FNDA:1,hidePromoted
FNDA:3,(anonymous_2)
FNDA:0,(anonymous_3)
FNDA:0,(anonymous_4)
DA:8,1
DA:13,1
DA:19,1
DA:20,3
DA:21,0
DA:25,0
DA:30,0
DA:31,0
DA:32,0
DA:39,1
DA:40,1
DA:41,0
DA:42,0
DA:43,0
DA:44,0
DA:45,0
DA:46,0
DA:54,1
DA:55,1
DA:58,1
LF:20
LH:9
BRDA:21,0,0,0
BRDA:21,0,1,0
BRDA:25,1,0,0
BRDA:25,1,1,0
BRDA:25,1,2,0
BRDA:25,1,3,0
BRDA:30,2,0,0
BRDA:30,2,1,0
BRDA:30,3,0,0
BRDA:30,3,1,0
BRDA:40,4,0,0
BRDA:40,4,1,1
BRDA:43,5,0,0
BRDA:43,5,1,0
BRDA:43,6,0,0
BRDA:43,6,1,0
BRDA:44,7,0,0
BRDA:44,7,1,0
BRDA:44,7,2,0
BRDA:45,8,0,0
BRDA:45,8,1,0
BRDA:45,9,0,0
BRDA:45,9,1,0
BRF:23
BRH:1
end_of_record
TN:
SF:clean_adblock/linkedin-unlocked.js
FN:14,(anonymous_0)
FN:17,cleanLinkedInText
FN:43,getDestinationForCard
FN:98,storeDestination
FN:116,proactivelyCleanLinks
FN:118,(anonymous_5)
FN:126,(anonymous_6)
FN:142,handleIntercept
FN:178,(anonymous_8)
FN:184,onHover
FNF:10
FNH:3
FNDA:1,(anonymous_0)
FNDA:0,cleanLinkedInText
FNDA:0,getDestinationForCard
FNDA:0,storeDestination
FNDA:1,proactivelyCleanLinks
FNDA:0,(anonymous_5)
FNDA:0,(anonymous_6)
FNDA:0,handleIntercept
FNDA:4,(anonymous_8)
FNDA:0,onHover
DA:14,1
DA:18,0
DA:19,0
DA:21,0
DA:30,1
DA:44,0
DA:52,0
DA:53,0
DA:55,0
DA:56,0
DA:57,0
DA:58,0
DA:59,0
DA:61,0
DA:62,0
DA:64,0
DA:65,0
DA:70,0
DA:75,0
DA:76,0
DA:77,0
DA:78,0
DA:79,0
DA:81,0
DA:82,0
DA:86,0
DA:87,0
DA:88,0
DA:90,0
DA:99,0
DA:100,0
DA:102,0
DA:103,0
DA:107,0
DA:108,0
DA:117,1
DA:118,1
DA:119,0
DA:120,0
DA:121,0
DA:124,0
DA:125,0
DA:126,0
DA:127,0
DA:128,0
DA:129,0
DA:130,0
DA:136,1
DA:137,1
DA:138,1
DA:143,0
DA:144,0
DA:145,0
DA:147,0
DA:148,0
DA:150,0
DA:151,0
DA:152,0
DA:156,0
DA:157,0
DA:158,0
DA:159,0
DA:163,0
DA:164,0
DA:165,0
DA:168,0
DA:169,0
DA:170,0
DA:171,0
DA:172,0
DA:173,0
DA:178,1
DA:179,4
DA:185,0
DA:186,0
DA:187,0
DA:189,0
DA:190,0
DA:192,0
DA:193,0
DA:194,0
DA:196,0
DA:197,0
DA:198,0
DA:199,0
DA:203,1
DA:205,1
LF:87
LH:11
BRDA:18,0,0,0
BRDA:18,0,1,0
BRDA:57,1,0,0
BRDA:57,1,1,0
BRDA:58,2,0,0
BRDA:58,2,1,0
BRDA:59,3,0,0
BRDA:59,3,1,0
BRDA:61,4,0,0
BRDA:61,4,1,0
BRDA:76,5,0,0
BRDA:76,5,1,0
BRDA:77,6,0,0
BRDA:77,6,1,0
BRDA:77,7,0,0
BRDA:77,7,1,0
BRDA:78,8,0,0
BRDA:78,8,1,0
BRDA:86,9,0,0
BRDA:86,9,1,0
BRDA:99,10,0,0
BRDA:99,10,1,0
BRDA:120,11,0,0
BRDA:120,11,1,0
BRDA:125,12,0,0
BRDA:125,12,1,0
BRDA:144,13,0,0
BRDA:144,13,1,0
BRDA:147,14,0,0
BRDA:147,14,1,0
BRDA:151,15,0,0
BRDA:151,15,1,0
BRDA:158,16,0,0
BRDA:158,16,1,0
BRDA:158,17,0,0
BRDA:158,17,1,0
BRDA:168,18,0,0
BRDA:168,18,1,0
BRDA:170,19,0,0
BRDA:170,19,1,0
BRDA:186,20,0,0
BRDA:186,20,1,0
BRDA:189,21,0,0
BRDA:189,21,1,0
BRDA:193,22,0,0
BRDA:193,22,1,0
BRDA:197,23,0,0
BRDA:197,23,1,0
BRF:48
BRH:0
end_of_record
TN:
SF:clean_adblock/x-unlocked.js
FN:9,(anonymous_0)
FN:17,(anonymous_1)
FN:25,init
FN:35,injectCSS
FN:68,(anonymous_4)
FN:76,tryTabSwitch
FN:91,(anonymous_6)
FN:111,startObserver
FN:117,(anonymous_8)
FN:126,(anonymous_9)
FNF:10
FNH:6
FNDA:1,(anonymous_0)
FNDA:1,(anonymous_1)
FNDA:1,init
FNDA:1,injectCSS
FNDA:0,(anonymous_4)
FNDA:1,tryTabSwitch
FNDA:0,(anonymous_6)
FNDA:1,startObserver
FNDA:0,(anonymous_8)
FNDA:0,(anonymous_9)
DA:9,1
DA:12,1
DA:13,1
DA:15,1
DA:16,1
DA:17,1
DA:18,1
DA:19,1
DA:22,0
DA:26,1
DA:28,1
DA:29,1
DA:31,0
DA:36,1
DA:37,1
DA:62,1
DA:66,1
DA:69,0
DA:70,0
DA:77,1
DA:78,1
DA:79,0
DA:81,1
DA:82,0
DA:85,1
DA:86,1
DA:87,1
DA:90,0
DA:91,0
DA:92,0
DA:94,0
DA:95,0
DA:96,0
DA:97,0
DA:100,0
DA:101,0
DA:105,0
DA:106,0
DA:107,0
DA:113,1
DA:116,1
DA:117,1
DA:118,0
DA:119,0
DA:120,0
DA:123,0
DA:124,0
DA:126,0
DA:127,0
DA:128,0
DA:131,1
LF:51
LH:25
BRDA:15,0,0,1
BRDA:15,0,1,0
BRDA:16,1,0,1
BRDA:16,1,1,0
BRDA:28,2,0,1
BRDA:28,2,1,0
BRDA:62,3,0,1
BRDA:62,3,1,0
BRDA:69,4,0,0
BRDA:69,4,1,0
BRDA:78,5,0,0
BRDA:78,5,1,1
BRDA:78,6,0,1
BRDA:78,6,1,1
BRDA:81,7,0,0
BRDA:81,7,1,1
BRDA:86,8,0,1
BRDA:86,8,1,0
BRDA:92,9,0,0
BRDA:92,9,1,0
BRDA:94,10,0,0
BRDA:94,10,1,0
BRDA:94,11,0,0
BRDA:94,11,1,0
BRDA:96,12,0,0
BRDA:96,12,1,0
BRDA:96,13,0,0
BRDA:96,13,1,0
BRDA:100,14,0,0
BRDA:100,14,1,0
BRDA:105,15,0,0
BRDA:105,15,1,0
BRDA:105,16,0,0
BRDA:105,16,1,0
BRDA:119,17,0,0
BRDA:119,17,1,0
BRDA:119,18,0,0
BRDA:119,18,1,0
BRDA:123,19,0,0
BRDA:123,19,1,0
BRF:40
BRH:9
end_of_record
