TN:
SF:clean_adblock/background.js
FN:1,(anonymous_0)
FN:3,(anonymous_1)
FN:20,(anonymous_2)
FN:26,(anonymous_3)
FN:28,(anonymous_4)
FN:32,(anonymous_5)
FN:94,setupAdNetworkBlocking
FN:98,(anonymous_7)
FN:98,(anonymous_8)
FN:100,(anonymous_9)
FN:120,(anonymous_10)
FN:146,(anonymous_11)
FN:163,(anonymous_12)
FN:211,isAuthCookie
FN:213,(anonymous_14)
FN:216,extendCookies
FN:247,heartbeat
FN:263,sessionKeepAlive
FN:267,(anonymous_18)
FN:280,(anonymous_19)
FN:305,shouldCloseTab
FN:315,(anonymous_21)
FN:335,(anonymous_22)
FN:342,isLinkedInPremium
FN:346,redirectFromPremium
FN:355,(anonymous_25)
FN:371,(anonymous_26)
FN:375,(anonymous_27)
FN:390,(anonymous_28)
FN:393,(anonymous_29)
FNF:30
FNH:30
FNDA:35,(anonymous_0)
FNDA:35,(anonymous_1)
FNDA:32,(anonymous_2)
FNDA:29,(anonymous_3)
FNDA:28,(anonymous_4)
FNDA:28,(anonymous_5)
FNDA:35,setupAdNetworkBlocking
FNDA:32,(anonymous_7)
FNDA:32,(anonymous_8)
FNDA:544,(anonymous_9)
FNDA:3,(anonymous_10)
FNDA:5,(anonymous_11)
FNDA:33,(anonymous_12)
FNDA:101,isAuthCookie
FNDA:106,(anonymous_14)
FNDA:33,extendCookies
FNDA:33,heartbeat
FNDA:35,sessionKeepAlive
FNDA:33,(anonymous_18)
FNDA:1,(anonymous_19)
FNDA:12,shouldCloseTab
FNDA:43,(anonymous_21)
FNDA:1,(anonymous_22)
FNDA:6,isLinkedInPremium
FNDA:5,redirectFromPremium
FNDA:4,(anonymous_25)
FNDA:10,(anonymous_26)
FNDA:1,(anonymous_27)
FNDA:3,(anonymous_28)
FNDA:1,(anonymous_29)
DA:1,34
DA:2,35
DA:3,35
DA:4,35
DA:5,35
DA:6,35
DA:7,2
DA:8,2
DA:10,33
DA:11,31
DA:19,34
DA:20,34
DA:21,32
DA:22,3
DA:24,29
DA:25,29
DA:26,29
DA:27,29
DA:28,28
DA:29,28
DA:31,28
DA:32,28
DA:33,28
DA:34,28
DA:44,28
DA:66,28
DA:68,2
DA:70,29
DA:75,34
DA:95,35
DA:96,35
DA:98,34
DA:100,544
DA:111,34
DA:116,2
DA:120,34
DA:121,3
DA:122,3
DA:123,3
DA:140,1
DA:143,3
DA:146,34
DA:147,5
DA:148,5
DA:149,5
DA:150,3
DA:152,4
DA:153,3
DA:156,1
DA:162,34
DA:163,34
DA:164,33
DA:169,1
DA:171,32
DA:172,31
DA:173,29
DA:176,32
DA:178,2
DA:192,34
DA:193,34
DA:194,34
DA:197,34
DA:212,101
DA:213,106
DA:217,33
DA:219,33
DA:220,66
DA:221,66
DA:222,66
DA:223,68
DA:224,66
DA:225,66
DA:248,33
DA:251,33
DA:257,32
DA:259,1
DA:265,35
DA:266,35
DA:267,33
DA:268,33
DA:269,33
DA:270,33
DA:271,33
DA:274,2
DA:279,34
DA:280,34
DA:281,1
DA:282,1
DA:287,34
DA:294,34
DA:306,12
DA:307,12
DA:308,11
DA:309,3
DA:310,3
DA:314,8
DA:315,43
DA:316,3
DA:321,6
DA:332,34
DA:335,34
DA:336,1
DA:337,1
DA:338,1
DA:343,6
DA:347,5
DA:348,5
DA:349,1
DA:350,1
DA:351,1
DA:352,1
DA:355,4
DA:356,4
DA:357,1
DA:359,3
DA:360,3
DA:361,2
DA:362,2
DA:363,2
DA:365,1
DA:366,1
DA:371,34
DA:372,10
DA:374,10
DA:375,4
DA:376,4
DA:379,6
DA:380,4
DA:386,4
DA:390,34
DA:391,3
DA:392,3
DA:393,2
DA:394,2
DA:396,1
DA:397,1
DA:398,1
LF:137
LH:137
BRDA:2,0,0,35
BRDA:2,0,1,0
BRDA:2,1,0,35
BRDA:2,1,1,35
BRDA:2,1,2,35
BRDA:5,2,0,35
BRDA:5,2,1,2
BRDA:6,3,0,2
BRDA:6,3,1,33
BRDA:10,4,0,0
BRDA:10,4,1,33
BRDA:12,5,0,0
BRDA:12,5,1,31
BRDA:21,6,0,3
BRDA:21,6,1,29
BRDA:26,7,0,29
BRDA:26,7,1,0
BRDA:26,8,0,29
BRDA:26,8,1,29
BRDA:31,9,0,28
BRDA:31,9,1,0
BRDA:121,10,0,3
BRDA:121,10,1,0
BRDA:147,11,0,5
BRDA:147,11,1,0
BRDA:149,12,0,3
BRDA:149,12,1,2
BRDA:149,13,0,5
BRDA:149,13,1,2
BRDA:152,14,0,3
BRDA:152,14,1,1
BRDA:153,15,0,3
BRDA:153,15,1,0
BRDA:164,16,0,1
BRDA:164,16,1,32
BRDA:165,17,0,33
BRDA:165,17,1,33
BRDA:165,17,2,33
BRDA:165,17,3,33
BRDA:172,18,0,29
BRDA:172,18,1,2
BRDA:223,19,0,66
BRDA:223,19,1,2
BRDA:223,20,0,68
BRDA:223,20,1,68
BRDA:233,21,0,66
BRDA:233,21,1,66
BRDA:267,22,0,33
BRDA:267,22,1,33
BRDA:268,23,0,33
BRDA:268,23,1,0
BRDA:281,24,0,1
BRDA:281,24,1,0
BRDA:308,25,0,3
BRDA:308,25,1,8
BRDA:309,26,0,3
BRDA:309,26,1,0
BRDA:309,27,0,3
BRDA:309,27,1,2
BRDA:315,28,0,3
BRDA:315,28,1,5
BRDA:336,29,0,1
BRDA:336,29,1,0
BRDA:336,30,0,1
BRDA:336,30,1,1
BRDA:348,31,0,1
BRDA:348,31,1,4
BRDA:356,32,0,1
BRDA:356,32,1,3
BRDA:360,33,0,2
BRDA:360,33,1,1
BRDA:372,34,0,10
BRDA:372,34,1,1
BRDA:374,35,0,4
BRDA:374,35,1,6
BRDA:374,36,0,10
BRDA:374,36,1,9
BRDA:379,37,0,4
BRDA:379,37,1,2
BRDA:379,38,0,6
BRDA:379,38,1,5
BRDA:391,39,0,3
BRDA:391,39,1,2
BRDA:392,40,0,2
BRDA:392,40,1,1
BRDA:392,41,0,3
BRDA:392,41,1,3
BRDA:396,42,0,1
BRDA:396,42,1,0
BRDA:396,43,0,1
BRDA:396,43,1,1
BRF:91
BRH:78
end_of_record
TN:
SF:clean_adblock/cookie-popup-blocker-main.js
FN:6,(anonymous_0)
FN:24,(anonymous_1)
FN:40,(anonymous_2)
FN:44,(anonymous_3)
FNF:4
FNH:4
FNDA:5,(anonymous_0)
FNDA:46,(anonymous_1)
FNDA:5,(anonymous_2)
FNDA:15,(anonymous_3)
DA:6,5
DA:10,5
DA:23,5
DA:24,46
DA:25,1
DA:28,4
DA:39,4
DA:40,4
DA:41,5
DA:42,3
DA:43,3
DA:45,15
DA:48,2
DA:51,3
LF:14
LH:14
BRDA:24,0,0,1
BRDA:24,0,1,4
BRDA:24,1,0,46
BRDA:24,1,1,45
BRDA:41,2,0,3
BRDA:41,2,1,2
BRDA:41,3,0,5
BRDA:41,3,1,4
BRDA:43,4,0,2
BRDA:43,4,1,1
BRF:10
BRH:10
end_of_record
TN:
SF:clean_adblock/picker.js
FN:5,(anonymous_0)
FN:36,handleMouseMove
FN:49,handleClick
FN:66,handleKeydown
FN:72,generateSelector
FN:85,saveCustomSelector
FN:91,(anonymous_6)
FN:117,cleanup
FNF:8
FNH:8
FNDA:13,(anonymous_0)
FNDA:2,handleMouseMove
FNDA:9,handleClick
FNDA:1,handleKeydown
FNDA:9,generateSelector
FNDA:9,saveCustomSelector
FNDA:7,(anonymous_6)
FNDA:10,cleanup
DA:5,13
DA:6,13
DA:7,2
DA:9,11
DA:10,1
DA:12,10
DA:14,10
DA:15,10
DA:23,10
DA:25,10
DA:26,10
DA:34,10
DA:37,2
DA:38,2
DA:39,0
DA:42,2
DA:43,2
DA:44,2
DA:45,2
DA:46,2
DA:50,9
DA:51,9
DA:53,9
DA:54,9
DA:55,0
DA:58,9
DA:59,9
DA:60,9
DA:61,9
DA:63,9
DA:67,1
DA:68,1
DA:73,9
DA:74,3
DA:76,6
DA:77,1
DA:78,1
DA:79,1
DA:82,5
DA:86,9
DA:87,0
DA:89,9
DA:90,9
DA:91,9
DA:92,7
DA:93,7
DA:98,0
DA:100,7
DA:101,6
DA:102,6
DA:104,6
DA:105,6
DA:106,6
DA:109,1
DA:113,2
DA:118,10
DA:119,10
DA:120,10
DA:121,10
DA:122,10
DA:123,10
DA:126,10
DA:127,10
DA:128,10
DA:130,10
LF:65
LH:61
BRDA:6,0,0,2
BRDA:6,0,1,11
BRDA:6,1,0,13
BRDA:6,1,1,11
BRDA:9,2,0,1
BRDA:9,2,1,10
BRDA:38,3,0,0
BRDA:38,3,1,2
BRDA:38,4,0,2
BRDA:38,4,1,2
BRDA:38,4,2,2
BRDA:54,5,0,0
BRDA:54,5,1,9
BRDA:54,6,0,9
BRDA:54,6,1,9
BRDA:54,6,2,9
BRDA:59,7,0,9
BRDA:59,7,1,0
BRDA:67,8,0,1
BRDA:67,8,1,0
BRDA:73,9,0,3
BRDA:73,9,1,6
BRDA:76,10,0,1
BRDA:76,10,1,5
BRDA:76,11,0,6
BRDA:76,11,1,1
BRDA:78,12,0,1
BRDA:78,12,1,0
BRDA:86,13,0,0
BRDA:86,13,1,9
BRDA:86,14,0,9
BRDA:86,14,1,9
BRDA:86,14,2,9
BRDA:93,15,0,0
BRDA:93,15,1,7
BRDA:94,16,0,7
BRDA:94,16,1,7
BRDA:94,16,2,7
BRDA:94,16,3,0
BRDA:100,17,0,7
BRDA:100,17,1,0
BRDA:101,18,0,6
BRDA:101,18,1,0
BRDA:104,19,0,6
BRDA:104,19,1,0
BRF:45
BRH:34
end_of_record
TN:
SF:clean_adblock/x-twitter-bird.js
FN:8,(anonymous_0)
FN:15,injectCSS
FN:26,(anonymous_2)
FN:51,replaceFavicon
FN:61,(anonymous_4)
FN:79,updateTitle
FN:95,(anonymous_6)
FN:103,(anonymous_7)
FNF:8
FNH:8
FNDA:6,(anonymous_0)
FNDA:6,injectCSS
FNDA:12,(anonymous_2)
FNDA:36,replaceFavicon
FNDA:28,(anonymous_4)
FNDA:36,updateTitle
FNDA:30,(anonymous_6)
FNDA:1,(anonymous_7)
DA:8,6
DA:13,6
DA:16,6
DA:17,6
DA:20,6
DA:25,6
DA:26,6
DA:29,12
DA:47,6
DA:48,6
DA:52,36
DA:53,5
DA:56,31
DA:59,31
DA:61,31
DA:62,28
DA:63,1
DA:64,1
DA:68,31
DA:69,7
DA:70,7
DA:71,7
DA:72,7
DA:73,7
DA:74,7
DA:80,36
DA:81,1
DA:82,35
DA:83,1
DA:88,6
DA:91,6
DA:92,6
DA:95,6
DA:96,30
DA:97,30
DA:100,6
DA:101,5
DA:103,1
DA:104,1
LF:39
LH:39
BRDA:48,0,0,6
BRDA:48,0,1,1
BRDA:52,1,0,5
BRDA:52,1,1,31
BRDA:52,2,0,36
BRDA:52,2,1,31
BRDA:62,3,0,1
BRDA:62,3,1,27
BRDA:68,4,0,7
BRDA:68,4,1,24
BRDA:68,5,0,31
BRDA:68,5,1,30
BRDA:69,6,0,7
BRDA:69,6,1,1
BRDA:70,7,0,7
BRDA:70,7,1,0
BRDA:80,8,0,1
BRDA:80,8,1,35
BRDA:82,9,0,1
BRDA:82,9,1,34
BRDA:100,10,0,5
BRDA:100,10,1,1
BRF:22
BRH:21
end_of_record
